<?xml version="1.0"?><coverage lines-covered="3274" lines-valid="5883" line-rate="0.5565187829338772" branches-covered="0" branches-valid="0" branch-rate="0" complexity="0" version="1.9" timestamp="1775212497"><sources><source>/home/dev/projects/oxcache</source></sources><packages><package name="src/sync" line-rate="0" branch-rate="0" complexity="0"><classes></classes></package><package name="src/traits" line-rate="1" branch-rate="0" complexity="0"><classes><class name="cache_key" filename="src/traits/cache_key.rs" line-rate="1" branch-rate="0" complexity="0"><methods/><lines><line number="54" hits="17"/><line number="55" hits="19"/><line number="60" hits="2"/><line number="61" hits="2"/><line number="66" hits="3"/><line number="67" hits="3"/><line number="72" hits="2"/><line number="73" hits="2"/><line number="78" hits="2"/><line number="79" hits="3"/><line number="84" hits="1"/><line number="85" hits="1"/><line number="90" hits="1"/><line number="91" hits="1"/><line number="96" hits="1"/><line number="97" hits="2"/><line number="102" hits="1"/><line number="103" hits="1"/></lines></class></classes></package><package name="src/http" line-rate="0.5070422535211268" branch-rate="0" complexity="0"><classes><class name="axum" filename="src/http/axum.rs" line-rate="0.140625" branch-rate="0" complexity="0"><methods/><lines><line number="27" hits="1"/><line number="30" hits="1"/><line number="31" hits="1"/><line number="36" hits="0"/><line number="37" hits="0"/><line number="38" hits="0"/><line number="41" hits="1"/><line number="42" hits="2"/><line number="43" hits="1"/><line number="46" hits="1"/><line number="47" hits="2"/><line number="48" hits="1"/><line number="68" hits="0"/><line number="69" hits="0"/><line number="70" hits="0"/><line number="76" hits="0"/><line number="77" hits="0"/><line number="78" hits="0"/><line number="79" hits="0"/><line number="80" hits="0"/><line number="83" hits="0"/><line number="86" hits="0"/><line number="88" hits="0"/><line number="89" hits="0"/><line number="90" hits="0"/><line number="91" hits="0"/><line number="92" hits="0"/><line number="93" hits="0"/><line number="100" hits="0"/><line number="104" hits="0"/><line number="107" hits="0"/><line number="108" hits="0"/><line number="109" hits="0"/><line number="110" hits="0"/><line number="111" hits="0"/><line number="112" hits="0"/><line number="115" hits="0"/><line number="116" hits="0"/><line number="117" hits="0"/><line number="118" hits="0"/><line number="123" hits="0"/><line number="124" hits="0"/><line number="125" hits="0"/><line number="126" hits="0"/><line number="129" hits="0"/><line number="132" hits="0"/><line number="135" hits="0"/><line number="142" hits="0"/><line number="144" hits="0"/><line number="145" hits="0"/><line number="150" hits="0"/><line number="154" hits="0"/><line number="155" hits="0"/><line number="157" hits="0"/><line number="158" hits="0"/><line number="161" hits="0"/><line number="162" hits="0"/><line number="165" hits="0"/><line number="166" hits="0"/><line number="169" hits="0"/><line number="170" hits="0"/><line number="171" hits="0"/><line number="173" hits="0"/><line number="174" hits="0"/></lines></class><class name="mod" filename="src/http/mod.rs" line-rate="0.6644295302013423" branch-rate="0" complexity="0"><methods/><lines><line number="44" hits="1"/><line number="45" hits="1"/><line number="49" hits="1"/><line number="50" hits="1"/><line number="51" hits="1"/><line number="55" hits="0"/><line number="56" hits="0"/><line number="57" hits="0"/><line number="61" hits="1"/><line number="62" hits="1"/><line number="63" hits="1"/><line number="67" hits="0"/><line number="68" hits="0"/><line number="69" hits="0"/><line number="73" hits="1"/><line number="74" hits="1"/><line number="76" hits="1"/><line number="77" hits="2"/><line number="80" hits="2"/><line number="82" hits="2"/><line number="83" hits="1"/><line number="86" hits="1"/><line number="87" hits="0"/><line number="91" hits="2"/><line number="92" hits="0"/><line number="93" hits="0"/><line number="95" hits="0"/><line number="100" hits="1"/><line number="101" hits="1"/><line number="102" hits="1"/><line number="132" hits="1"/><line number="133" hits="1"/><line number="137" hits="1"/><line number="138" hits="2"/><line number="139" hits="1"/><line number="143" hits="1"/><line number="144" hits="1"/><line number="145" hits="1"/><line number="149" hits="1"/><line number="150" hits="1"/><line number="151" hits="1"/><line number="155" hits="0"/><line number="156" hits="0"/><line number="157" hits="0"/><line number="161" hits="1"/><line number="162" hits="1"/><line number="166" hits="1"/><line number="167" hits="1"/><line number="168" hits="0"/><line number="171" hits="2"/><line number="172" hits="2"/><line number="173" hits="2"/><line number="174" hits="1"/><line number="175" hits="1"/><line number="176" hits="1"/><line number="177" hits="1"/><line number="184" hits="0"/><line number="213" hits="0"/><line number="215" hits="0"/><line number="247" hits="1"/><line number="249" hits="2"/><line number="251" hits="1"/><line number="252" hits="1"/><line number="254" hits="1"/><line number="257" hits="1"/><line number="262" hits="1"/><line number="263" hits="3"/><line number="264" hits="4"/><line number="266" hits="2"/><line number="267" hits="1"/><line number="270" hits="2"/><line number="271" hits="2"/><line number="272" hits="1"/><line number="276" hits="1"/><line number="280" hits="1"/><line number="282" hits="2"/><line number="287" hits="2"/><line number="288" hits="2"/><line number="290" hits="0"/><line number="295" hits="1"/><line number="297" hits="1"/><line number="299" hits="2"/><line number="300" hits="1"/><line number="301" hits="1"/><line number="302" hits="1"/><line number="307" hits="4"/><line number="308" hits="2"/><line number="310" hits="0"/><line number="347" hits="1"/><line number="354" hits="1"/><line number="355" hits="2"/><line number="356" hits="1"/><line number="357" hits="1"/><line number="363" hits="2"/><line number="365" hits="2"/><line number="366" hits="1"/><line number="367" hits="1"/><line number="368" hits="1"/><line number="370" hits="0"/><line number="374" hits="0"/><line number="375" hits="0"/><line number="380" hits="1"/><line number="392" hits="1"/><line number="393" hits="1"/><line number="396" hits="1"/><line number="397" hits="2"/><line number="401" hits="2"/><line number="402" hits="2"/><line number="406" hits="1"/><line number="407" hits="1"/><line number="410" hits="1"/><line number="412" hits="1"/><line number="414" hits="1"/><line number="415" hits="1"/><line number="416" hits="1"/><line number="429" hits="0"/><line number="430" hits="0"/><line number="431" hits="0"/><line number="432" hits="0"/><line number="433" hits="0"/><line number="435" hits="0"/><line number="436" hits="0"/><line number="437" hits="0"/><line number="438" hits="0"/><line number="440" hits="0"/><line number="465" hits="1"/><line number="466" hits="1"/><line number="467" hits="1"/><line number="472" hits="1"/><line number="473" hits="1"/><line number="474" hits="1"/><line number="491" hits="0"/><line number="493" hits="0"/><line number="508" hits="0"/><line number="509" hits="0"/><line number="510" hits="0"/><line number="511" hits="0"/><line number="513" hits="0"/><line number="525" hits="0"/><line number="526" hits="0"/><line number="527" hits="0"/><line number="529" hits="0"/><line number="530" hits="0"/><line number="532" hits="0"/><line number="534" hits="0"/><line number="546" hits="0"/><line number="547" hits="0"/><line number="551" hits="0"/><line number="552" hits="0"/></lines></class></classes></package><package name="src/backend/client/moka" line-rate="0.6951219512195121" branch-rate="0" complexity="0"><classes><class name="backend" filename="src/backend/client/moka/backend.rs" line-rate="0.6951219512195121" branch-rate="0" complexity="0"><methods/><lines><line number="28" hits="17"/><line number="29" hits="10"/><line number="33" hits="15"/><line number="34" hits="14"/><line number="38" hits="1"/><line number="39" hits="1"/><line number="43" hits="0"/><line number="44" hits="0"/><line number="48" hits="0"/><line number="49" hits="0"/><line number="54" hits="1"/><line number="55" hits="1"/><line number="60" hits="0"/><line number="61" hits="0"/><line number="62" hits="0"/><line number="63" hits="0"/><line number="70" hits="68"/><line number="71" hits="24"/><line number="74" hits="61"/><line number="78" hits="27"/><line number="79" hits="11"/><line number="82" hits="59"/><line number="83" hits="20"/><line number="84" hits="7"/><line number="87" hits="12"/><line number="88" hits="4"/><line number="91" hits="43"/><line number="92" hits="14"/><line number="93" hits="8"/><line number="96" hits="0"/><line number="97" hits="0"/><line number="98" hits="0"/><line number="101" hits="0"/><line number="103" hits="0"/><line number="106" hits="0"/><line number="108" hits="0"/><line number="111" hits="10"/><line number="113" hits="2"/><line number="116" hits="6"/><line number="117" hits="1"/><line number="118" hits="1"/><line number="119" hits="1"/><line number="120" hits="1"/><line number="121" hits="1"/><line number="124" hits="0"/><line number="128" hits="0"/><line number="129" hits="0"/><line number="132" hits="0"/><line number="133" hits="0"/><line number="136" hits="0"/><line number="137" hits="0"/><line number="142" hits="2"/><line number="146" hits="4"/><line number="150" hits="4"/><line number="154" hits="0"/><line number="169" hits="13"/><line number="170" hits="15"/><line number="171" hits="12"/><line number="175" hits="2"/><line number="176" hits="2"/><line number="177" hits="2"/><line number="181" hits="1"/><line number="182" hits="1"/><line number="183" hits="1"/><line number="187" hits="18"/><line number="189" hits="48"/><line number="190" hits="15"/><line number="192" hits="19"/><line number="195" hits="17"/><line number="197" hits="28"/><line number="198" hits="2"/><line number="201" hits="24"/><line number="202" hits="1"/><line number="205" hits="30"/><line number="212" hits="1"/><line number="213" hits="1"/><line number="217" hits="1"/><line number="218" hits="1"/><line number="222" hits="1"/><line number="223" hits="1"/><line number="227" hits="0"/><line number="228" hits="0"/></lines></class></classes></package><package name="src" line-rate="0.5565187829338772" branch-rate="0" complexity="0"><classes><class name="bloom_filter" filename="src/bloom_filter.rs" line-rate="0.52" branch-rate="0" complexity="0"><methods/><lines><line number="35" hits="3"/><line number="43" hits="6"/><line number="51" hits="2"/><line number="52" hits="7"/><line number="53" hits="7"/><line number="54" hits="7"/><line number="55" hits="7"/><line number="58" hits="2"/><line number="59" hits="4"/><line number="60" hits="7"/><line number="61" hits="9"/><line number="86" hits="6"/><line number="87" hits="10"/><line number="88" hits="6"/><line number="90" hits="6"/><line number="91" hits="6"/><line number="92" hits="20"/><line number="93" hits="6"/><line number="94" hits="6"/><line number="98" hits="6"/><line number="102" hits="7"/><line number="104" hits="13"/><line number="105" hits="13"/><line number="106" hits="13"/><line number="111" hits="4"/><line number="112" hits="4"/><line number="113" hits="6"/><line number="114" hits="13"/><line number="115" hits="13"/><line number="116" hits="7"/><line number="117" hits="13"/><line number="119" hits="6"/><line number="122" hits="2"/><line number="123" hits="2"/><line number="126" hits="4"/><line number="128" hits="8"/><line number="131" hits="4"/><line number="133" hits="8"/><line number="136" hits="4"/><line number="138" hits="5"/><line number="142" hits="4"/><line number="146" hits="8"/><line number="149" hits="4"/><line number="150" hits="8"/><line number="153" hits="4"/><line number="157" hits="4"/><line number="158" hits="4"/><line number="160" hits="8"/><line number="161" hits="4"/><line number="162" hits="4"/><line number="164" hits="4"/><line number="168" hits="4"/><line number="169" hits="3"/><line number="173" hits="2"/><line number="174" hits="4"/><line number="177" hits="4"/><line number="179" hits="4"/><line number="181" hits="8"/><line number="184" hits="4"/><line number="186" hits="14"/><line number="187" hits="2"/><line number="189" hits="4"/><line number="191" hits="8"/><line number="192" hits="4"/><line number="196" hits="8"/><line number="197" hits="8"/><line number="198" hits="4"/><line number="200" hits="8"/><line number="201" hits="4"/><line number="205" hits="4"/><line number="206" hits="4"/><line number="209" hits="0"/><line number="210" hits="0"/><line number="211" hits="0"/><line number="212" hits="0"/><line number="214" hits="0"/><line number="217" hits="2"/><line number="218" hits="2"/><line number="219" hits="2"/><line number="220" hits="2"/><line number="222" hits="2"/><line number="225" hits="1"/><line number="229" hits="1"/><line number="230" hits="1"/><line number="231" hits="3"/><line number="232" hits="1"/><line number="233" hits="1"/><line number="234" hits="1"/><line number="236" hits="1"/><line number="237" hits="1"/><line number="239" hits="0"/><line number="242" hits="1"/><line number="243" hits="1"/><line number="244" hits="1"/><line number="246" hits="0"/><line number="250" hits="1"/><line number="258" hits="2"/><line number="263" hits="1"/><line number="267" hits="0"/><line number="268" hits="0"/><line number="269" hits="0"/><line number="271" hits="0"/><line number="272" hits="0"/><line number="275" hits="0"/><line number="276" hits="0"/><line number="278" hits="0"/><line number="281" hits="0"/><line number="282" hits="0"/><line number="283" hits="0"/><line number="285" hits="0"/><line number="307" hits="0"/><line number="308" hits="0"/><line number="314" hits="0"/><line number="318" hits="0"/><line number="319" hits="0"/><line number="336" hits="0"/><line number="337" hits="0"/><line number="339" hits="0"/><line number="344" hits="0"/><line number="345" hits="0"/><line number="347" hits="0"/><line number="348" hits="0"/><line number="351" hits="0"/><line number="352" hits="0"/><line number="354" hits="0"/><line number="355" hits="0"/><line number="358" hits="0"/><line number="359" hits="0"/><line number="361" hits="0"/><line number="362" hits="0"/><line number="365" hits="0"/><line number="366" hits="0"/><line number="368" hits="0"/><line number="369" hits="0"/><line number="370" hits="0"/><line number="373" hits="0"/><line number="374" hits="0"/><line number="389" hits="0"/><line number="391" hits="0"/><line number="395" hits="0"/><line number="396" hits="0"/><line number="399" hits="0"/><line number="401" hits="0"/><line number="403" hits="0"/><line number="406" hits="0"/><line number="407" hits="0"/><line number="408" hits="0"/><line number="409" hits="0"/><line number="412" hits="0"/><line number="413" hits="0"/><line number="415" hits="0"/><line number="416" hits="0"/><line number="417" hits="0"/><line number="418" hits="0"/><line number="421" hits="0"/><line number="422" hits="0"/><line number="424" hits="0"/><line number="425" hits="0"/><line number="426" hits="0"/><line number="427" hits="0"/><line number="430" hits="0"/><line number="431" hits="0"/><line number="433" hits="0"/><line number="434" hits="0"/><line number="435" hits="0"/><line number="436" hits="0"/><line number="437" hits="0"/><line number="440" hits="0"/><line number="441" hits="0"/><line number="444" hits="0"/><line number="445" hits="0"/><line number="447" hits="0"/><line number="449" hits="0"/><line number="450" hits="0"/><line number="454" hits="0"/></lines></class><class name="error" filename="src/error.rs" line-rate="0.40625" branch-rate="0" complexity="0"><methods/><lines><line number="13" hits="0"/><line number="16" hits="0"/><line number="17" hits="20"/><line number="18" hits="0"/><line number="21" hits="0"/><line number="22" hits="0"/><line number="24" hits="0"/><line number="26" hits="1"/><line number="27" hits="1"/><line number="29" hits="4"/><line number="30" hits="15"/><line number="31" hits="5"/><line number="34" hits="0"/><line number="37" hits="0"/><line number="207" hits="1"/><line number="210" hits="1"/><line number="211" hits="1"/><line number="212" hits="0"/><line number="216" hits="0"/><line number="217" hits="1"/><line number="218" hits="2"/><line number="222" hits="1"/><line number="238" hits="1"/><line number="239" hits="0"/><line number="240" hits="0"/><line number="241" hits="1"/><line number="242" hits="1"/><line number="243" hits="0"/><line number="244" hits="0"/><line number="245" hits="0"/><line number="246" hits="0"/><line number="247" hits="0"/><line number="248" hits="0"/><line number="249" hits="0"/><line number="250" hits="0"/><line number="251" hits="0"/><line number="252" hits="0"/><line number="253" hits="0"/><line number="254" hits="0"/><line number="255" hits="0"/><line number="256" hits="0"/><line number="257" hits="0"/><line number="258" hits="0"/><line number="259" hits="1"/><line number="260" hits="2"/><line number="261" hits="1"/><line number="262" hits="1"/><line number="263" hits="0"/><line number="282" hits="0"/><line number="283" hits="0"/><line number="284" hits="0"/><line number="285" hits="0"/><line number="286" hits="0"/><line number="287" hits="0"/><line number="288" hits="0"/><line number="289" hits="0"/><line number="308" hits="1"/><line number="309" hits="1"/><line number="327" hits="1"/><line number="328" hits="3"/><line number="329" hits="1"/><line number="330" hits="0"/><line number="349" hits="1"/><line number="350" hits="1"/></lines></class><class name="internal" filename="src/internal.rs" line-rate="0" branch-rate="0" complexity="0"><methods/><lines><line number="8" hits="0"/><line number="13" hits="0"/><line number="18" hits="0"/><line number="19" hits="0"/><line number="23" hits="0"/><line number="24" hits="0"/><line number="28" hits="0"/><line number="29" hits="0"/></lines></class><class name="lib" filename="src/lib.rs" line-rate="0.8681318681318682" branch-rate="0" complexity="0"><methods/><lines><line number="185" hits="1"/><line number="186" hits="0"/><line number="187" hits="0"/><line number="188" hits="2"/><line number="204" hits="4"/><line number="205" hits="2"/><line number="206" hits="2"/><line number="207" hits="5"/><line number="208" hits="16"/><line number="209" hits="3"/><line number="210" hits="1"/><line number="211" hits="0"/><line number="212" hits="0"/><line number="213" hits="1"/><line number="214" hits="2"/><line number="215" hits="4"/><line number="216" hits="2"/><line number="217" hits="3"/><line number="233" hits="10"/><line number="234" hits="4"/><line number="235" hits="6"/><line number="236" hits="51"/><line number="237" hits="8"/><line number="238" hits="19"/><line number="239" hits="18"/><line number="240" hits="33"/><line number="241" hits="34"/><line number="242" hits="34"/><line number="243" hits="19"/><line number="244" hits="4"/><line number="245" hits="0"/><line number="246" hits="6"/><line number="247" hits="27"/><line number="248" hits="0"/><line number="249" hits="19"/><line number="250" hits="9"/><line number="256" hits="5"/><line number="257" hits="5"/><line number="258" hits="5"/><line number="259" hits="5"/><line number="260" hits="7"/><line number="277" hits="16"/><line number="278" hits="0"/><line number="279" hits="13"/><line number="280" hits="14"/><line number="281" hits="16"/><line number="282" hits="24"/><line number="283" hits="22"/><line number="284" hits="29"/><line number="285" hits="13"/><line number="286" hits="10"/><line number="299" hits="16"/><line number="300" hits="28"/><line number="301" hits="0"/><line number="302" hits="12"/><line number="303" hits="10"/><line number="304" hits="17"/><line number="305" hits="43"/><line number="306" hits="68"/><line number="307" hits="41"/><line number="308" hits="51"/><line number="324" hits="22"/><line number="325" hits="7"/><line number="326" hits="14"/><line number="327" hits="4"/><line number="328" hits="4"/><line number="329" hits="0"/><line number="330" hits="0"/><line number="331" hits="0"/><line number="332" hits="21"/><line number="333" hits="1"/><line number="334" hits="9"/><line number="335" hits="0"/><line number="337" hits="19"/><line number="352" hits="6"/><line number="353" hits="8"/><line number="354" hits="7"/><line number="355" hits="4"/><line number="356" hits="5"/><line number="357" hits="4"/><line number="369" hits="2"/><line number="370" hits="1"/><line number="371" hits="1"/><line number="372" hits="2"/><line number="373" hits="1"/><line number="374" hits="1"/><line number="386" hits="1"/><line number="387" hits="1"/><line number="388" hits="1"/><line number="389" hits="3"/><line number="390" hits="1"/></lines></class><class name="rate_limiting" filename="src/rate_limiting.rs" line-rate="0.8955223880597015" branch-rate="0" complexity="0"><methods/><lines><line number="31" hits="0"/><line number="55" hits="6"/><line number="56" hits="6"/><line number="58" hits="6"/><line number="59" hits="7"/><line number="66" hits="6"/><line number="69" hits="7"/><line number="70" hits="7"/><line number="71" hits="7"/><line number="75" hits="0"/><line number="77" hits="7"/><line number="86" hits="1"/><line number="87" hits="1"/><line number="93" hits="6"/><line number="94" hits="6"/><line number="97" hits="6"/><line number="98" hits="6"/><line number="99" hits="6"/><line number="101" hits="6"/><line number="102" hits="12"/><line number="104" hits="6"/><line number="105" hits="2"/><line number="110" hits="6"/><line number="112" hits="12"/><line number="117" hits="6"/><line number="118" hits="6"/><line number="120" hits="6"/><line number="131" hits="5"/><line number="132" hits="5"/><line number="133" hits="5"/><line number="134" hits="6"/><line number="135" hits="6"/><line number="136" hits="6"/><line number="138" hits="12"/><line number="157" hits="6"/><line number="159" hits="6"/><line number="160" hits="6"/><line number="176" hits="20"/><line number="177" hits="10"/><line number="180" hits="11"/><line number="181" hits="6"/><line number="182" hits="6"/><line number="183" hits="6"/><line number="187" hits="12"/><line number="189" hits="6"/><line number="190" hits="5"/><line number="192" hits="2"/><line number="195" hits="6"/><line number="196" hits="2"/><line number="198" hits="1"/><line number="201" hits="12"/><line number="202" hits="6"/><line number="204" hits="6"/><line number="208" hits="8"/><line number="210" hits="6"/><line number="212" hits="2"/><line number="213" hits="1"/><line number="214" hits="1"/><line number="215" hits="1"/><line number="219" hits="2"/><line number="221" hits="2"/><line number="222" hits="2"/><line number="250" hits="0"/><line number="251" hits="0"/><line number="255" hits="0"/><line number="262" hits="0"/><line number="263" hits="0"/></lines></class><class name="smart_strategy" filename="src/smart_strategy.rs" line-rate="0.8461538461538461" branch-rate="0" complexity="0"><methods/><lines><line number="66" hits="2"/><line number="92" hits="2"/><line number="94" hits="2"/><line number="95" hits="5"/><line number="97" hits="7"/><line number="98" hits="7"/><line number="103" hits="4"/><line number="104" hits="4"/><line number="105" hits="4"/><line number="106" hits="4"/><line number="110" hits="3"/><line number="111" hits="2"/><line number="112" hits="3"/><line number="113" hits="2"/><line number="117" hits="2"/><line number="118" hits="2"/><line number="119" hits="2"/><line number="120" hits="2"/><line number="121" hits="4"/><line number="122" hits="1"/><line number="124" hits="3"/><line number="129" hits="2"/><line number="130" hits="2"/><line number="131" hits="2"/><line number="132" hits="2"/><line number="133" hits="4"/><line number="134" hits="1"/><line number="136" hits="2"/><line number="141" hits="3"/><line number="142" hits="3"/><line number="146" hits="4"/><line number="147" hits="4"/><line number="148" hits="2"/><line number="149" hits="1"/><line number="150" hits="1"/><line number="155" hits="1"/><line number="157" hits="1"/><line number="158" hits="1"/><line number="159" hits="1"/><line number="160" hits="1"/><line number="161" hits="1"/><line number="162" hits="1"/><line number="167" hits="2"/><line number="168" hits="2"/><line number="169" hits="2"/><line number="170" hits="2"/><line number="171" hits="2"/><line number="195" hits="3"/><line number="197" hits="3"/><line number="204" hits="2"/><line number="205" hits="2"/><line number="206" hits="0"/><line number="210" hits="2"/><line number="211" hits="2"/><line number="213" hits="4"/><line number="214" hits="0"/><line number="218" hits="6"/><line number="222" hits="4"/><line number="225" hits="5"/><line number="228" hits="8"/><line number="229" hits="3"/><line number="230" hits="3"/><line number="232" hits="4"/><line number="236" hits="3"/><line number="237" hits="3"/><line number="238" hits="0"/><line number="242" hits="3"/><line number="243" hits="9"/><line number="244" hits="6"/><line number="248" hits="3"/><line number="249" hits="3"/><line number="251" hits="8"/><line number="252" hits="9"/><line number="253" hits="4"/><line number="254" hits="5"/><line number="258" hits="4"/><line number="263" hits="2"/><line number="282" hits="2"/><line number="284" hits="2"/><line number="285" hits="2"/><line number="286" hits="7"/><line number="287" hits="3"/><line number="292" hits="1"/><line number="293" hits="1"/><line number="294" hits="1"/><line number="296" hits="1"/><line number="301" hits="3"/><line number="302" hits="3"/><line number="303" hits="1"/><line number="307" hits="2"/><line number="308" hits="2"/><line number="309" hits="2"/><line number="311" hits="4"/><line number="312" hits="3"/><line number="313" hits="0"/><line number="318" hits="3"/><line number="322" hits="0"/><line number="323" hits="0"/><line number="324" hits="0"/><line number="325" hits="0"/><line number="327" hits="0"/><line number="331" hits="0"/><line number="332" hits="0"/><line number="336" hits="1"/><line number="337" hits="1"/><line number="341" hits="3"/><line number="355" hits="2"/><line number="357" hits="2"/><line number="358" hits="3"/><line number="361" hits="3"/><line number="362" hits="3"/><line number="367" hits="3"/><line number="368" hits="3"/><line number="369" hits="2"/><line number="373" hits="2"/><line number="374" hits="2"/><line number="378" hits="2"/><line number="379" hits="2"/><line number="383" hits="0"/><line number="384" hits="0"/><line number="398" hits="1"/><line number="399" hits="2"/><line number="401" hits="1"/><line number="402" hits="4"/><line number="408" hits="1"/><line number="409" hits="1"/><line number="413" hits="0"/><line number="414" hits="0"/><line number="418" hits="0"/><line number="419" hits="0"/><line number="423" hits="0"/><line number="424" hits="0"/><line number="428" hits="1"/><line number="429" hits="1"/><line number="433" hits="0"/><line number="438" hits="0"/><line number="439" hits="0"/><line number="443" hits="1"/><line number="444" hits="1"/><line number="446" hits="1"/><line number="447" hits="1"/><line number="451" hits="1"/><line number="452" hits="1"/></lines></class><class name="telemetry" filename="src/telemetry.rs" line-rate="0" branch-rate="0" complexity="0"><methods/><lines><line number="26" hits="0"/><line number="28" hits="0"/><line number="35" hits="0"/><line number="42" hits="0"/><line number="44" hits="0"/><line number="47" hits="0"/><line number="50" hits="0"/><line number="55" hits="0"/></lines></class></classes></package><package name="benches" line-rate="0" branch-rate="0" complexity="0"><classes></classes></package><package name="src/database" line-rate="0.4724199288256228" branch-rate="0" complexity="0"><classes><class name="common" filename="src/database/common.rs" line-rate="0.9459459459459459" branch-rate="0" complexity="0"><methods/><lines><line number="43" hits="0"/><line number="68" hits="1"/><line number="69" hits="1"/><line number="87" hits="10"/><line number="91" hits="5"/><line number="92" hits="10"/><line number="93" hits="2"/><line number="96" hits="5"/><line number="97" hits="5"/><line number="98" hits="0"/><line number="99" hits="10"/><line number="100" hits="10"/><line number="105" hits="5"/><line number="106" hits="3"/><line number="109" hits="3"/><line number="110" hits="4"/><line number="113" hits="4"/><line number="114" hits="2"/><line number="116" hits="2"/><line number="120" hits="3"/><line number="121" hits="3"/><line number="122" hits="2"/><line number="126" hits="3"/><line number="127" hits="2"/><line number="129" hits="1"/><line number="131" hits="2"/><line number="135" hits="4"/><line number="136" hits="2"/><line number="137" hits="2"/><line number="140" hits="2"/><line number="143" hits="1"/><line number="147" hits="8"/><line number="148" hits="5"/><line number="149" hits="6"/><line number="150" hits="6"/><line number="153" hits="6"/><line number="156" hits="6"/></lines></class><class name="connection_string" filename="src/database/connection_string.rs" line-rate="0.6715686274509803" branch-rate="0" complexity="0"><methods/><lines><line number="26" hits="0"/><line number="27" hits="0"/><line number="28" hits="0"/><line number="29" hits="0"/><line number="30" hits="0"/><line number="31" hits="0"/><line number="32" hits="0"/><line number="33" hits="0"/><line number="34" hits="0"/><line number="35" hits="0"/><line number="37" hits="0"/><line number="69" hits="5"/><line number="70" hits="9"/><line number="71" hits="19"/><line number="72" hits="19"/><line number="73" hits="10"/><line number="74" hits="8"/><line number="76" hits="2"/><line number="78" hits="4"/><line number="80" hits="5"/><line number="81" hits="11"/><line number="82" hits="2"/><line number="83" hits="12"/><line number="84" hits="0"/><line number="85" hits="19"/><line number="86" hits="12"/><line number="88" hits="1"/><line number="90" hits="6"/><line number="93" hits="7"/><line number="111" hits="1"/><line number="112" hits="1"/><line number="113" hits="1"/><line number="114" hits="1"/><line number="115" hits="1"/><line number="116" hits="1"/><line number="118" hits="3"/><line number="119" hits="2"/><line number="120" hits="1"/><line number="121" hits="2"/><line number="122" hits="1"/><line number="123" hits="3"/><line number="124" hits="1"/><line number="126" hits="2"/><line number="128" hits="1"/><line number="131" hits="2"/><line number="132" hits="5"/><line number="133" hits="1"/><line number="136" hits="4"/><line number="137" hits="4"/><line number="138" hits="8"/><line number="139" hits="2"/><line number="140" hits="2"/><line number="141" hits="1"/><line number="142" hits="1"/><line number="146" hits="3"/><line number="147" hits="12"/><line number="148" hits="2"/><line number="149" hits="2"/><line number="150" hits="1"/><line number="151" hits="1"/><line number="158" hits="6"/><line number="170" hits="1"/><line number="171" hits="2"/><line number="172" hits="1"/><line number="173" hits="0"/><line number="174" hits="0"/><line number="176" hits="0"/><line number="178" hits="1"/><line number="179" hits="1"/><line number="180" hits="0"/><line number="181" hits="1"/><line number="182" hits="1"/><line number="184" hits="2"/><line number="185" hits="3"/><line number="186" hits="1"/><line number="187" hits="2"/><line number="188" hits="1"/><line number="189" hits="3"/><line number="190" hits="1"/><line number="192" hits="2"/><line number="194" hits="0"/><line number="197" hits="1"/><line number="198" hits="2"/><line number="199" hits="1"/><line number="201" hits="3"/><line number="202" hits="2"/><line number="203" hits="1"/><line number="206" hits="1"/><line number="207" hits="1"/><line number="208" hits="1"/><line number="209" hits="0"/><line number="212" hits="2"/><line number="213" hits="1"/><line number="214" hits="3"/><line number="215" hits="2"/><line number="216" hits="2"/><line number="217" hits="1"/><line number="218" hits="1"/><line number="225" hits="2"/><line number="237" hits="1"/><line number="238" hits="1"/><line number="239" hits="1"/><line number="240" hits="1"/><line number="242" hits="3"/><line number="244" hits="3"/><line number="245" hits="1"/><line number="247" hits="2"/><line number="249" hits="1"/><line number="252" hits="1"/><line number="253" hits="1"/><line number="254" hits="2"/><line number="255" hits="2"/><line number="256" hits="3"/><line number="257" hits="1"/><line number="258" hits="1"/><line number="265" hits="4"/><line number="272" hits="1"/><line number="277" hits="8"/><line number="278" hits="7"/><line number="279" hits="18"/><line number="280" hits="9"/><line number="281" hits="12"/><line number="282" hits="4"/><line number="283" hits="12"/><line number="284" hits="2"/><line number="285" hits="12"/><line number="286" hits="3"/><line number="288" hits="10"/><line number="294" hits="9"/><line number="295" hits="13"/><line number="296" hits="5"/><line number="300" hits="10"/><line number="301" hits="3"/><line number="302" hits="17"/><line number="303" hits="10"/><line number="305" hits="0"/><line number="328" hits="1"/><line number="333" hits="1"/><line number="334" hits="1"/><line number="339" hits="0"/><line number="342" hits="0"/><line number="343" hits="0"/><line number="345" hits="0"/><line number="350" hits="1"/><line number="351" hits="1"/><line number="352" hits="1"/><line number="384" hits="4"/><line number="385" hits="8"/><line number="386" hits="9"/><line number="387" hits="12"/><line number="388" hits="2"/><line number="389" hits="0"/><line number="390" hits="2"/><line number="395" hits="8"/><line number="396" hits="5"/><line number="397" hits="8"/><line number="398" hits="2"/><line number="400" hits="12"/><line number="401" hits="9"/><line number="405" hits="10"/><line number="406" hits="11"/><line number="407" hits="5"/><line number="409" hits="0"/><line number="412" hits="0"/><line number="415" hits="19"/><line number="416" hits="5"/><line number="418" hits="0"/><line number="419" hits="0"/><line number="424" hits="1"/><line number="425" hits="1"/><line number="427" hits="1"/><line number="428" hits="2"/><line number="429" hits="1"/><line number="430" hits="1"/><line number="431" hits="1"/><line number="432" hits="0"/><line number="434" hits="2"/><line number="437" hits="2"/><line number="440" hits="2"/><line number="441" hits="2"/><line number="444" hits="1"/><line number="445" hits="0"/><line number="446" hits="0"/><line number="449" hits="2"/><line number="450" hits="1"/><line number="451" hits="1"/><line number="454" hits="2"/><line number="455" hits="0"/><line number="456" hits="0"/><line number="457" hits="0"/><line number="460" hits="1"/><line number="464" hits="0"/><line number="465" hits="0"/><line number="467" hits="0"/><line number="468" hits="0"/><line number="469" hits="0"/><line number="470" hits="0"/><line number="471" hits="0"/><line number="472" hits="0"/><line number="474" hits="0"/><line number="477" hits="0"/><line number="480" hits="0"/><line number="481" hits="0"/><line number="484" hits="0"/><line number="485" hits="0"/><line number="486" hits="0"/><line number="489" hits="0"/><line number="490" hits="0"/><line number="491" hits="0"/><line number="494" hits="0"/><line number="495" hits="0"/><line number="496" hits="0"/><line number="497" hits="0"/><line number="500" hits="0"/><line number="504" hits="1"/><line number="505" hits="1"/><line number="507" hits="1"/><line number="508" hits="1"/><line number="509" hits="1"/><line number="510" hits="1"/><line number="513" hits="2"/><line number="514" hits="2"/><line number="517" hits="2"/><line number="518" hits="1"/><line number="519" hits="1"/><line number="522" hits="1"/><line number="532" hits="1"/><line number="533" hits="1"/><line number="534" hits="2"/><line number="535" hits="1"/><line number="536" hits="1"/><line number="538" hits="1"/><line number="540" hits="1"/><line number="541" hits="2"/><line number="542" hits="2"/><line number="543" hits="2"/><line number="545" hits="0"/><line number="548" hits="2"/><line number="549" hits="2"/><line number="550" hits="0"/><line number="551" hits="2"/><line number="552" hits="0"/><line number="559" hits="0"/><line number="560" hits="0"/><line number="565" hits="3"/><line number="566" hits="2"/><line number="567" hits="2"/><line number="569" hits="0"/><line number="580" hits="0"/><line number="581" hits="0"/><line number="582" hits="0"/><line number="583" hits="0"/><line number="584" hits="0"/><line number="585" hits="0"/><line number="590" hits="1"/><line number="592" hits="1"/><line number="593" hits="1"/><line number="594" hits="0"/><line number="595" hits="0"/><line number="596" hits="0"/><line number="598" hits="0"/><line number="603" hits="0"/><line number="605" hits="0"/><line number="606" hits="0"/><line number="607" hits="0"/><line number="609" hits="0"/><line number="610" hits="0"/><line number="611" hits="0"/><line number="613" hits="0"/><line number="614" hits="0"/><line number="615" hits="0"/><line number="616" hits="0"/><line number="618" hits="0"/><line number="623" hits="0"/><line number="625" hits="0"/><line number="626" hits="0"/><line number="627" hits="0"/><line number="629" hits="0"/><line number="630" hits="0"/><line number="631" hits="0"/><line number="633" hits="0"/><line number="634" hits="0"/><line number="635" hits="0"/><line number="636" hits="0"/><line number="641" hits="0"/><line number="646" hits="0"/><line number="647" hits="0"/><line number="648" hits="0"/><line number="651" hits="0"/><line number="652" hits="0"/><line number="653" hits="0"/><line number="654" hits="0"/><line number="655" hits="0"/><line number="656" hits="0"/><line number="661" hits="0"/><line number="664" hits="0"/><line number="671" hits="1"/><line number="672" hits="1"/><line number="673" hits="2"/><line number="674" hits="0"/><line number="676" hits="1"/><line number="677" hits="1"/><line number="679" hits="1"/><line number="683" hits="5"/><line number="684" hits="4"/><line number="685" hits="7"/><line number="687" hits="10"/><line number="688" hits="10"/><line number="689" hits="0"/><line number="690" hits="0"/><line number="691" hits="0"/><line number="692" hits="0"/><line number="693" hits="0"/><line number="694" hits="0"/><line number="695" hits="0"/><line number="696" hits="0"/><line number="697" hits="0"/><line number="698" hits="0"/><line number="699" hits="0"/><line number="700" hits="0"/><line number="701" hits="0"/><line number="702" hits="0"/><line number="703" hits="0"/><line number="705" hits="2"/><line number="718" hits="3"/><line number="719" hits="3"/><line number="721" hits="2"/><line number="722" hits="1"/><line number="723" hits="1"/><line number="724" hits="2"/><line number="725" hits="2"/><line number="727" hits="0"/><line number="730" hits="2"/><line number="731" hits="10"/><line number="732" hits="3"/><line number="733" hits="2"/><line number="738" hits="8"/><line number="740" hits="0"/><line number="743" hits="2"/><line number="769" hits="1"/><line number="770" hits="1"/><line number="771" hits="1"/><line number="772" hits="2"/><line number="773" hits="2"/><line number="774" hits="2"/><line number="775" hits="2"/><line number="780" hits="1"/><line number="782" hits="1"/><line number="786" hits="1"/><line number="787" hits="1"/><line number="789" hits="1"/><line number="790" hits="2"/><line number="791" hits="1"/><line number="792" hits="1"/><line number="793" hits="1"/><line number="794" hits="2"/><line number="796" hits="2"/><line number="799" hits="2"/><line number="802" hits="2"/><line number="803" hits="2"/><line number="806" hits="1"/><line number="807" hits="0"/><line number="808" hits="0"/><line number="811" hits="2"/><line number="812" hits="1"/><line number="813" hits="1"/><line number="816" hits="2"/><line number="817" hits="0"/><line number="818" hits="0"/><line number="819" hits="0"/><line number="822" hits="1"/><line number="826" hits="1"/><line number="827" hits="1"/><line number="829" hits="1"/><line number="830" hits="2"/><line number="831" hits="1"/><line number="832" hits="1"/><line number="833" hits="1"/><line number="834" hits="2"/><line number="836" hits="2"/><line number="839" hits="2"/><line number="842" hits="2"/><line number="843" hits="2"/><line number="846" hits="2"/><line number="847" hits="1"/><line number="848" hits="1"/><line number="851" hits="2"/><line number="852" hits="1"/><line number="853" hits="1"/><line number="856" hits="2"/><line number="857" hits="0"/><line number="858" hits="0"/><line number="859" hits="0"/><line number="862" hits="1"/><line number="866" hits="1"/><line number="867" hits="1"/><line number="869" hits="1"/><line number="870" hits="1"/><line number="871" hits="1"/><line number="872" hits="2"/><line number="874" hits="2"/><line number="876" hits="2"/><line number="879" hits="2"/><line number="880" hits="2"/><line number="883" hits="2"/><line number="884" hits="1"/><line number="885" hits="1"/><line number="888" hits="1"/></lines></class><class name="mod" filename="src/database/mod.rs" line-rate="0" branch-rate="0" complexity="0"><methods/><lines><line number="33" hits="0"/><line number="34" hits="0"/><line number="35" hits="0"/><line number="36" hits="0"/><line number="37" hits="0"/><line number="39" hits="0"/></lines></class><class name="mysql" filename="src/database/mysql.rs" line-rate="0.07441860465116279" branch-rate="0" complexity="0"><methods/><lines><line number="40" hits="4"/><line number="41" hits="2"/><line number="42" hits="1"/><line number="44" hits="1"/><line number="45" hits="1"/><line number="46" hits="1"/><line number="47" hits="1"/><line number="49" hits="1"/><line number="50" hits="2"/><line number="51" hits="0"/><line number="52" hits="1"/><line number="54" hits="2"/><line number="55" hits="2"/><line number="56" hits="2"/><line number="59" hits="3"/><line number="60" hits="1"/><line number="63" hits="0"/><line number="65" hits="2"/><line number="71" hits="0"/><line number="72" hits="0"/><line number="77" hits="0"/><line number="79" hits="0"/><line number="81" hits="0"/><line number="82" hits="0"/><line number="83" hits="0"/><line number="84" hits="0"/><line number="89" hits="0"/><line number="90" hits="0"/><line number="97" hits="0"/><line number="98" hits="0"/><line number="99" hits="0"/><line number="101" hits="0"/><line number="105" hits="0"/><line number="106" hits="0"/><line number="107" hits="0"/><line number="109" hits="0"/><line number="111" hits="0"/><line number="112" hits="0"/><line number="113" hits="0"/><line number="118" hits="0"/><line number="122" hits="0"/><line number="123" hits="0"/><line number="127" hits="0"/><line number="128" hits="0"/><line number="129" hits="0"/><line number="131" hits="0"/><line number="132" hits="0"/><line number="134" hits="0"/><line number="135" hits="0"/><line number="136" hits="0"/><line number="137" hits="0"/><line number="139" hits="0"/><line number="140" hits="0"/><line number="141" hits="0"/><line number="144" hits="0"/><line number="145" hits="0"/><line number="148" hits="0"/><line number="150" hits="0"/><line number="156" hits="0"/><line number="157" hits="0"/><line number="162" hits="0"/><line number="164" hits="0"/><line number="166" hits="0"/><line number="167" hits="0"/><line number="168" hits="0"/><line number="169" hits="0"/><line number="171" hits="0"/><line number="177" hits="0"/><line number="178" hits="0"/><line number="180" hits="0"/><line number="181" hits="0"/><line number="182" hits="0"/><line number="184" hits="0"/><line number="186" hits="0"/><line number="189" hits="0"/><line number="190" hits="0"/><line number="192" hits="0"/><line number="194" hits="0"/><line number="197" hits="0"/><line number="200" hits="0"/><line number="202" hits="0"/><line number="205" hits="0"/><line number="207" hits="0"/><line number="208" hits="0"/><line number="211" hits="0"/><line number="212" hits="0"/><line number="215" hits="0"/><line number="218" hits="0"/><line number="220" hits="0"/><line number="221" hits="0"/><line number="222" hits="0"/><line number="223" hits="0"/><line number="225" hits="0"/><line number="230" hits="0"/><line number="233" hits="0"/><line number="234" hits="0"/><line number="237" hits="0"/><line number="240" hits="0"/><line number="241" hits="0"/><line number="242" hits="0"/><line number="243" hits="0"/><line number="246" hits="0"/><line number="249" hits="0"/><line number="250" hits="0"/><line number="252" hits="0"/><line number="255" hits="0"/><line number="257" hits="0"/><line number="258" hits="0"/><line number="259" hits="0"/><line number="260" hits="0"/><line number="264" hits="0"/><line number="266" hits="0"/><line number="267" hits="0"/><line number="272" hits="0"/><line number="273" hits="0"/><line number="274" hits="0"/><line number="276" hits="0"/><line number="279" hits="0"/><line number="281" hits="0"/><line number="283" hits="0"/><line number="292" hits="0"/><line number="294" hits="0"/><line number="296" hits="0"/><line number="297" hits="0"/><line number="298" hits="0"/><line number="299" hits="0"/><line number="302" hits="0"/><line number="305" hits="0"/><line number="309" hits="0"/><line number="312" hits="0"/><line number="314" hits="0"/><line number="315" hits="0"/><line number="317" hits="0"/><line number="319" hits="0"/><line number="320" hits="0"/><line number="323" hits="0"/><line number="324" hits="0"/><line number="325" hits="0"/><line number="327" hits="0"/><line number="330" hits="0"/><line number="331" hits="0"/><line number="334" hits="0"/><line number="335" hits="0"/><line number="337" hits="0"/><line number="338" hits="0"/><line number="341" hits="0"/><line number="344" hits="0"/><line number="345" hits="0"/><line number="351" hits="0"/><line number="353" hits="0"/><line number="354" hits="0"/><line number="358" hits="0"/><line number="359" hits="0"/><line number="360" hits="0"/><line number="365" hits="0"/><line number="366" hits="0"/><line number="373" hits="0"/><line number="376" hits="0"/><line number="377" hits="0"/><line number="378" hits="0"/><line number="385" hits="0"/><line number="391" hits="0"/><line number="392" hits="0"/><line number="393" hits="0"/><line number="399" hits="0"/><line number="403" hits="0"/><line number="404" hits="0"/><line number="408" hits="0"/><line number="410" hits="0"/><line number="411" hits="0"/><line number="412" hits="0"/><line number="415" hits="0"/><line number="416" hits="0"/><line number="418" hits="0"/><line number="421" hits="0"/><line number="422" hits="0"/><line number="424" hits="0"/><line number="425" hits="0"/><line number="430" hits="0"/><line number="433" hits="0"/><line number="434" hits="0"/><line number="435" hits="0"/><line number="436" hits="0"/><line number="437" hits="0"/><line number="438" hits="0"/><line number="441" hits="0"/><line number="445" hits="0"/><line number="453" hits="0"/><line number="454" hits="0"/><line number="455" hits="0"/><line number="457" hits="0"/><line number="460" hits="0"/><line number="464" hits="0"/><line number="466" hits="0"/><line number="467" hits="0"/><line number="468" hits="0"/><line number="471" hits="0"/><line number="478" hits="0"/><line number="480" hits="0"/><line number="481" hits="0"/><line number="482" hits="0"/><line number="483" hits="0"/><line number="484" hits="0"/><line number="485" hits="0"/><line number="486" hits="0"/><line number="490" hits="0"/><line number="491" hits="0"/><line number="492" hits="0"/><line number="493" hits="0"/><line number="494" hits="0"/><line number="495" hits="0"/><line number="496" hits="0"/><line number="497" hits="0"/><line number="498" hits="0"/><line number="504" hits="0"/></lines></class><class name="postgresql" filename="src/database/postgresql.rs" line-rate="0.10734463276836158" branch-rate="0" complexity="0"><methods/><lines><line number="30" hits="0"/><line number="31" hits="0"/><line number="32" hits="0"/><line number="34" hits="0"/><line number="48" hits="4"/><line number="49" hits="2"/><line number="50" hits="1"/><line number="52" hits="1"/><line number="53" hits="2"/><line number="54" hits="2"/><line number="55" hits="2"/><line number="57" hits="2"/><line number="58" hits="12"/><line number="59" hits="5"/><line number="60" hits="4"/><line number="62" hits="4"/><line number="63" hits="4"/><line number="64" hits="6"/><line number="65" hits="2"/><line number="66" hits="6"/><line number="67" hits="2"/><line number="68" hits="2"/><line number="70" hits="0"/><line number="72" hits="4"/><line number="78" hits="0"/><line number="80" hits="0"/><line number="81" hits="0"/><line number="82" hits="0"/><line number="83" hits="0"/><line number="88" hits="0"/><line number="89" hits="0"/><line number="95" hits="0"/><line number="96" hits="0"/><line number="100" hits="0"/><line number="101" hits="0"/><line number="102" hits="0"/><line number="106" hits="0"/><line number="107" hits="0"/><line number="114" hits="0"/><line number="115" hits="0"/><line number="116" hits="0"/><line number="121" hits="0"/><line number="122" hits="0"/><line number="123" hits="0"/><line number="179" hits="0"/><line number="180" hits="0"/><line number="181" hits="0"/><line number="187" hits="0"/><line number="191" hits="0"/><line number="192" hits="0"/><line number="193" hits="0"/><line number="195" hits="0"/><line number="199" hits="0"/><line number="200" hits="0"/><line number="201" hits="0"/><line number="203" hits="0"/><line number="205" hits="0"/><line number="206" hits="0"/><line number="207" hits="0"/><line number="211" hits="0"/><line number="212" hits="0"/><line number="213" hits="0"/><line number="215" hits="0"/><line number="216" hits="0"/><line number="218" hits="0"/><line number="219" hits="0"/><line number="221" hits="0"/><line number="222" hits="0"/><line number="223" hits="0"/><line number="224" hits="0"/><line number="225" hits="0"/><line number="226" hits="0"/><line number="227" hits="0"/><line number="228" hits="0"/><line number="230" hits="0"/><line number="232" hits="0"/><line number="238" hits="0"/><line number="240" hits="0"/><line number="242" hits="0"/><line number="243" hits="0"/><line number="244" hits="0"/><line number="246" hits="0"/><line number="250" hits="0"/><line number="251" hits="0"/><line number="254" hits="0"/><line number="257" hits="0"/><line number="258" hits="0"/><line number="259" hits="0"/><line number="260" hits="0"/><line number="261" hits="0"/><line number="262" hits="0"/><line number="264" hits="0"/><line number="268" hits="0"/><line number="269" hits="0"/><line number="271" hits="0"/><line number="275" hits="0"/><line number="278" hits="0"/><line number="280" hits="0"/><line number="282" hits="0"/><line number="283" hits="0"/><line number="284" hits="0"/><line number="291" hits="0"/><line number="296" hits="0"/><line number="300" hits="0"/><line number="301" hits="0"/><line number="303" hits="0"/><line number="309" hits="0"/><line number="310" hits="0"/><line number="311" hits="0"/><line number="313" hits="0"/><line number="314" hits="0"/><line number="316" hits="0"/><line number="318" hits="0"/><line number="319" hits="0"/><line number="320" hits="0"/><line number="325" hits="0"/><line number="329" hits="0"/><line number="330" hits="0"/><line number="332" hits="0"/><line number="333" hits="0"/><line number="334" hits="0"/><line number="336" hits="0"/><line number="339" hits="0"/><line number="342" hits="0"/><line number="343" hits="0"/><line number="347" hits="0"/><line number="348" hits="0"/><line number="352" hits="0"/><line number="354" hits="0"/><line number="355" hits="0"/><line number="356" hits="0"/><line number="357" hits="0"/><line number="360" hits="0"/><line number="363" hits="0"/><line number="364" hits="0"/><line number="375" hits="0"/><line number="376" hits="0"/><line number="377" hits="0"/><line number="383" hits="0"/><line number="384" hits="0"/><line number="385" hits="0"/><line number="386" hits="0"/><line number="388" hits="0"/><line number="389" hits="0"/><line number="390" hits="0"/><line number="395" hits="0"/><line number="398" hits="0"/><line number="399" hits="0"/><line number="402" hits="0"/><line number="405" hits="0"/><line number="407" hits="0"/><line number="408" hits="0"/><line number="409" hits="0"/><line number="411" hits="0"/><line number="414" hits="0"/><line number="415" hits="0"/><line number="418" hits="0"/><line number="419" hits="0"/><line number="421" hits="0"/><line number="422" hits="0"/><line number="425" hits="0"/><line number="428" hits="0"/><line number="429" hits="0"/><line number="434" hits="0"/><line number="443" hits="0"/><line number="447" hits="0"/><line number="448" hits="0"/><line number="449" hits="0"/><line number="452" hits="0"/><line number="457" hits="0"/><line number="463" hits="0"/><line number="464" hits="0"/><line number="465" hits="0"/><line number="466" hits="0"/><line number="467" hits="0"/><line number="469" hits="0"/><line number="472" hits="0"/></lines></class><class name="sqlite" filename="src/database/sqlite.rs" line-rate="0.7013574660633484" branch-rate="0" complexity="0"><methods/><lines><line number="23" hits="2"/><line number="24" hits="3"/><line number="25" hits="0"/><line number="29" hits="2"/><line number="30" hits="0"/><line number="31" hits="0"/><line number="35" hits="3"/><line number="36" hits="3"/><line number="38" hits="2"/><line number="41" hits="2"/><line number="42" hits="0"/><line number="49" hits="5"/><line number="50" hits="5"/><line number="51" hits="0"/><line number="59" hits="2"/><line number="66" hits="3"/><line number="67" hits="5"/><line number="68" hits="0"/><line number="74" hits="2"/><line number="79" hits="3"/><line number="81" hits="2"/><line number="84" hits="3"/><line number="85" hits="5"/><line number="88" hits="6"/><line number="89" hits="4"/><line number="90" hits="2"/><line number="91" hits="2"/><line number="93" hits="2"/><line number="94" hits="1"/><line number="96" hits="1"/><line number="98" hits="3"/><line number="100" hits="0"/><line number="101" hits="0"/><line number="103" hits="0"/><line number="105" hits="0"/><line number="107" hits="0"/><line number="110" hits="2"/><line number="111" hits="1"/><line number="112" hits="3"/><line number="116" hits="1"/><line number="117" hits="2"/><line number="118" hits="1"/><line number="119" hits="2"/><line number="122" hits="10"/><line number="123" hits="19"/><line number="124" hits="2"/><line number="126" hits="3"/><line number="128" hits="14"/><line number="129" hits="5"/><line number="130" hits="5"/><line number="133" hits="12"/><line number="137" hits="24"/><line number="138" hits="3"/><line number="139" hits="0"/><line number="140" hits="6"/><line number="142" hits="18"/><line number="143" hits="3"/><line number="145" hits="3"/><line number="146" hits="0"/><line number="147" hits="6"/><line number="151" hits="4"/><line number="155" hits="12"/><line number="156" hits="2"/><line number="157" hits="0"/><line number="158" hits="2"/><line number="160" hits="7"/><line number="161" hits="1"/><line number="163" hits="1"/><line number="164" hits="7"/><line number="165" hits="0"/><line number="167" hits="1"/><line number="173" hits="0"/><line number="174" hits="0"/><line number="177" hits="17"/><line number="179" hits="6"/><line number="181" hits="2"/><line number="184" hits="2"/><line number="186" hits="5"/><line number="187" hits="3"/><line number="188" hits="3"/><line number="190" hits="2"/><line number="192" hits="2"/><line number="193" hits="3"/><line number="195" hits="0"/><line number="196" hits="0"/><line number="200" hits="7"/><line number="202" hits="5"/><line number="203" hits="5"/><line number="204" hits="10"/><line number="205" hits="5"/><line number="208" hits="10"/><line number="209" hits="10"/><line number="210" hits="5"/><line number="211" hits="5"/><line number="213" hits="5"/><line number="215" hits="5"/><line number="216" hits="5"/><line number="218" hits="0"/><line number="219" hits="0"/><line number="222" hits="11"/><line number="225" hits="2"/><line number="226" hits="14"/><line number="227" hits="1"/><line number="228" hits="0"/><line number="229" hits="0"/><line number="231" hits="10"/><line number="234" hits="1"/><line number="235" hits="4"/><line number="236" hits="5"/><line number="241" hits="9"/><line number="244" hits="1"/><line number="247" hits="26"/><line number="248" hits="4"/><line number="251" hits="4"/><line number="252" hits="1"/><line number="254" hits="2"/><line number="255" hits="4"/><line number="256" hits="2"/><line number="259" hits="4"/><line number="260" hits="4"/><line number="263" hits="2"/><line number="264" hits="6"/><line number="267" hits="2"/><line number="268" hits="8"/><line number="269" hits="2"/><line number="270" hits="0"/><line number="271" hits="0"/><line number="273" hits="8"/><line number="275" hits="4"/><line number="276" hits="2"/><line number="285" hits="6"/><line number="288" hits="3"/><line number="293" hits="5"/><line number="296" hits="2"/><line number="302" hits="10"/><line number="303" hits="2"/><line number="304" hits="0"/><line number="305" hits="0"/><line number="307" hits="7"/><line number="310" hits="4"/><line number="311" hits="0"/><line number="314" hits="1"/><line number="315" hits="0"/><line number="317" hits="0"/><line number="318" hits="0"/><line number="319" hits="0"/><line number="322" hits="0"/><line number="325" hits="0"/><line number="326" hits="0"/><line number="328" hits="0"/><line number="329" hits="0"/><line number="331" hits="0"/><line number="336" hits="0"/><line number="339" hits="4"/><line number="340" hits="7"/><line number="342" hits="2"/><line number="343" hits="6"/><line number="345" hits="2"/><line number="350" hits="6"/><line number="353" hits="1"/><line number="356" hits="11"/><line number="358" hits="4"/><line number="362" hits="3"/><line number="363" hits="4"/><line number="365" hits="2"/><line number="373" hits="4"/><line number="375" hits="9"/><line number="377" hits="3"/><line number="378" hits="5"/><line number="379" hits="2"/><line number="383" hits="3"/><line number="384" hits="5"/><line number="385" hits="0"/><line number="387" hits="0"/><line number="390" hits="0"/><line number="391" hits="0"/><line number="393" hits="0"/><line number="394" hits="0"/><line number="397" hits="0"/><line number="400" hits="0"/><line number="402" hits="0"/><line number="403" hits="0"/><line number="404" hits="0"/><line number="405" hits="0"/><line number="406" hits="0"/><line number="407" hits="0"/><line number="413" hits="3"/><line number="416" hits="0"/><line number="418" hits="0"/><line number="420" hits="0"/><line number="421" hits="0"/><line number="422" hits="0"/><line number="423" hits="0"/><line number="426" hits="8"/><line number="427" hits="2"/><line number="429" hits="3"/><line number="430" hits="2"/><line number="432" hits="1"/><line number="433" hits="3"/><line number="435" hits="4"/><line number="436" hits="4"/><line number="437" hits="5"/><line number="438" hits="1"/><line number="440" hits="1"/><line number="441" hits="0"/><line number="442" hits="0"/><line number="443" hits="0"/><line number="444" hits="0"/><line number="445" hits="0"/><line number="446" hits="0"/><line number="447" hits="0"/><line number="450" hits="3"/><line number="451" hits="4"/><line number="452" hits="4"/><line number="453" hits="5"/><line number="454" hits="4"/><line number="455" hits="2"/><line number="459" hits="1"/><line number="462" hits="2"/><line number="466" hits="4"/><line number="469" hits="2"/></lines></class></classes></package><package name="src/backend/client/redis" line-rate="0.21379310344827587" branch-rate="0" complexity="0"><classes><class name="client" filename="src/backend/client/redis/client.rs" line-rate="0.21379310344827587" branch-rate="0" complexity="0"><methods/><lines><line number="53" hits="0"/><line number="55" hits="0"/><line number="57" hits="0"/><line number="58" hits="0"/><line number="61" hits="0"/><line number="83" hits="20"/><line number="84" hits="11"/><line number="88" hits="0"/><line number="89" hits="0"/><line number="93" hits="6"/><line number="94" hits="5"/><line number="107" hits="2"/><line number="109" hits="2"/><line number="110" hits="4"/><line number="111" hits="4"/><line number="113" hits="2"/><line number="116" hits="1"/><line number="117" hits="2"/><line number="121" hits="1"/><line number="125" hits="0"/><line number="126" hits="0"/><line number="130" hits="0"/><line number="131" hits="0"/><line number="135" hits="0"/><line number="136" hits="0"/><line number="137" hits="0"/><line number="138" hits="0"/><line number="139" hits="0"/><line number="140" hits="0"/><line number="141" hits="0"/><line number="167" hits="0"/><line number="168" hits="0"/><line number="169" hits="0"/><line number="173" hits="0"/><line number="174" hits="0"/><line number="177" hits="0"/><line number="178" hits="0"/><line number="180" hits="0"/><line number="181" hits="0"/><line number="182" hits="0"/><line number="184" hits="0"/><line number="188" hits="0"/><line number="189" hits="0"/><line number="190" hits="0"/><line number="192" hits="0"/><line number="216" hits="0"/><line number="217" hits="0"/><line number="218" hits="0"/><line number="222" hits="0"/><line number="223" hits="0"/><line number="226" hits="0"/><line number="227" hits="0"/><line number="229" hits="0"/><line number="230" hits="0"/><line number="233" hits="0"/><line number="234" hits="0"/><line number="235" hits="0"/><line number="236" hits="0"/><line number="238" hits="0"/><line number="260" hits="0"/><line number="261" hits="0"/><line number="262" hits="0"/><line number="266" hits="0"/><line number="267" hits="0"/><line number="270" hits="0"/><line number="271" hits="0"/><line number="273" hits="0"/><line number="274" hits="0"/><line number="277" hits="0"/><line number="278" hits="0"/><line number="279" hits="0"/><line number="281" hits="0"/><line number="295" hits="6"/><line number="296" hits="14"/><line number="297" hits="8"/><line number="301" hits="1"/><line number="302" hits="1"/><line number="303" hits="1"/><line number="307" hits="0"/><line number="308" hits="0"/><line number="309" hits="0"/><line number="313" hits="28"/><line number="314" hits="12"/><line number="316" hits="8"/><line number="319" hits="14"/><line number="320" hits="16"/><line number="321" hits="8"/><line number="323" hits="4"/><line number="327" hits="6"/><line number="328" hits="6"/><line number="332" hits="6"/><line number="338" hits="4"/><line number="340" hits="4"/><line number="341" hits="4"/><line number="343" hits="4"/><line number="344" hits="2"/><line number="345" hits="0"/><line number="346" hits="0"/><line number="349" hits="1"/><line number="350" hits="1"/><line number="355" hits="2"/><line number="356" hits="2"/><line number="357" hits="2"/><line number="358" hits="2"/><line number="365" hits="6"/><line number="366" hits="2"/><line number="368" hits="1"/><line number="369" hits="6"/><line number="370" hits="1"/><line number="371" hits="1"/><line number="372" hits="4"/><line number="373" hits="2"/><line number="374" hits="1"/><line number="377" hits="6"/><line number="378" hits="2"/><line number="380" hits="1"/><line number="382" hits="1"/><line number="383" hits="0"/><line number="384" hits="0"/><line number="385" hits="0"/><line number="386" hits="0"/><line number="387" hits="0"/><line number="388" hits="0"/><line number="389" hits="0"/><line number="390" hits="0"/><line number="392" hits="6"/><line number="393" hits="1"/><line number="394" hits="1"/><line number="395" hits="1"/><line number="396" hits="4"/><line number="397" hits="2"/><line number="400" hits="1"/><line number="403" hits="0"/><line number="404" hits="0"/><line number="406" hits="0"/><line number="407" hits="0"/><line number="408" hits="0"/><line number="409" hits="0"/><line number="410" hits="0"/><line number="411" hits="0"/><line number="412" hits="0"/><line number="415" hits="0"/><line number="416" hits="0"/><line number="418" hits="0"/><line number="419" hits="0"/><line number="420" hits="0"/><line number="421" hits="0"/><line number="422" hits="0"/><line number="423" hits="0"/><line number="424" hits="0"/><line number="427" hits="0"/><line number="428" hits="0"/><line number="430" hits="0"/><line number="431" hits="0"/><line number="432" hits="0"/><line number="433" hits="0"/><line number="434" hits="0"/><line number="435" hits="0"/><line number="437" hits="0"/><line number="438" hits="0"/><line number="440" hits="0"/><line number="444" hits="0"/><line number="445" hits="0"/><line number="447" hits="0"/><line number="448" hits="0"/><line number="449" hits="0"/><line number="450" hits="0"/><line number="451" hits="0"/><line number="452" hits="0"/><line number="453" hits="0"/><line number="455" hits="0"/><line number="458" hits="0"/><line number="459" hits="0"/><line number="461" hits="0"/><line number="463" hits="0"/><line number="466" hits="0"/><line number="467" hits="0"/><line number="472" hits="0"/><line number="473" hits="0"/><line number="474" hits="0"/><line number="475" hits="0"/><line number="476" hits="0"/><line number="478" hits="0"/><line number="482" hits="0"/><line number="483" hits="0"/><line number="484" hits="0"/><line number="485" hits="0"/><line number="486" hits="0"/><line number="487" hits="0"/><line number="488" hits="0"/><line number="489" hits="0"/><line number="490" hits="0"/><line number="492" hits="0"/><line number="497" hits="0"/><line number="498" hits="0"/><line number="503" hits="0"/><line number="506" hits="0"/><line number="507" hits="0"/><line number="510" hits="0"/><line number="511" hits="0"/><line number="512" hits="0"/><line number="513" hits="0"/><line number="514" hits="0"/><line number="515" hits="0"/><line number="516" hits="0"/><line number="519" hits="0"/><line number="520" hits="0"/><line number="521" hits="0"/><line number="523" hits="0"/><line number="524" hits="0"/><line number="525" hits="0"/><line number="527" hits="0"/><line number="528" hits="0"/><line number="529" hits="0"/><line number="532" hits="0"/><line number="536" hits="0"/><line number="537" hits="0"/><line number="538" hits="0"/><line number="539" hits="0"/><line number="540" hits="0"/><line number="541" hits="0"/><line number="542" hits="0"/><line number="545" hits="0"/><line number="546" hits="0"/><line number="549" hits="0"/><line number="550" hits="0"/><line number="557" hits="0"/><line number="558" hits="0"/><line number="559" hits="0"/><line number="563" hits="0"/><line number="565" hits="0"/><line number="569" hits="0"/><line number="571" hits="0"/><line number="574" hits="0"/><line number="575" hits="0"/><line number="576" hits="0"/><line number="580" hits="0"/><line number="582" hits="0"/><line number="585" hits="0"/><line number="586" hits="0"/><line number="587" hits="0"/><line number="591" hits="0"/><line number="593" hits="0"/><line number="598" hits="1"/><line number="602" hits="1"/><line number="606" hits="1"/><line number="610" hits="0"/><line number="615" hits="0"/><line number="616" hits="0"/><line number="621" hits="0"/><line number="622" hits="0"/><line number="624" hits="0"/><line number="626" hits="0"/><line number="627" hits="0"/><line number="629" hits="0"/><line number="630" hits="0"/><line number="632" hits="0"/><line number="633" hits="0"/><line number="636" hits="0"/><line number="637" hits="0"/><line number="638" hits="0"/><line number="639" hits="0"/><line number="640" hits="0"/><line number="656" hits="0"/><line number="658" hits="0"/><line number="659" hits="0"/><line number="661" hits="0"/><line number="666" hits="0"/><line number="667" hits="0"/><line number="670" hits="0"/><line number="672" hits="0"/><line number="673" hits="0"/><line number="675" hits="0"/><line number="676" hits="0"/><line number="678" hits="0"/><line number="679" hits="0"/><line number="682" hits="0"/><line number="683" hits="0"/><line number="684" hits="0"/><line number="685" hits="0"/><line number="686" hits="0"/><line number="689" hits="0"/><line number="690" hits="0"/><line number="692" hits="0"/><line number="694" hits="0"/><line number="696" hits="0"/><line number="697" hits="0"/><line number="698" hits="0"/><line number="699" hits="0"/><line number="701" hits="0"/></lines></class></classes></package><package name="src/core" line-rate="0.3125" branch-rate="0" complexity="0"><classes><class name="constants" filename="src/core/constants.rs" line-rate="0" branch-rate="0" complexity="0"><methods/><lines><line number="26" hits="0"/><line number="27" hits="0"/><line number="28" hits="0"/><line number="30" hits="0"/><line number="35" hits="0"/><line number="36" hits="0"/><line number="46" hits="0"/><line number="47" hits="0"/><line number="70" hits="0"/><line number="71" hits="0"/><line number="72" hits="0"/><line number="74" hits="0"/><line number="79" hits="0"/><line number="80" hits="0"/><line number="90" hits="0"/><line number="91" hits="0"/></lines></class><class name="events" filename="src/core/events.rs" line-rate="0.7777777777777778" branch-rate="0" complexity="0"><methods/><lines><line number="45" hits="2"/><line number="46" hits="3"/><line number="47" hits="2"/><line number="48" hits="2"/><line number="49" hits="1"/><line number="50" hits="1"/><line number="51" hits="2"/><line number="52" hits="2"/><line number="53" hits="2"/><line number="54" hits="2"/><line number="55" hits="2"/><line number="56" hits="2"/><line number="57" hits="2"/><line number="58" hits="2"/><line number="59" hits="2"/><line number="83" hits="3"/><line number="87" hits="3"/><line number="90" hits="5"/><line number="95" hits="3"/><line number="96" hits="7"/><line number="97" hits="3"/><line number="101" hits="5"/><line number="102" hits="3"/><line number="103" hits="5"/><line number="107" hits="2"/><line number="108" hits="4"/><line number="109" hits="3"/><line number="113" hits="3"/><line number="114" hits="6"/><line number="115" hits="3"/><line number="120" hits="4"/><line number="121" hits="3"/><line number="122" hits="5"/><line number="123" hits="5"/><line number="124" hits="6"/><line number="136" hits="0"/><line number="139" hits="0"/><line number="143" hits="0"/><line number="145" hits="0"/><line number="149" hits="0"/><line number="151" hits="0"/><line number="155" hits="0"/><line number="157" hits="0"/><line number="161" hits="0"/><line number="163" hits="0"/></lines></class><class name="features" filename="src/core/features.rs" line-rate="0" branch-rate="0" complexity="0"><methods/><lines><line number="105" hits="0"/><line number="107" hits="0"/><line number="108" hits="0"/><line number="109" hits="0"/><line number="110" hits="0"/><line number="111" hits="0"/><line number="112" hits="0"/><line number="113" hits="0"/><line number="114" hits="0"/><line number="115" hits="0"/><line number="116" hits="0"/><line number="117" hits="0"/><line number="118" hits="0"/><line number="123" hits="0"/><line number="124" hits="0"/><line number="125" hits="0"/><line number="126" hits="0"/><line number="127" hits="0"/><line number="128" hits="0"/><line number="129" hits="0"/><line number="131" hits="0"/><line number="136" hits="0"/><line number="137" hits="0"/><line number="141" hits="0"/><line number="142" hits="0"/><line number="146" hits="0"/><line number="147" hits="0"/><line number="151" hits="0"/><line number="152" hits="0"/><line number="156" hits="0"/><line number="157" hits="0"/><line number="161" hits="0"/><line number="162" hits="0"/><line number="166" hits="0"/><line number="167" hits="0"/><line number="171" hits="0"/><line number="172" hits="0"/><line number="176" hits="0"/><line number="177" hits="0"/><line number="181" hits="0"/><line number="182" hits="0"/><line number="186" hits="0"/><line number="187" hits="0"/><line number="191" hits="0"/><line number="192" hits="0"/><line number="197" hits="0"/><line number="198" hits="0"/></lines></class><class name="types" filename="src/core/types.rs" line-rate="0.25" branch-rate="0" complexity="0"><methods/><lines><line number="23" hits="1"/><line number="24" hits="1"/><line number="25" hits="1"/><line number="26" hits="1"/><line number="27" hits="1"/><line number="47" hits="0"/><line number="48" hits="0"/><line number="49" hits="0"/><line number="50" hits="0"/><line number="51" hits="0"/><line number="52" hits="0"/><line number="67" hits="0"/><line number="68" hits="0"/><line number="69" hits="0"/><line number="70" hits="0"/><line number="94" hits="0"/><line number="95" hits="0"/><line number="96" hits="0"/><line number="100" hits="0"/><line number="102" hits="0"/></lines></class></classes></package><package name="src/builder" line-rate="0.5032467532467533" branch-rate="0" complexity="0"><classes><class name="cache_builder" filename="src/builder/cache_builder.rs" line-rate="0.4630541871921182" branch-rate="0" complexity="0"><methods/><lines><line number="73" hits="17"/><line number="108" hits="1"/><line number="109" hits="1"/><line number="110" hits="1"/><line number="128" hits="1"/><line number="129" hits="1"/><line number="130" hits="1"/><line number="150" hits="0"/><line number="151" hits="0"/><line number="152" hits="0"/><line number="172" hits="0"/><line number="173" hits="0"/><line number="174" hits="0"/><line number="178" hits="1"/><line number="179" hits="2"/><line number="180" hits="1"/><line number="201" hits="1"/><line number="205" hits="2"/><line number="206" hits="1"/><line number="218" hits="0"/><line number="219" hits="0"/><line number="220" hits="0"/><line number="233" hits="0"/><line number="234" hits="0"/><line number="235" hits="0"/><line number="236" hits="0"/><line number="238" hits="0"/><line number="257" hits="0"/><line number="258" hits="0"/><line number="259" hits="0"/><line number="261" hits="0"/><line number="275" hits="0"/><line number="276" hits="0"/><line number="277" hits="0"/><line number="278" hits="0"/><line number="279" hits="0"/><line number="281" hits="0"/><line number="303" hits="75"/><line number="304" hits="19"/><line number="305" hits="1"/><line number="306" hits="1"/><line number="307" hits="2"/><line number="308" hits="2"/><line number="309" hits="2"/><line number="311" hits="2"/><line number="314" hits="0"/><line number="315" hits="0"/><line number="316" hits="0"/><line number="317" hits="0"/><line number="318" hits="0"/><line number="319" hits="0"/><line number="320" hits="0"/><line number="322" hits="0"/><line number="323" hits="0"/><line number="326" hits="1"/><line number="327" hits="0"/><line number="328" hits="0"/><line number="329" hits="0"/><line number="330" hits="0"/><line number="331" hits="2"/><line number="332" hits="5"/><line number="333" hits="2"/><line number="334" hits="1"/><line number="336" hits="4"/><line number="339" hits="3"/><line number="340" hits="2"/><line number="341" hits="2"/><line number="342" hits="1"/><line number="345" hits="0"/><line number="346" hits="37"/><line number="347" hits="21"/><line number="348" hits="18"/><line number="349" hits="2"/><line number="351" hits="37"/><line number="355" hits="36"/><line number="398" hits="0"/><line number="399" hits="0"/><line number="400" hits="0"/><line number="401" hits="0"/><line number="404" hits="0"/><line number="406" hits="0"/><line number="409" hits="0"/><line number="411" hits="0"/><line number="412" hits="0"/><line number="415" hits="0"/><line number="417" hits="0"/><line number="418" hits="0"/><line number="419" hits="0"/><line number="422" hits="0"/><line number="423" hits="0"/><line number="425" hits="0"/><line number="428" hits="0"/><line number="430" hits="0"/><line number="432" hits="0"/><line number="433" hits="0"/><line number="434" hits="0"/><line number="438" hits="0"/><line number="439" hits="0"/><line number="441" hits="0"/><line number="444" hits="0"/><line number="446" hits="0"/><line number="447" hits="0"/><line number="448" hits="0"/><line number="450" hits="0"/><line number="453" hits="0"/><line number="455" hits="0"/><line number="457" hits="0"/><line number="458" hits="0"/><line number="459" hits="0"/><line number="460" hits="0"/><line number="463" hits="0"/><line number="464" hits="0"/><line number="468" hits="0"/><line number="506" hits="1"/><line number="510" hits="1"/><line number="512" hits="4"/><line number="513" hits="4"/><line number="515" hits="1"/><line number="518" hits="1"/><line number="519" hits="1"/><line number="520" hits="1"/><line number="521" hits="0"/><line number="522" hits="0"/><line number="523" hits="0"/><line number="524" hits="2"/><line number="525" hits="0"/><line number="565" hits="1"/><line number="570" hits="1"/><line number="571" hits="2"/><line number="572" hits="1"/><line number="573" hits="0"/><line number="574" hits="1"/><line number="575" hits="0"/><line number="576" hits="0"/><line number="577" hits="1"/><line number="582" hits="4"/><line number="584" hits="2"/><line number="585" hits="4"/><line number="586" hits="0"/><line number="587" hits="2"/><line number="588" hits="1"/><line number="590" hits="0"/><line number="595" hits="2"/><line number="596" hits="2"/><line number="597" hits="1"/><line number="598" hits="0"/><line number="599" hits="0"/><line number="600" hits="0"/><line number="601" hits="2"/><line number="602" hits="0"/><line number="608" hits="1"/><line number="611" hits="1"/><line number="613" hits="1"/><line number="617" hits="5"/><line number="620" hits="1"/><line number="628" hits="4"/><line number="629" hits="3"/><line number="632" hits="1"/><line number="633" hits="6"/><line number="636" hits="1"/><line number="637" hits="2"/><line number="638" hits="1"/><line number="641" hits="1"/><line number="642" hits="1"/><line number="643" hits="1"/><line number="659" hits="1"/><line number="663" hits="5"/><line number="670" hits="3"/><line number="671" hits="3"/><line number="674" hits="1"/><line number="675" hits="2"/><line number="678" hits="1"/><line number="679" hits="2"/><line number="680" hits="1"/><line number="683" hits="1"/><line number="685" hits="1"/><line number="686" hits="1"/><line number="704" hits="2"/><line number="708" hits="4"/><line number="712" hits="10"/><line number="715" hits="2"/><line number="717" hits="2"/><line number="719" hits="2"/><line number="735" hits="0"/><line number="736" hits="0"/><line number="738" hits="0"/><line number="739" hits="0"/><line number="742" hits="0"/><line number="743" hits="0"/><line number="744" hits="0"/><line number="747" hits="0"/><line number="748" hits="0"/><line number="749" hits="0"/><line number="765" hits="0"/><line number="766" hits="0"/><line number="768" hits="0"/><line number="769" hits="0"/><line number="772" hits="0"/><line number="773" hits="0"/><line number="774" hits="0"/><line number="777" hits="0"/><line number="779" hits="0"/><line number="780" hits="0"/></lines></class><class name="oxcache_builder" filename="src/builder/oxcache_builder.rs" line-rate="0.4727272727272727" branch-rate="0" complexity="0"><methods/><lines><line number="50" hits="0"/><line number="51" hits="0"/><line number="57" hits="2"/><line number="59" hits="2"/><line number="73" hits="4"/><line number="77" hits="6"/><line number="78" hits="5"/><line number="79" hits="7"/><line number="87" hits="0"/><line number="88" hits="0"/><line number="89" hits="0"/><line number="101" hits="0"/><line number="102" hits="0"/><line number="103" hits="0"/><line number="111" hits="2"/><line number="112" hits="2"/><line number="113" hits="2"/><line number="119" hits="1"/><line number="120" hits="1"/><line number="121" hits="1"/><line number="125" hits="0"/><line number="126" hits="0"/><line number="127" hits="0"/><line number="135" hits="0"/><line number="136" hits="0"/><line number="137" hits="0"/><line number="149" hits="2"/><line number="150" hits="4"/><line number="151" hits="2"/><line number="152" hits="2"/><line number="157" hits="6"/><line number="160" hits="7"/><line number="161" hits="11"/><line number="162" hits="0"/><line number="171" hits="9"/><line number="172" hits="7"/><line number="173" hits="20"/><line number="174" hits="4"/><line number="175" hits="8"/><line number="181" hits="0"/><line number="182" hits="0"/><line number="186" hits="0"/><line number="187" hits="0"/><line number="191" hits="0"/><line number="192" hits="0"/><line number="2
[...]
ine number="1155" hits="3"/><line number="1156" hits="2"/><line number="1159" hits="3"/><line number="1160" hits="1"/><line number="1163" hits="1"/><line number="1173" hits="0"/><line number="1174" hits="0"/><line number="1178" hits="0"/><line number="1179" hits="0"/><line number="1181" hits="0"/><line number="1182" hits="0"/><line number="1185" hits="0"/><line number="1186" hits="0"/><line number="1189" hits="0"/><line number="1198" hits="1"/><line number="1199" hits="1"/><line number="1203" hits="1"/><line number="1204" hits="2"/><line number="1205" hits="1"/><line number="1210" hits="0"/><line number="1211" hits="0"/><line number="1212" hits="0"/><line number="1216" hits="1"/><line number="1217" hits="2"/><line number="1218" hits="1"/><line number="1223" hits="0"/><line number="1224" hits="0"/><line number="1225" hits="0"/><line number="1229" hits="0"/><line number="1230" hits="0"/><line number="1231" hits="0"/><line number="1236" hits="0"/><line number="1237" hits="0"/><line number="1238" hits="0"/><line number="1242" hits="1"/><line number="1243" hits="1"/><line number="1244" hits="1"/><line number="1248" hits="1"/><line number="1249" hits="1"/><line number="1250" hits="1"/><line number="1254" hits="0"/><line number="1255" hits="0"/><line number="1256" hits="0"/><line number="1260" hits="1"/><line number="1261" hits="1"/><line number="1262" hits="1"/><line number="1266" hits="1"/><line number="1267" hits="1"/><line number="1289" hits="0"/><line number="1293" hits="0"/><line number="1296" hits="0"/><line number="1299" hits="0"/><line number="1300" hits="0"/><line number="1301" hits="0"/><line number="1302" hits="0"/><line number="1308" hits="0"/><line number="1311" hits="0"/><line number="1315" hits="0"/><line number="1317" hits="0"/><line number="1318" hits="0"/><line number="1320" hits="0"/><line number="1325" hits="0"/><line number="1326" hits="0"/><line number="1328" hits="0"/></lines></class><class name="interface" filename="src/backend/interface.rs" line-rate="0.8125" branch-rate="0" complexity="0"><methods/><lines><line number="181" hits="0"/><line number="182" hits="0"/><line number="193" hits="0"/><line number="218" hits="6"/><line number="219" hits="3"/><line number="220" hits="3"/><line number="222" hits="1"/><line number="243" hits="6"/><line number="244" hits="1"/><line number="245" hits="4"/><line number="246" hits="3"/><line number="248" hits="1"/><line number="269" hits="6"/><line number="270" hits="3"/><line number="271" hits="3"/><line number="273" hits="1"/></lines></class><class name="score" filename="src/backend/score.rs" line-rate="0.8333333333333334" branch-rate="0" complexity="0"><methods/><lines><line number="68" hits="0"/><line number="69" hits="0"/><line number="130" hits="1"/><line number="132" hits="2"/><line number="133" hits="2"/><line number="134" hits="2"/><line number="135" hits="2"/><line number="136" hits="1"/><line number="149" hits="1"/><line number="150" hits="1"/><line number="163" hits="1"/><line number="164" hits="1"/></lines></class></classes></package><package name="src/circuit_breaker" line-rate="0.9594594594594594" branch-rate="0" complexity="0"><classes><class name="mod" filename="src/circuit_breaker/mod.rs" line-rate="0.9594594594594594" branch-rate="0" complexity="0"><methods/><lines><line number="32" hits="1"/><line number="33" hits="1"/><line number="34" hits="1"/><line number="35" hits="1"/><line number="36" hits="1"/><line number="53" hits="1"/><line number="56" hits="1"/><line number="82" hits="1"/><line number="84" hits="1"/><line number="85" hits="1"/><line number="86" hits="2"/><line number="87" hits="2"/><line number="88" hits="2"/><line number="94" hits="1"/><line number="95" hits="2"/><line number="96" hits="1"/><line number="98" hits="4"/><line number="99" hits="1"/><line number="101" hits="3"/><line number="105" hits="1"/><line number="106" hits="1"/><line number="112" hits="1"/><line number="113" hits="1"/><line number="115" hits="2"/><line number="118" hits="2"/><line number="121" hits="1"/><line number="127" hits="1"/><line number="128" hits="1"/><line number="130" hits="2"/><line number="131" hits="1"/><line number="132" hits="1"/><line number="136" hits="1"/><line number="143" hits="1"/><line number="144" hits="1"/><line number="148" hits="1"/><line number="149" hits="1"/><line number="153" hits="1"/><line number="154" hits="1"/><line number="158" hits="1"/><line number="159" hits="1"/><line number="166" hits="1"/><line number="167" hits="2"/><line number="168" hits="2"/><line number="169" hits="2"/><line number="170" hits="1"/><line number="171" hits="0"/><line number="175" hits="2"/><line number="176" hits="2"/><line number="177" hits="2"/><line number="178" hits="0"/><line number="182" hits="2"/><line number="183" hits="2"/><line number="184" hits="3"/><line number="186" hits="2"/><line number="189" hits="1"/><line number="190" hits="2"/><line number="192" hits="2"/><line number="193" hits="2"/><line number="194" hits="1"/><line number="197" hits="1"/><line number="198" hits="1"/><line number="199" hits="1"/><line number="200" hits="1"/><line number="209" hits="0"/><line number="213" hits="1"/><line number="214" hits="1"/><line number="215" hits="1"/><line number="216" hits="1"/><line number="217" hits="1"/><line number="222" hits="1"/><line number="223" hits="1"/><line number="224" hits="1"/><line number="225" hits="1"/><line number="226" hits="1"/></lines></class></classes></package><package name="src/database/partition" line-rate="0.5333333333333333" branch-rate="0" complexity="0"><classes><class name="mod" filename="src/database/partition/mod.rs" line-rate="0.5333333333333333" branch-rate="0" complexity="0"><methods/><lines><line number="29" hits="1"/><line number="56" hits="1"/><line number="59" hits="1"/><line number="60" hits="1"/><line number="63" hits="2"/><line number="64" hits="1"/><line number="66" hits="1"/><line number="69" hits="1"/><line number="70" hits="2"/><line number="71" hits="1"/><line number="73" hits="1"/><line number="75" hits="1"/><line number="77" hits="1"/><line number="78" hits="1"/><line number="79" hits="1"/><line number="115" hits="0"/><line number="117" hits="0"/><line number="119" hits="0"/><line number="120" hits="0"/><line number="121" hits="0"/><line number="123" hits="0"/><line number="124" hits="0"/><line number="125" hits="0"/><line number="130" hits="0"/><line number="131" hits="0"/><line number="135" hits="0"/><line number="139" hits="6"/><line number="140" hits="3"/><line number="141" hits="1"/><line number="143" hits="4"/><line number="145" hits="0"/><line number="146" hits="0"/><line number="147" hits="0"/><line number="150" hits="1"/><line number="157" hits="2"/><line number="158" hits="2"/><line number="159" hits="4"/><line number="161" hits="1"/><line number="162" hits="2"/><line number="164" hits="1"/><line number="166" hits="3"/><line number="169" hits="1"/><line number="173" hits="5"/><line number="175" hits="5"/><line number="179" hits="5"/><line number="180" hits="5"/><line number="184" hits="0"/><line number="186" hits="0"/><line number="187" hits="0"/><line number="188" hits="0"/><line number="189" hits="0"/><line number="191" hits="0"/><line number="192" hits="0"/><line number="195" hits="0"/><line number="199" hits="0"/><line number="201" hits="0"/><line number="202" hits="0"/><line number="204" hits="0"/><line number="206" hits="0"/><line number="208" hits="0"/></lines></class></classes></package><package name="src/config" line-rate="0.38421052631578945" branch-rate="0" complexity="0"><classes><class name="confers_config" filename="src/config/confers_config.rs" line-rate="0.38421052631578945" branch-rate="0" complexity="0"><methods/><lines><line number="105" hits="0"/><line number="106" hits="0"/><line number="111" hits="0"/><line number="112" hits="0"/><line number="113" hits="0"/><line number="114" hits="0"/><line number="115" hits="0"/><line number="123" hits="5"/><line number="125" hits="6"/><line number="126" hits="6"/><line number="127" hits="4"/><line number="128" hits="0"/><line number="147" hits="0"/><line number="148" hits="0"/><line number="153" hits="2"/><line number="154" hits="2"/><line number="155" hits="2"/><line number="156" hits="0"/><line number="157" hits="0"/><line number="165" hits="4"/><line number="167" hits="6"/><line number="168" hits="5"/><line number="169" hits="4"/><line number="170" hits="0"/><line number="229" hits="4"/><line number="230" hits="3"/><line number="234" hits="1"/><line number="235" hits="1"/><line number="236" hits="0"/><line number="238" hits="1"/><line number="243" hits="2"/><line number="244" hits="2"/><line number="245" hits="0"/><line number="247" hits="2"/><line number="277" hits="4"/><line number="278" hits="4"/><line number="283" hits="2"/><line number="285" hits="2"/><line number="294" hits="1"/><line number="296" hits="1"/><line number="305" hits="2"/><line number="307" hits="2"/><line number="316" hits="2"/><line number="317" hits="2"/><line number="318" hits="2"/><line number="323" hits="1"/><line number="324" hits="1"/><line number="325" hits="1"/><line number="326" hits="1"/><line number="328" hits="1"/><line number="329" hits="1"/><line number="332" hits="1"/><line number="445" hits="1"/><line number="446" hits="1"/><line number="447" hits="1"/><line number="449" hits="1"/><line number="454" hits="0"/><line number="455" hits="0"/><line number="456" hits="0"/><line number="458" hits="0"/><line number="459" hits="0"/><line number="461" hits="0"/><line number="463" hits="0"/><line number="467" hits="0"/><line number="468" hits="0"/><line number="469" hits="0"/><line number="471" hits="0"/><line number="472" hits="0"/><line number="474" hits="0"/><line number="476" hits="0"/><line number="480" hits="0"/><line number="481" hits="0"/><line number="483" hits="0"/><line number="487" hits="0"/><line number="488" hits="0"/><line number="489" hits="0"/><line number="497" hits="0"/><line number="498" hits="0"/><line number="500" hits="0"/><line number="501" hits="0"/><line number="503" hits="0"/><line number="504" hits="0"/><line number="505" hits="0"/><line number="507" hits="0"/><line number="509" hits="0"/><line number="515" hits="0"/><line number="518" hits="0"/><line number="519" hits="0"/><line number="520" hits="0"/><line number="523" hits="0"/><line number="524" hits="0"/><line number="525" hits="0"/><line number="526" hits="0"/><line number="527" hits="0"/><line number="528" hits="0"/><line number="530" hits="0"/><line number="531" hits="0"/><line number="532" hits="0"/><line number="533" hits="0"/><line number="534" hits="0"/><line number="535" hits="0"/><line number="536" hits="0"/><line number="537" hits="0"/><line number="538" hits="0"/><line number="540" hits="0"/><line number="541" hits="0"/><line number="542" hits="0"/><line number="543" hits="0"/><line number="544" hits="0"/><line number="546" hits="0"/><line number="547" hits="0"/><line number="548" hits="0"/><line number="549" hits="0"/><line number="550" hits="0"/><line number="551" hits="0"/><line number="553" hits="0"/><line number="554" hits="0"/><line number="555" hits="0"/><line number="556" hits="0"/><line number="557" hits="0"/><line number="559" hits="0"/><line number="561" hits="0"/><line number="562" hits="0"/><line number="565" hits="0"/><line number="566" hits="0"/><line number="567" hits="0"/><line number="568" hits="0"/><line number="569" hits="0"/><line number="570" hits="0"/><line number="571" hits="0"/><line number="572" hits="0"/><line number="573" hits="0"/><line number="576" hits="0"/><line number="580" hits="0"/><line number="584" hits="0"/><line number="585" hits="0"/><line number="588" hits="0"/><line number="589" hits="0"/><line number="592" hits="0"/><line number="594" hits="0"/><line number="595" hits="0"/><line number="596" hits="0"/><line number="600" hits="0"/><line number="601" hits="0"/><line number="602" hits="0"/><line number="603" hits="0"/><line number="604" hits="0"/><line number="606" hits="0"/><line number="608" hits="0"/><line number="609" hits="0"/><line number="610" hits="0"/><line number="612" hits="0"/><line number="616" hits="0"/><line number="617" hits="0"/><line number="620" hits="0"/><line number="622" hits="0"/><line number="625" hits="0"/><line number="626" hits="0"/><line number="638" hits="0"/><line number="639" hits="0"/><line number="646" hits="4"/><line number="647" hits="63"/><line number="648" hits="8"/><line number="649" hits="4"/><line number="651" hits="6"/><line number="652" hits="4"/><line number="655" hits="6"/><line number="656" hits="4"/><line number="658" hits="8"/><line number="659" hits="4"/><line number="660" hits="8"/><line number="661" hits="4"/><line number="662" hits="8"/><line number="663" hits="4"/><line number="664" hits="8"/><line number="666" hits="6"/><line number="667" hits="2"/><line number="670" hits="6"/><line number="671" hits="2"/><line number="674" hits="6"/><line number="675" hits="2"/><line number="677" hits="4"/><line number="678" hits="8"/><line number="680" hits="6"/><line number="681" hits="3"/><line number="683" hits="6"/><line number="685" hits="7"/><line number="686" hits="4"/><line number="689" hits="7"/><line number="690" hits="4"/><line number="694" hits="5"/><line number="700" hits="3"/><line number="701" hits="3"/><line number="702" hits="20"/><line number="703" hits="0"/><line number="704" hits="3"/><line number="705" hits="6"/><line number="706" hits="3"/><line number="708" hits="6"/><line number="709" hits="7"/><line number="710" hits="8"/><line number="711" hits="7"/><line number="716" hits="2"/><line number="717" hits="2"/><line number="718" hits="18"/><line number="719" hits="0"/><line number="720" hits="3"/><line number="721" hits="5"/><line number="722" hits="3"/><line number="724" hits="6"/><line number="725" hits="6"/><line number="726" hits="6"/><line number="727" hits="3"/><line number="732" hits="2"/><line number="733" hits="2"/><line number="734" hits="14"/><line number="735" hits="0"/><line number="736" hits="2"/><line number="737" hits="4"/><line number="738" hits="2"/><line number="740" hits="4"/><line number="741" hits="4"/><line number="742" hits="4"/><line number="743" hits="4"/><line number="744" hits="2"/><line number="749" hits="2"/><line number="750" hits="14"/><line number="751" hits="0"/><line number="752" hits="4"/><line number="753" hits="2"/><line number="758" hits="0"/><line number="759" hits="0"/><line number="760" hits="0"/><line number="761" hits="0"/><line number="762" hits="0"/><line number="767" hits="0"/><line number="768" hits="0"/><line number="769" hits="0"/><line number="770" hits="0"/><line number="772" hits="0"/><line number="777" hits="5"/><line number="778" hits="7"/><line number="779" hits="11"/><line number="780" hits="9"/><line number="781" hits="6"/><line number="783" hits="3"/><line number="788" hits="1"/><line number="789" hits="2"/><line number="790" hits="3"/><line number="791" hits="2"/><line number="792" hits="1"/><line number="794" hits="1"/><line number="799" hits="0"/><line number="800" hits="0"/><line number="801" hits="0"/><line number="802" hits="0"/><line number="803" hits="0"/><line number="805" hits="0"/><line number="810" hits="0"/><line number="811" hits="0"/><line number="812" hits="0"/><line number="813" hits="0"/><line number="815" hits="0"/><line number="820" hits="0"/><line number="821" hits="0"/><line number="822" hits="0"/><line number="823" hits="0"/><line number="825" hits="0"/><line number="830" hits="0"/><line number="831" hits="0"/><line number="832" hits="0"/><line number="833" hits="0"/><line number="834" hits="0"/><line number="839" hits="0"/><line number="840" hits="0"/><line number="841" hits="0"/><line number="842" hits="0"/><line number="843" hits="0"/><line number="848" hits="0"/><line number="849" hits="0"/><line number="850" hits="0"/><line number="851" hits="0"/><line number="853" hits="0"/><line number="858" hits="0"/><line number="859" hits="0"/><line number="860" hits="0"/><line number="861" hits="0"/><line number="863" hits="0"/><line number="868" hits="2"/><line number="870" hits="2"/><line number="871" hits="2"/><line number="875" hits="4"/><line number="876" hits="2"/><line number="877" hits="3"/><line number="878" hits="2"/><line number="879" hits="1"/><line number="882" hits="2"/><line number="883" hits="2"/><line number="889" hits="0"/><line number="890" hits="0"/><line number="891" hits="0"/><line number="896" hits="0"/><line number="897" hits="0"/><line number="898" hits="0"/><line number="903" hits="0"/><line number="904" hits="0"/><line number="905" hits="0"/><line number="910" hits="0"/><line number="911" hits="0"/><line number="912" hits="0"/><line number="917" hits="6"/><line number="918" hits="6"/><line number="923" hits="0"/><line number="924" hits="0"/><line number="925" hits="0"/><line number="957" hits="0"/><line number="958" hits="0"/><line number="959" hits="0"/><line number="960" hits="0"/><line number="963" hits="0"/><line number="965" hits="0"/><line number="966" hits="0"/><line number="969" hits="0"/><line number="970" hits="0"/><line number="973" hits="0"/><line number="974" hits="0"/><line number="977" hits="0"/><line number="978" hits="0"/><line number="981" hits="0"/><line number="982" hits="0"/><line number="985" hits="0"/><line number="986" hits="0"/><line number="989" hits="0"/><line number="990" hits="0"/><line number="993" hits="0"/><line number="994" hits="0"/><line number="997" hits="0"/><line number="998" hits="0"/><line number="1001" hits="0"/><line number="1002" hits="0"/><line number="1005" hits="0"/><line number="1006" hits="0"/><line number="1009" hits="0"/><line number="1010" hits="0"/><line number="1013" hits="0"/><line number="1014" hits="0"/><line number="1017" hits="0"/><line number="1018" hits="0"/><line number="1021" hits="0"/><line number="1022" hits="0"/><line number="1025" hits="0"/><line number="1026" hits="0"/><line number="1029" hits="0"/><line number="1030" hits="0"/><line number="1033" hits="0"/><line number="1034" hits="0"/><line number="1037" hits="0"/><line number="1038" hits="0"/><line number="1041" hits="0"/><line number="1042" hits="0"/><line number="1046" hits="0"/><line number="1047" hits="0"/><line number="1048" hits="0"/><line number="1049" hits="0"/><line number="1052" hits="0"/><line number="1070" hits="1"/><line number="1072" hits="1"/><line number="1074" hits="3"/><line number="1075" hits="2"/><line number="1076" hits="2"/><line number="1077" hits="2"/><line number="1078" hits="1"/><line number="1084" hits="1"/><line number="1085" hits="1"/><line number="1086" hits="1"/><line number="1087" hits="1"/><line number="1093" hits="1"/><line number="1094" hits="1"/><line number="1095" hits="1"/><line number="1096" hits="1"/></lines></class></classes></package><package name="src/singleflight" line-rate="0.9032258064516129" branch-rate="0" complexity="0"><classes><class name="mod" filename="src/singleflight/mod.rs" line-rate="0.9032258064516129" branch-rate="0" complexity="0"><methods/><lines><line number="19" hits="1"/><line number="21" hits="1"/><line number="25" hits="34"/><line number="30" hits="17"/><line number="31" hits="34"/><line number="33" hits="51"/><line number="34" hits="4"/><line number="36" hits="34"/><line number="37" hits="34"/><line number="38" hits="17"/><line number="42" hits="17"/><line number="43" hits="17"/><line number="44" hits="39"/><line number="45" hits="34"/><line number="46" hits="17"/><line number="49" hits="17"/><line number="50" hits="34"/><line number="53" hits="17"/><line number="55" hits="0"/><line number="56" hits="12"/><line number="57" hits="4"/><line number="58" hits="0"/><line number="64" hits="6"/><line number="65" hits="6"/><line number="68" hits="4"/><line number="69" hits="2"/><line number="74" hits="2"/><line number="78" hits="1"/><line number="79" hits="1"/><line number="80" hits="3"/><line number="93" hits="0"/></lines></class></classes></package></packages></coverage>
