SF:/home/dev/projects/oxcache/src/backend/client/dashmap/backend.rs
FN:158,_RNCNCNvXs6_NtNtNtNtCshZb5Qtnh6Kg_7oxcache7backend6client7dashmap7backendNtB9_20DashMapMemoryBackendNtNtBf_9interface12CacheBackend3get00Bh_
FN:186,_RNCNCNvXs6_NtNtNtNtCshZb5Qtnh6Kg_7oxcache7backend6client7dashmap7backendNtB9_20DashMapMemoryBackendNtNtBf_9interface12CacheBackend3set00Bh_
FN:98,_RNCNvMNtNtNtNtCshZb5Qtnh6Kg_7oxcache7backend6client7dashmap7backendNtB4_20DashMapMemoryBackend13evict_if_full0Bc_
FN:113,_RNvMNtNtNtNtCshZb5Qtnh6Kg_7oxcache7backend6client7dashmap7backendNtB2_20DashMapMemoryBackend11entry_count
FN:96,_RNvMNtNtNtNtCshZb5Qtnh6Kg_7oxcache7backend6client7dashmap7backendNtB2_20DashMapMemoryBackend13evict_if_full
FN:74,_RNvMNtNtNtNtCshZb5Qtnh6Kg_7oxcache7backend6client7dashmap7backendNtB2_20DashMapMemoryBackend3new
FN:131,_RNvMNtNtNtNtCshZb5Qtnh6Kg_7oxcache7backend6client7dashmap7backendNtB2_20DashMapMemoryBackend5cache
FN:91,_RNvMNtNtNtNtCshZb5Qtnh6Kg_7oxcache7backend6client7dashmap7backendNtB2_20DashMapMemoryBackend7builder
FN:108,_RNvMNtNtNtNtCshZb5Qtnh6Kg_7oxcache7backend6client7dashmap7backendNtB2_20DashMapMemoryBackend8capacity
FN:118,_RNvMNtNtNtNtCshZb5Qtnh6Kg_7oxcache7backend6client7dashmap7backendNtB2_20DashMapMemoryBackend8hit_rate
FN:345,_RNvMs2_NtNtNtNtCshZb5Qtnh6Kg_7oxcache7backend6client7dashmap7backendNtB5_21DashMapBackendBuilder11default_ttl
FN:351,_RNvMs2_NtNtNtNtCshZb5Qtnh6Kg_7oxcache7backend6client7dashmap7backendNtB5_21DashMapBackendBuilder5build
FN:339,_RNvMs2_NtNtNtNtCshZb5Qtnh6Kg_7oxcache7backend6client7dashmap7backendNtB5_21DashMapBackendBuilder8capacity
FN:371,_RNvNtNtNtNtCshZb5Qtnh6Kg_7oxcache7backend6client7dashmap7backend14dashmap_memory
FN:376,_RNvNtNtNtNtCshZb5Qtnh6Kg_7oxcache7backend6client7dashmap7backend28dashmap_memory_with_capacity
FN:381,_RNvNtNtNtNtCshZb5Qtnh6Kg_7oxcache7backend6client7dashmap7backend36dashmap_memory_with_capacity_and_ttl
FN:143,_RNvXs0_NtNtNtNtCshZb5Qtnh6Kg_7oxcache7backend6client7dashmap7backendNtB5_20DashMapMemoryBackendNtNtCs7dTDQl1DYhd_4core3fmt5Debug3fmt
FN:321,_RNvXs1_NtNtNtNtCshZb5Qtnh6Kg_7oxcache7backend6client7dashmap7backendNtB5_20DashMapMemoryBackendNtNtBb_5score12BackendScore12backend_name
FN:317,_RNvXs1_NtNtNtNtCshZb5Qtnh6Kg_7oxcache7backend6client7dashmap7backendNtB5_20DashMapMemoryBackendNtNtBb_5score12BackendScore13is_persistent
FN:313,_RNvXs1_NtNtNtNtCshZb5Qtnh6Kg_7oxcache7backend6client7dashmap7backendNtB5_20DashMapMemoryBackendNtNtBb_5score12BackendScore5score
FN:325,_RNvXs1_NtNtNtNtCshZb5Qtnh6Kg_7oxcache7backend6client7dashmap7backendNtB5_20DashMapMemoryBackendNtNtBb_5score12BackendScore6as_any
FN:279,_RNvXs6_NtNtNtNtCshZb5Qtnh6Kg_7oxcache7backend6client7dashmap7backendNtB5_20DashMapMemoryBackendNtNtBb_9interface12CacheBackend12health_check
FN:154,_RNvXs6_NtNtNtNtCshZb5Qtnh6Kg_7oxcache7backend6client7dashmap7backendNtB5_20DashMapMemoryBackendNtNtBb_9interface12CacheBackend3get
FN:299,_RNvXs6_NtNtNtNtCshZb5Qtnh6Kg_7oxcache7backend6client7dashmap7backendNtB5_20DashMapMemoryBackendNtNtBb_9interface12CacheBackend3len
FN:184,_RNvXs6_NtNtNtNtCshZb5Qtnh6Kg_7oxcache7backend6client7dashmap7backendNtB5_20DashMapMemoryBackendNtNtBb_9interface12CacheBackend3set
FN:244,_RNvXs6_NtNtNtNtCshZb5Qtnh6Kg_7oxcache7backend6client7dashmap7backendNtB5_20DashMapMemoryBackendNtNtBb_9interface12CacheBackend3ttl
FN:232,_RNvXs6_NtNtNtNtCshZb5Qtnh6Kg_7oxcache7backend6client7dashmap7backendNtB5_20DashMapMemoryBackendNtNtBb_9interface12CacheBackend5clear
FN:240,_RNvXs6_NtNtNtNtCshZb5Qtnh6Kg_7oxcache7backend6client7dashmap7backendNtB5_20DashMapMemoryBackendNtNtBb_9interface12CacheBackend5close
FN:284,_RNvXs6_NtNtNtNtCshZb5Qtnh6Kg_7oxcache7backend6client7dashmap7backendNtB5_20DashMapMemoryBackendNtNtBb_9interface12CacheBackend5stats
FN:295,_RNvXs6_NtNtNtNtCshZb5Qtnh6Kg_7oxcache7backend6client7dashmap7backendNtB5_20DashMapMemoryBackendNtNtBb_9interface12CacheBackend6as_any
FN:206,_RNvXs6_NtNtNtNtCshZb5Qtnh6Kg_7oxcache7backend6client7dashmap7backendNtB5_20DashMapMemoryBackendNtNtBb_9interface12CacheBackend6delete
FN:212,_RNvXs6_NtNtNtNtCshZb5Qtnh6Kg_7oxcache7backend6client7dashmap7backendNtB5_20DashMapMemoryBackendNtNtBb_9interface12CacheBackend6exists
FN:266,_RNvXs6_NtNtNtNtCshZb5Qtnh6Kg_7oxcache7backend6client7dashmap7backendNtB5_20DashMapMemoryBackendNtNtBb_9interface12CacheBackend6expire
FN:307,_RNvXs6_NtNtNtNtCshZb5Qtnh6Kg_7oxcache7backend6client7dashmap7backendNtB5_20DashMapMemoryBackendNtNtBb_9interface12CacheBackend8capacity
FN:303,_RNvXs6_NtNtNtNtCshZb5Qtnh6Kg_7oxcache7backend6client7dashmap7backendNtB5_20DashMapMemoryBackendNtNtBb_9interface12CacheBackend8is_empty
FN:137,_RNvXs_NtNtNtNtCshZb5Qtnh6Kg_7oxcache7backend6client7dashmap7backendNtB4_20DashMapMemoryBackendNtNtCs7dTDQl1DYhd_4core7default7Default7default
FN:436,_RNCNvNtNtNtNtNtCs5wHo1olVv6Y_7oxcache7backend6client7dashmap7backend5testss_16test_dashmap_ttl0Bd_
FN:410,_RNCNvNtNtNtNtNtCs5wHo1olVv6Y_7oxcache7backend6client7dashmap7backend5testss_29test_dashmap_basic_operations0Bd_
FN:113,_RNvMNtNtNtNtCs5wHo1olVv6Y_7oxcache7backend6client7dashmap7backendNtB2_20DashMapMemoryBackend11entry_count
FN:131,_RNvMNtNtNtNtCs5wHo1olVv6Y_7oxcache7backend6client7dashmap7backendNtB2_20DashMapMemoryBackend5cache
FN:143,_RNvXs0_NtNtNtNtCs5wHo1olVv6Y_7oxcache7backend6client7dashmap7backendNtB5_20DashMapMemoryBackendNtNtCs7dTDQl1DYhd_4core3fmt5Debug3fmt
FN:321,_RNvXs1_NtNtNtNtCs5wHo1olVv6Y_7oxcache7backend6client7dashmap7backendNtB5_20DashMapMemoryBackendNtNtBb_5score12BackendScore12backend_name
FN:317,_RNvXs1_NtNtNtNtCs5wHo1olVv6Y_7oxcache7backend6client7dashmap7backendNtB5_20DashMapMemoryBackendNtNtBb_5score12BackendScore13is_persistent
FN:313,_RNvXs1_NtNtNtNtCs5wHo1olVv6Y_7oxcache7backend6client7dashmap7backendNtB5_20DashMapMemoryBackendNtNtBb_5score12BackendScore5score
FN:325,_RNvXs1_NtNtNtNtCs5wHo1olVv6Y_7oxcache7backend6client7dashmap7backendNtB5_20DashMapMemoryBackendNtNtBb_5score12BackendScore6as_any
FN:299,_RNvXs6_NtNtNtNtCs5wHo1olVv6Y_7oxcache7backend6client7dashmap7backendNtB5_20DashMapMemoryBackendNtNtBb_9interface12CacheBackend3len
FN:244,_RNvXs6_NtNtNtNtCs5wHo1olVv6Y_7oxcache7backend6client7dashmap7backendNtB5_20DashMapMemoryBackendNtNtBb_9interface12CacheBackend3ttl
FN:232,_RNvXs6_NtNtNtNtCs5wHo1olVv6Y_7oxcache7backend6client7dashmap7backendNtB5_20DashMapMemoryBackendNtNtBb_9interface12CacheBackend5clear
FN:240,_RNvXs6_NtNtNtNtCs5wHo1olVv6Y_7oxcache7backend6client7dashmap7backendNtB5_20DashMapMemoryBackendNtNtBb_9interface12CacheBackend5close
FN:295,_RNvXs6_NtNtNtNtCs5wHo1olVv6Y_7oxcache7backend6client7dashmap7backendNtB5_20DashMapMemoryBackendNtNtBb_9interface12CacheBackend6as_any
FN:266,_RNvXs6_NtNtNtNtCs5wHo1olVv6Y_7oxcache7backend6client7dashmap7backendNtB5_20DashMapMemoryBackendNtNtBb_9interface12CacheBackend6expire
FN:307,_RNvXs6_NtNtNtNtCs5wHo1olVv6Y_7oxcache7backend6client7dashmap7backendNtB5_20DashMapMemoryBackendNtNtBb_9interface12CacheBackend8capacity
FN:303,_RNvXs6_NtNtNtNtCs5wHo1olVv6Y_7oxcache7backend6client7dashmap7backendNtB5_20DashMapMemoryBackendNtNtBb_9interface12CacheBackend8is_empty
FN:158,_RNCNCNvXs6_NtNtNtNtCs5wHo1olVv6Y_7oxcache7backend6client7dashmap7backendNtB9_20DashMapMemoryBackendNtNtBf_9interface12CacheBackend3get00Bh_
FN:186,_RNCNCNvXs6_NtNtNtNtCs5wHo1olVv6Y_7oxcache7backend6client7dashmap7backendNtB9_20DashMapMemoryBackendNtNtBf_9interface12CacheBackend3set00Bh_
FN:98,_RNCNvMNtNtNtNtCs5wHo1olVv6Y_7oxcache7backend6client7dashmap7backendNtB4_20DashMapMemoryBackend13evict_if_full0Bc_
FN:96,_RNvMNtNtNtNtCs5wHo1olVv6Y_7oxcache7backend6client7dashmap7backendNtB2_20DashMapMemoryBackend13evict_if_full
FN:74,_RNvMNtNtNtNtCs5wHo1olVv6Y_7oxcache7backend6client7dashmap7backendNtB2_20DashMapMemoryBackend3new
FN:91,_RNvMNtNtNtNtCs5wHo1olVv6Y_7oxcache7backend6client7dashmap7backendNtB2_20DashMapMemoryBackend7builder
FN:108,_RNvMNtNtNtNtCs5wHo1olVv6Y_7oxcache7backend6client7dashmap7backendNtB2_20DashMapMemoryBackend8capacity
FN:118,_RNvMNtNtNtNtCs5wHo1olVv6Y_7oxcache7backend6client7dashmap7backendNtB2_20DashMapMemoryBackend8hit_rate
FN:345,_RNvMs2_NtNtNtNtCs5wHo1olVv6Y_7oxcache7backend6client7dashmap7backendNtB5_21DashMapBackendBuilder11default_ttl
FN:351,_RNvMs2_NtNtNtNtCs5wHo1olVv6Y_7oxcache7backend6client7dashmap7backendNtB5_21DashMapBackendBuilder5build
FN:339,_RNvMs2_NtNtNtNtCs5wHo1olVv6Y_7oxcache7backend6client7dashmap7backendNtB5_21DashMapBackendBuilder8capacity
FN:371,_RNvNtNtNtNtCs5wHo1olVv6Y_7oxcache7backend6client7dashmap7backend14dashmap_memory
FN:376,_RNvNtNtNtNtCs5wHo1olVv6Y_7oxcache7backend6client7dashmap7backend28dashmap_memory_with_capacity
FN:381,_RNvNtNtNtNtCs5wHo1olVv6Y_7oxcache7backend6client7dashmap7backend36dashmap_memory_with_capacity_and_ttl
FN:279,_RNvXs6_NtNtNtNtCs5wHo1olVv6Y_7oxcache7backend6client7dashmap7backendNtB5_20DashMapMemoryBackendNtNtBb_9interface12CacheBackend12health_check
FN:154,_RNvXs6_NtNtNtNtCs5wHo1olVv6Y_7oxcache7backend6client7dashmap7backendNtB5_20DashMapMemoryBackendNtNtBb_9interface12CacheBackend3get
FN:184,_RNvXs6_NtNtNtNtCs5wHo1olVv6Y_7oxcache7backend6client7dashmap7backendNtB5_20DashMapMemoryBackendNtNtBb_9interface12CacheBackend3set
FN:284,_RNvXs6_NtNtNtNtCs5wHo1olVv6Y_7oxcache7backend6client7dashmap7backendNtB5_20DashMapMemoryBackendNtNtBb_9interface12CacheBackend5stats
FN:206,_RNvXs6_NtNtNtNtCs5wHo1olVv6Y_7oxcache7backend6client7dashmap7backendNtB5_20DashMapMemoryBackendNtNtBb_9interface12CacheBackend6delete
FN:212,_RNvXs6_NtNtNtNtCs5wHo1olVv6Y_7oxcache7backend6client7dashmap7backendNtB5_20DashMapMemoryBackendNtNtBb_9interface12CacheBackend6exists
FN:137,_RNvXs_NtNtNtNtCs5wHo1olVv6Y_7oxcache7backend6client7dashmap7backendNtB4_20DashMapMemoryBackendNtNtCs7dTDQl1DYhd_4core7default7Default7default
FN:436,_RNvNtNtNtNtNtCs5wHo1olVv6Y_7oxcache7backend6client7dashmap7backend5testss_16test_dashmap_ttl
FN:456,_RNvNtNtNtNtNtCs5wHo1olVv6Y_7oxcache7backend6client7dashmap7backend5testss_26test_convenience_functions
FN:393,_RNvNtNtNtNtNtCs5wHo1olVv6Y_7oxcache7backend6client7dashmap7backend5testss_28test_dashmap_backend_builder
FN:403,_RNvNtNtNtNtNtCs5wHo1olVv6Y_7oxcache7backend6client7dashmap7backend5testss_28test_dashmap_backend_default
FN:410,_RNvNtNtNtNtNtCs5wHo1olVv6Y_7oxcache7backend6client7dashmap7backend5testss_29test_dashmap_basic_operations
FNDA:110,_RNCNCNvXs6_NtNtNtNtCshZb5Qtnh6Kg_7oxcache7backend6client7dashmap7backendNtB9_20DashMapMemoryBackendNtNtBf_9interface12CacheBackend3get00Bh_
FNDA:3,_RNCNCNvXs6_NtNtNtNtCshZb5Qtnh6Kg_7oxcache7backend6client7dashmap7backendNtB9_20DashMapMemoryBackendNtNtBf_9interface12CacheBackend3set00Bh_
FNDA:0,_RNCNvMNtNtNtNtCshZb5Qtnh6Kg_7oxcache7backend6client7dashmap7backendNtB4_20DashMapMemoryBackend13evict_if_full0Bc_
FNDA:1,_RNvMNtNtNtNtCshZb5Qtnh6Kg_7oxcache7backend6client7dashmap7backendNtB2_20DashMapMemoryBackend11entry_count
FNDA:0,_RNvMNtNtNtNtCshZb5Qtnh6Kg_7oxcache7backend6client7dashmap7backendNtB2_20DashMapMemoryBackend13evict_if_full
FNDA:25,_RNvMNtNtNtNtCshZb5Qtnh6Kg_7oxcache7backend6client7dashmap7backendNtB2_20DashMapMemoryBackend3new
FNDA:0,_RNvMNtNtNtNtCshZb5Qtnh6Kg_7oxcache7backend6client7dashmap7backendNtB2_20DashMapMemoryBackend5cache
FNDA:29,_RNvMNtNtNtNtCshZb5Qtnh6Kg_7oxcache7backend6client7dashmap7backendNtB2_20DashMapMemoryBackend7builder
FNDA:10,_RNvMNtNtNtNtCshZb5Qtnh6Kg_7oxcache7backend6client7dashmap7backendNtB2_20DashMapMemoryBackend8capacity
FNDA:4,_RNvMNtNtNtNtCshZb5Qtnh6Kg_7oxcache7backend6client7dashmap7backendNtB2_20DashMapMemoryBackend8hit_rate
FNDA:3,_RNvMs2_NtNtNtNtCshZb5Qtnh6Kg_7oxcache7backend6client7dashmap7backendNtB5_21DashMapBackendBuilder11default_ttl
FNDA:32,_RNvMs2_NtNtNtNtCshZb5Qtnh6Kg_7oxcache7backend6client7dashmap7backendNtB5_21DashMapBackendBuilder5build
FNDA:5,_RNvMs2_NtNtNtNtCshZb5Qtnh6Kg_7oxcache7backend6client7dashmap7backendNtB5_21DashMapBackendBuilder8capacity
FNDA:1,_RNvNtNtNtNtCshZb5Qtnh6Kg_7oxcache7backend6client7dashmap7backend14dashmap_memory
FNDA:1,_RNvNtNtNtNtCshZb5Qtnh6Kg_7oxcache7backend6client7dashmap7backend28dashmap_memory_with_capacity
FNDA:1,_RNvNtNtNtNtCshZb5Qtnh6Kg_7oxcache7backend6client7dashmap7backend36dashmap_memory_with_capacity_and_ttl
FNDA:1,_RNvXs0_NtNtNtNtCshZb5Qtnh6Kg_7oxcache7backend6client7dashmap7backendNtB5_20DashMapMemoryBackendNtNtCs7dTDQl1DYhd_4core3fmt5Debug3fmt
FNDA:1,_RNvXs1_NtNtNtNtCshZb5Qtnh6Kg_7oxcache7backend6client7dashmap7backendNtB5_20DashMapMemoryBackendNtNtBb_5score12BackendScore12backend_name
FNDA:1,_RNvXs1_NtNtNtNtCshZb5Qtnh6Kg_7oxcache7backend6client7dashmap7backendNtB5_20DashMapMemoryBackendNtNtBb_5score12BackendScore13is_persistent
FNDA:1,_RNvXs1_NtNtNtNtCshZb5Qtnh6Kg_7oxcache7backend6client7dashmap7backendNtB5_20DashMapMemoryBackendNtNtBb_5score12BackendScore5score
FNDA:0,_RNvXs1_NtNtNtNtCshZb5Qtnh6Kg_7oxcache7backend6client7dashmap7backendNtB5_20DashMapMemoryBackendNtNtBb_5score12BackendScore6as_any
FNDA:1,_RNvXs6_NtNtNtNtCshZb5Qtnh6Kg_7oxcache7backend6client7dashmap7backendNtB5_20DashMapMemoryBackendNtNtBb_9interface12CacheBackend12health_check
FNDA:113,_RNvXs6_NtNtNtNtCshZb5Qtnh6Kg_7oxcache7backend6client7dashmap7backendNtB5_20DashMapMemoryBackendNtNtBb_9interface12CacheBackend3get
FNDA:5,_RNvXs6_NtNtNtNtCshZb5Qtnh6Kg_7oxcache7backend6client7dashmap7backendNtB5_20DashMapMemoryBackendNtNtBb_9interface12CacheBackend3len
FNDA:117,_RNvXs6_NtNtNtNtCshZb5Qtnh6Kg_7oxcache7backend6client7dashmap7backendNtB5_20DashMapMemoryBackendNtNtBb_9interface12CacheBackend3set
FNDA:4,_RNvXs6_NtNtNtNtCshZb5Qtnh6Kg_7oxcache7backend6client7dashmap7backendNtB5_20DashMapMemoryBackendNtNtBb_9interface12CacheBackend3ttl
FNDA:2,_RNvXs6_NtNtNtNtCshZb5Qtnh6Kg_7oxcache7backend6client7dashmap7backendNtB5_20DashMapMemoryBackendNtNtBb_9interface12CacheBackend5clear
FNDA:1,_RNvXs6_NtNtNtNtCshZb5Qtnh6Kg_7oxcache7backend6client7dashmap7backendNtB5_20DashMapMemoryBackendNtNtBb_9interface12CacheBackend5close
FNDA:1,_RNvXs6_NtNtNtNtCshZb5Qtnh6Kg_7oxcache7backend6client7dashmap7backendNtB5_20DashMapMemoryBackendNtNtBb_9interface12CacheBackend5stats
FNDA:0,_RNvXs6_NtNtNtNtCshZb5Qtnh6Kg_7oxcache7backend6client7dashmap7backendNtB5_20DashMapMemoryBackendNtNtBb_9interface12CacheBackend6as_any
FNDA:2,_RNvXs6_NtNtNtNtCshZb5Qtnh6Kg_7oxcache7backend6client7dashmap7backendNtB5_20DashMapMemoryBackendNtNtBb_9interface12CacheBackend6delete
FNDA:6,_RNvXs6_NtNtNtNtCshZb5Qtnh6Kg_7oxcache7backend6client7dashmap7backendNtB5_20DashMapMemoryBackendNtNtBb_9interface12CacheBackend6exists
FNDA:2,_RNvXs6_NtNtNtNtCshZb5Qtnh6Kg_7oxcache7backend6client7dashmap7backendNtB5_20DashMapMemoryBackendNtNtBb_9interface12CacheBackend6expire
FNDA:0,_RNvXs6_NtNtNtNtCshZb5Qtnh6Kg_7oxcache7backend6client7dashmap7backendNtB5_20DashMapMemoryBackendNtNtBb_9interface12CacheBackend8capacity
FNDA:3,_RNvXs6_NtNtNtNtCshZb5Qtnh6Kg_7oxcache7backend6client7dashmap7backendNtB5_20DashMapMemoryBackendNtNtBb_9interface12CacheBackend8is_empty
FNDA:0,_RNvXs_NtNtNtNtCshZb5Qtnh6Kg_7oxcache7backend6client7dashmap7backendNtB4_20DashMapMemoryBackendNtNtCs7dTDQl1DYhd_4core7default7Default7default
FNDA:1,_RNCNvNtNtNtNtNtCs5wHo1olVv6Y_7oxcache7backend6client7dashmap7backend5testss_16test_dashmap_ttl0Bd_
FNDA:1,_RNCNvNtNtNtNtNtCs5wHo1olVv6Y_7oxcache7backend6client7dashmap7backend5testss_29test_dashmap_basic_operations0Bd_
FNDA:0,_RNvMNtNtNtNtCs5wHo1olVv6Y_7oxcache7backend6client7dashmap7backendNtB2_20DashMapMemoryBackend11entry_count
FNDA:0,_RNvMNtNtNtNtCs5wHo1olVv6Y_7oxcache7backend6client7dashmap7backendNtB2_20DashMapMemoryBackend5cache
FNDA:0,_RNvXs0_NtNtNtNtCs5wHo1olVv6Y_7oxcache7backend6client7dashmap7backendNtB5_20DashMapMemoryBackendNtNtCs7dTDQl1DYhd_4core3fmt5Debug3fmt
FNDA:0,_RNvXs1_NtNtNtNtCs5wHo1olVv6Y_7oxcache7backend6client7dashmap7backendNtB5_20DashMapMemoryBackendNtNtBb_5score12BackendScore12backend_name
FNDA:0,_RNvXs1_NtNtNtNtCs5wHo1olVv6Y_7oxcache7backend6client7dashmap7backendNtB5_20DashMapMemoryBackendNtNtBb_5score12BackendScore13is_persistent
FNDA:0,_RNvXs1_NtNtNtNtCs5wHo1olVv6Y_7oxcache7backend6client7dashmap7backendNtB5_20DashMapMemoryBackendNtNtBb_5score12BackendScore5score
FNDA:0,_RNvXs1_NtNtNtNtCs5wHo1olVv6Y_7oxcache7backend6client7dashmap7backendNtB5_20DashMapMemoryBackendNtNtBb_5score12BackendScore6as_any
FNDA:0,_RNvXs6_NtNtNtNtCs5wHo1olVv6Y_7oxcache7backend6client7dashmap7backendNtB5_20DashMapMemoryBackendNtNtBb_9interface12CacheBackend3len
FNDA:0,_RNvXs6_NtNtNtNtCs5wHo1olVv6Y_7oxcache7backend6client7dashmap7backendNtB5_20DashMapMemoryBackendNtNtBb_9interface12CacheBackend3ttl
FNDA:0,_RNvXs6_NtNtNtNtCs5wHo1olVv6Y_7oxcache7backend6client7dashmap7backendNtB5_20DashMapMemoryBackendNtNtBb_9interface12CacheBackend5clear
FNDA:0,_RNvXs6_NtNtNtNtCs5wHo1olVv6Y_7oxcache7backend6client7dashmap7backendNtB5_20DashMapMemoryBackendNtNtBb_9interface12CacheBackend5close
FNDA:0,_RNvXs6_NtNtNtNtCs5wHo1olVv6Y_7oxcache7backend6client7dashmap7backendNtB5_20DashMapMemoryBackendNtNtBb_9interface12CacheBackend6as_any
FNDA:0,_RNvXs6_NtNtNtNtCs5wHo1olVv6Y_7oxcache7backend6client7dashmap7backendNtB5_20DashMapMemoryBackendNtNtBb_9interface12CacheBackend6expire
FNDA:0,_RNvXs6_NtNtNtNtCs5wHo1olVv6Y_7oxcache7backend6client7dashmap7backendNtB5_20DashMapMemoryBackendNtNtBb_9interface12CacheBackend8capacity
FNDA:0,_RNvXs6_NtNtNtNtCs5wHo1olVv6Y_7oxcache7backend6client7dashmap7backendNtB5_20DashMapMemoryBackendNtNtBb_9interface12CacheBackend8is_empty
FNDA:1,_RNCNCNvXs6_NtNtNtNtCs5wHo1olVv6Y_7oxcache7backend6client7dashmap7backendNtB9_20DashMapMemoryBackendNtNtBf_9interface12CacheBackend3get00Bh_
FNDA:1,_RNCNCNvXs6_NtNtNtNtCs5wHo1olVv6Y_7oxcache7backend6client7dashmap7backendNtB9_20DashMapMemoryBackendNtNtBf_9interface12CacheBackend3set00Bh_
FNDA:0,_RNCNvMNtNtNtNtCs5wHo1olVv6Y_7oxcache7backend6client7dashmap7backendNtB4_20DashMapMemoryBackend13evict_if_full0Bc_
FNDA:0,_RNvMNtNtNtNtCs5wHo1olVv6Y_7oxcache7backend6client7dashmap7backendNtB2_20DashMapMemoryBackend13evict_if_full
FNDA:4,_RNvMNtNtNtNtCs5wHo1olVv6Y_7oxcache7backend6client7dashmap7backendNtB2_20DashMapMemoryBackend3new
FNDA:7,_RNvMNtNtNtNtCs5wHo1olVv6Y_7oxcache7backend6client7dashmap7backendNtB2_20DashMapMemoryBackend7builder
FNDA:6,_RNvMNtNtNtNtCs5wHo1olVv6Y_7oxcache7backend6client7dashmap7backendNtB2_20DashMapMemoryBackend8capacity
FNDA:1,_RNvMNtNtNtNtCs5wHo1olVv6Y_7oxcache7backend6client7dashmap7backendNtB2_20DashMapMemoryBackend8hit_rate
FNDA:2,_RNvMs2_NtNtNtNtCs5wHo1olVv6Y_7oxcache7backend6client7dashmap7backendNtB5_21DashMapBackendBuilder11default_ttl
FNDA:7,_RNvMs2_NtNtNtNtCs5wHo1olVv6Y_7oxcache7backend6client7dashmap7backendNtB5_21DashMapBackendBuilder5build
FNDA:3,_RNvMs2_NtNtNtNtCs5wHo1olVv6Y_7oxcache7backend6client7dashmap7backendNtB5_21DashMapBackendBuilder8capacity
FNDA:1,_RNvNtNtNtNtCs5wHo1olVv6Y_7oxcache7backend6client7dashmap7backend14dashmap_memory
FNDA:1,_RNvNtNtNtNtCs5wHo1olVv6Y_7oxcache7backend6client7dashmap7backend28dashmap_memory_with_capacity
FNDA:1,_RNvNtNtNtNtCs5wHo1olVv6Y_7oxcache7backend6client7dashmap7backend36dashmap_memory_with_capacity_and_ttl
FNDA:1,_RNvXs6_NtNtNtNtCs5wHo1olVv6Y_7oxcache7backend6client7dashmap7backendNtB5_20DashMapMemoryBackendNtNtBb_9interface12CacheBackend12health_check
FNDA:1,_RNvXs6_NtNtNtNtCs5wHo1olVv6Y_7oxcache7backend6client7dashmap7backendNtB5_20DashMapMemoryBackendNtNtBb_9interface12CacheBackend3get
FNDA:2,_RNvXs6_NtNtNtNtCs5wHo1olVv6Y_7oxcache7backend6client7dashmap7backendNtB5_20DashMapMemoryBackendNtNtBb_9interface12CacheBackend3set
FNDA:1,_RNvXs6_NtNtNtNtCs5wHo1olVv6Y_7oxcache7backend6client7dashmap7backendNtB5_20DashMapMemoryBackendNtNtBb_9interface12CacheBackend5stats
FNDA:1,_RNvXs6_NtNtNtNtCs5wHo1olVv6Y_7oxcache7backend6client7dashmap7backendNtB5_20DashMapMemoryBackendNtNtBb_9interface12CacheBackend6delete
FNDA:5,_RNvXs6_NtNtNtNtCs5wHo1olVv6Y_7oxcache7backend6client7dashmap7backendNtB5_20DashMapMemoryBackendNtNtBb_9interface12CacheBackend6exists
FNDA:1,_RNvXs_NtNtNtNtCs5wHo1olVv6Y_7oxcache7backend6client7dashmap7backendNtB4_20DashMapMemoryBackendNtNtCs7dTDQl1DYhd_4core7default7Default7default
FNDA:1,_RNvNtNtNtNtNtCs5wHo1olVv6Y_7oxcache7backend6client7dashmap7backend5testss_16test_dashmap_ttl
FNDA:1,_RNvNtNtNtNtNtCs5wHo1olVv6Y_7oxcache7backend6client7dashmap7backend5testss_26test_convenience_functions
FNDA:1,_RNvNtNtNtNtNtCs5wHo1olVv6Y_7oxcache7backend6client7dashmap7backend5testss_28test_dashmap_backend_builder
FNDA:1,_RNvNtNtNtNtNtCs5wHo1olVv6Y_7oxcache7backend6client7dashmap7backend5testss_28test_dashmap_backend_default
FNDA:1,_RNvNtNtNtNtNtCs5wHo1olVv6Y_7oxcache7backend6client7dashmap7backend5testss_29test_dashmap_basic_operations
FNF:43
FNH:37
DA:74,29
DA:75,29
DA:76,29
DA:91,36
DA:92,36
DA:93,36
DA:96,0
DA:98,0
DA:101,0
DA:102,0
DA:103,0
DA:104,0
DA:105,0
DA:108,16
DA:109,16
DA:110,16
DA:113,1
DA:114,1
DA:115,1
DA:118,5
DA:119,5
DA:120,5
DA:121,5
DA:123,5
DA:124,2
DA:126,3
DA:128,5
DA:131,0
DA:132,0
DA:133,0
DA:137,1
DA:138,1
DA:139,1
DA:143,1
DA:144,1
DA:145,1
DA:146,1
DA:147,1
DA:148,1
DA:149,1
DA:154,114
DA:158,111
DA:159,111
DA:162,111
DA:163,4
DA:165,2
DA:166,2
DA:167,2
DA:168,2
DA:169,2
DA:170,2
DA:171,107
DA:173,109
DA:174,109
DA:175,111
DA:182,114
DA:184,119
DA:186,4
DA:204,119
DA:206,3
DA:210,3
DA:212,11
DA:230,11
DA:232,2
DA:238,2
DA:240,1
DA:242,1
DA:244,4
DA:264,4
DA:266,2
DA:277,2
DA:279,2
DA:282,2
DA:284,2
DA:293,2
DA:295,0
DA:296,0
DA:297,0
DA:299,5
DA:301,5
DA:303,3
DA:305,3
DA:307,0
DA:309,0
DA:313,1
DA:314,1
DA:315,1
DA:317,1
DA:318,1
DA:319,1
DA:321,1
DA:322,1
DA:323,1
DA:325,0
DA:326,0
DA:327,0
DA:339,8
DA:340,8
DA:341,8
DA:342,8
DA:345,5
DA:346,5
DA:347,5
DA:348,5
DA:351,39
DA:353,39
DA:354,8
DA:356,31
DA:359,39
DA:360,39
DA:361,39
DA:362,39
DA:363,39
DA:364,39
DA:365,39
DA:366,39
DA:367,39
DA:371,2
DA:372,2
DA:373,2
DA:376,2
DA:377,2
DA:378,2
DA:381,2
DA:382,2
DA:383,2
DA:384,2
DA:385,2
DA:386,2
DA:393,1
DA:394,1
DA:395,1
DA:396,1
DA:397,1
DA:399,1
DA:400,1
DA:403,1
DA:404,1
DA:406,1
DA:407,1
DA:410,1
DA:411,1
DA:414,1
DA:415,1
DA:416,1
DA:419,1
DA:420,1
DA:423,1
DA:424,1
DA:427,1
DA:430,1
DA:431,1
DA:432,1
DA:433,1
DA:436,1
DA:437,1
DA:440,1
DA:441,1
DA:442,1
DA:443,1
DA:446,1
DA:449,1
DA:452,1
DA:453,1
DA:456,1
DA:457,1
DA:458,1
DA:459,1
DA:461,1
DA:462,1
DA:463,1
DA:464,1
BRF:0
BRH:0
LF:177
LH:158
end_of_record
SF:/home/dev/projects/oxcache/src/backend/client/moka/backend.rs
FN:43,_RNvMNtNtNtNtCshZb5Qtnh6Kg_7oxcache7backend6client4moka7backendNtB2_17MokaMemoryBackend11entry_count
FN:28,_RNvMNtNtNtNtCshZb5Qtnh6Kg_7oxcache7backend6client4moka7backendNtB2_17MokaMemoryBackend3new
FN:48,_RNvMNtNtNtNtCshZb5Qtnh6Kg_7oxcache7backend6client4moka7backendNtB2_17MokaMemoryBackend5cache
FN:33,_RNvMNtNtNtNtCshZb5Qtnh6Kg_7oxcache7backend6client4moka7backendNtB2_17MokaMemoryBackend7builder
FN:38,_RNvMNtNtNtNtCshZb5Qtnh6Kg_7oxcache7backend6client4moka7backendNtB2_17MokaMemoryBackend8capacity
FN:181,_RNvMs2_NtNtNtNtCshZb5Qtnh6Kg_7oxcache7backend6client4moka7backendNtB5_24MokaMemoryBackendBuilder12time_to_idle
FN:175,_RNvMs2_NtNtNtNtCshZb5Qtnh6Kg_7oxcache7backend6client4moka7backendNtB5_24MokaMemoryBackendBuilder3ttl
FN:187,_RNvMs2_NtNtNtNtCshZb5Qtnh6Kg_7oxcache7backend6client4moka7backendNtB5_24MokaMemoryBackendBuilder5build
FN:169,_RNvMs2_NtNtNtNtCshZb5Qtnh6Kg_7oxcache7backend6client4moka7backendNtB5_24MokaMemoryBackendBuilder8capacity
FN:212,_RNvNtNtNtNtCshZb5Qtnh6Kg_7oxcache7backend6client4moka7backend11moka_memory
FN:227,_RNvNtNtNtNtCshZb5Qtnh6Kg_7oxcache7backend6client4moka7backend22default_memory_backend
FN:217,_RNvNtNtNtNtCshZb5Qtnh6Kg_7oxcache7backend6client4moka7backend25moka_memory_with_capacity
FN:222,_RNvNtNtNtNtCshZb5Qtnh6Kg_7oxcache7backend6client4moka7backend33moka_memory_with_capacity_and_ttl
FN:60,_RNvXs0_NtNtNtNtCshZb5Qtnh6Kg_7oxcache7backend6client4moka7backendNtB5_17MokaMemoryBackendNtNtCs7dTDQl1DYhd_4core3fmt5Debug3fmt
FN:150,_RNvXs1_NtNtNtNtCshZb5Qtnh6Kg_7oxcache7backend6client4moka7backendNtB5_17MokaMemoryBackendNtNtBb_5score12BackendScore12backend_name
FN:146,_RNvXs1_NtNtNtNtCshZb5Qtnh6Kg_7oxcache7backend6client4moka7backendNtB5_17MokaMemoryBackendNtNtBb_5score12BackendScore13is_persistent
FN:142,_RNvXs1_NtNtNtNtCshZb5Qtnh6Kg_7oxcache7backend6client4moka7backendNtB5_17MokaMemoryBackendNtNtBb_5score12BackendScore5score
FN:154,_RNvXs1_NtNtNtNtCshZb5Qtnh6Kg_7oxcache7backend6client4moka7backendNtB5_17MokaMemoryBackendNtNtBb_5score12BackendScore6as_any
FN:111,_RNvXs4_NtNtNtNtCshZb5Qtnh6Kg_7oxcache7backend6client4moka7backendNtB5_17MokaMemoryBackendNtNtBb_9interface12CacheBackend12health_check
FN:70,_RNvXs4_NtNtNtNtCshZb5Qtnh6Kg_7oxcache7backend6client4moka7backendNtB5_17MokaMemoryBackendNtNtBb_9interface12CacheBackend3get
FN:128,_RNvXs4_NtNtNtNtCshZb5Qtnh6Kg_7oxcache7backend6client4moka7backendNtB5_17MokaMemoryBackendNtNtBb_9interface12CacheBackend3len
FN:74,_RNvXs4_NtNtNtNtCshZb5Qtnh6Kg_7oxcache7backend6client4moka7backendNtB5_17MokaMemoryBackendNtNtBb_9interface12CacheBackend3set
FN:101,_RNvXs4_NtNtNtNtCshZb5Qtnh6Kg_7oxcache7backend6client4moka7backendNtB5_17MokaMemoryBackendNtNtBb_9interface12CacheBackend3ttl
FN:91,_RNvXs4_NtNtNtNtCshZb5Qtnh6Kg_7oxcache7backend6client4moka7backendNtB5_17MokaMemoryBackendNtNtBb_9interface12CacheBackend5clear
FN:96,_RNvXs4_NtNtNtNtCshZb5Qtnh6Kg_7oxcache7backend6client4moka7backendNtB5_17MokaMemoryBackendNtNtBb_9interface12CacheBackend5close
FN:116,_RNvXs4_NtNtNtNtCshZb5Qtnh6Kg_7oxcache7backend6client4moka7backendNtB5_17MokaMemoryBackendNtNtBb_9interface12CacheBackend5stats
FN:124,_RNvXs4_NtNtNtNtCshZb5Qtnh6Kg_7oxcache7backend6client4moka7backendNtB5_17MokaMemoryBackendNtNtBb_9interface12CacheBackend6as_any
FN:82,_RNvXs4_NtNtNtNtCshZb5Qtnh6Kg_7oxcache7backend6client4moka7backendNtB5_17MokaMemoryBackendNtNtBb_9interface12CacheBackend6delete
FN:87,_RNvXs4_NtNtNtNtCshZb5Qtnh6Kg_7oxcache7backend6client4moka7backendNtB5_17MokaMemoryBackendNtNtBb_9interface12CacheBackend6exists
FN:106,_RNvXs4_NtNtNtNtCshZb5Qtnh6Kg_7oxcache7backend6client4moka7backendNtB5_17MokaMemoryBackendNtNtBb_9interface12CacheBackend6expire
FN:136,_RNvXs4_NtNtNtNtCshZb5Qtnh6Kg_7oxcache7backend6client4moka7backendNtB5_17MokaMemoryBackendNtNtBb_9interface12CacheBackend8capacity
FN:132,_RNvXs4_NtNtNtNtCshZb5Qtnh6Kg_7oxcache7backend6client4moka7backendNtB5_17MokaMemoryBackendNtNtBb_9interface12CacheBackend8is_empty
FN:54,_RNvXs_NtNtNtNtCshZb5Qtnh6Kg_7oxcache7backend6client4moka7backendNtB4_17MokaMemoryBackendNtNtCs7dTDQl1DYhd_4core7default7Default7default
FN:43,_RNvMNtNtNtNtCs5wHo1olVv6Y_7oxcache7backend6client4moka7backendNtB2_17MokaMemoryBackend11entry_count
FN:48,_RNvMNtNtNtNtCs5wHo1olVv6Y_7oxcache7backend6client4moka7backendNtB2_17MokaMemoryBackend5cache
FN:227,_RNvNtNtNtNtCs5wHo1olVv6Y_7oxcache7backend6client4moka7backend22default_memory_backend
FN:60,_RNvXs0_NtNtNtNtCs5wHo1olVv6Y_7oxcache7backend6client4moka7backendNtB5_17MokaMemoryBackendNtNtCs7dTDQl1DYhd_4core3fmt5Debug3fmt
FN:154,_RNvXs1_NtNtNtNtCs5wHo1olVv6Y_7oxcache7backend6client4moka7backendNtB5_17MokaMemoryBackendNtNtBb_5score12BackendScore6as_any
FN:236,_RNvNtNtNtNtNtCs5wHo1olVv6Y_7oxcache7backend6client4moka7backend5testss_25test_moka_backend_builder
FN:247,_RNvNtNtNtNtNtCs5wHo1olVv6Y_7oxcache7backend6client4moka7backend5testss_25test_moka_backend_default
FN:280,_RNvNtNtNtNtNtCs5wHo1olVv6Y_7oxcache7backend6client4moka7backend5testss_26test_convenience_functions
FN:254,_RNvNtNtNtNtNtCs5wHo1olVv6Y_7oxcache7backend6client4moka7backend5testss_26test_moka_basic_operations
FN:28,_RNvMNtNtNtNtCs5wHo1olVv6Y_7oxcache7backend6client4moka7backendNtB2_17MokaMemoryBackend3new
FN:33,_RNvMNtNtNtNtCs5wHo1olVv6Y_7oxcache7backend6client4moka7backendNtB2_17MokaMemoryBackend7builder
FN:38,_RNvMNtNtNtNtCs5wHo1olVv6Y_7oxcache7backend6client4moka7backendNtB2_17MokaMemoryBackend8capacity
FN:181,_RNvMs2_NtNtNtNtCs5wHo1olVv6Y_7oxcache7backend6client4moka7backendNtB5_24MokaMemoryBackendBuilder12time_to_idle
FN:175,_RNvMs2_NtNtNtNtCs5wHo1olVv6Y_7oxcache7backend6client4moka7backendNtB5_24MokaMemoryBackendBuilder3ttl
FN:187,_RNvMs2_NtNtNtNtCs5wHo1olVv6Y_7oxcache7backend6client4moka7backendNtB5_24MokaMemoryBackendBuilder5build
FN:169,_RNvMs2_NtNtNtNtCs5wHo1olVv6Y_7oxcache7backend6client4moka7backendNtB5_24MokaMemoryBackendBuilder8capacity
FN:212,_RNvNtNtNtNtCs5wHo1olVv6Y_7oxcache7backend6client4moka7backend11moka_memory
FN:217,_RNvNtNtNtNtCs5wHo1olVv6Y_7oxcache7backend6client4moka7backend25moka_memory_with_capacity
FN:222,_RNvNtNtNtNtCs5wHo1olVv6Y_7oxcache7backend6client4moka7backend33moka_memory_with_capacity_and_ttl
FN:150,_RNvXs1_NtNtNtNtCs5wHo1olVv6Y_7oxcache7backend6client4moka7backendNtB5_17MokaMemoryBackendNtNtBb_5score12BackendScore12backend_name
FN:146,_RNvXs1_NtNtNtNtCs5wHo1olVv6Y_7oxcache7backend6client4moka7backendNtB5_17MokaMemoryBackendNtNtBb_5score12BackendScore13is_persistent
FN:142,_RNvXs1_NtNtNtNtCs5wHo1olVv6Y_7oxcache7backend6client4moka7backendNtB5_17MokaMemoryBackendNtNtBb_5score12BackendScore5score
FN:111,_RNvXs4_NtNtNtNtCs5wHo1olVv6Y_7oxcache7backend6client4moka7backendNtB5_17MokaMemoryBackendNtNtBb_9interface12CacheBackend12health_check
FN:70,_RNvXs4_NtNtNtNtCs5wHo1olVv6Y_7oxcache7backend6client4moka7backendNtB5_17MokaMemoryBackendNtNtBb_9interface12CacheBackend3get
FN:128,_RNvXs4_NtNtNtNtCs5wHo1olVv6Y_7oxcache7backend6client4moka7backendNtB5_17MokaMemoryBackendNtNtBb_9interface12CacheBackend3len
FN:74,_RNvXs4_NtNtNtNtCs5wHo1olVv6Y_7oxcache7backend6client4moka7backendNtB5_17MokaMemoryBackendNtNtBb_9interface12CacheBackend3set
FN:101,_RNvXs4_NtNtNtNtCs5wHo1olVv6Y_7oxcache7backend6client4moka7backendNtB5_17MokaMemoryBackendNtNtBb_9interface12CacheBackend3ttl
FN:91,_RNvXs4_NtNtNtNtCs5wHo1olVv6Y_7oxcache7backend6client4moka7backendNtB5_17MokaMemoryBackendNtNtBb_9interface12CacheBackend5clear
FN:96,_RNvXs4_NtNtNtNtCs5wHo1olVv6Y_7oxcache7backend6client4moka7backendNtB5_17MokaMemoryBackendNtNtBb_9interface12CacheBackend5close
FN:116,_RNvXs4_NtNtNtNtCs5wHo1olVv6Y_7oxcache7backend6client4moka7backendNtB5_17MokaMemoryBackendNtNtBb_9interface12CacheBackend5stats
FN:124,_RNvXs4_NtNtNtNtCs5wHo1olVv6Y_7oxcache7backend6client4moka7backendNtB5_17MokaMemoryBackendNtNtBb_9interface12CacheBackend6as_any
FN:82,_RNvXs4_NtNtNtNtCs5wHo1olVv6Y_7oxcache7backend6client4moka7backendNtB5_17MokaMemoryBackendNtNtBb_9interface12CacheBackend6delete
FN:87,_RNvXs4_NtNtNtNtCs5wHo1olVv6Y_7oxcache7backend6client4moka7backendNtB5_17MokaMemoryBackendNtNtBb_9interface12CacheBackend6exists
FN:106,_RNvXs4_NtNtNtNtCs5wHo1olVv6Y_7oxcache7backend6client4moka7backendNtB5_17MokaMemoryBackendNtNtBb_9interface12CacheBackend6expire
FN:136,_RNvXs4_NtNtNtNtCs5wHo1olVv6Y_7oxcache7backend6client4moka7backendNtB5_17MokaMemoryBackendNtNtBb_9interface12CacheBackend8capacity
FN:132,_RNvXs4_NtNtNtNtCs5wHo1olVv6Y_7oxcache7backend6client4moka7backendNtB5_17MokaMemoryBackendNtNtBb_9interface12CacheBackend8is_empty
FN:54,_RNvXs_NtNtNtNtCs5wHo1olVv6Y_7oxcache7backend6client4moka7backendNtB4_17MokaMemoryBackendNtNtCs7dTDQl1DYhd_4core7default7Default7default
FN:254,_RNCNvNtNtNtNtNtCs5wHo1olVv6Y_7oxcache7backend6client4moka7backend5testss_26test_moka_basic_operations0Bd_
FNDA:0,_RNvMNtNtNtNtCshZb5Qtnh6Kg_7oxcache7backend6client4moka7backendNtB2_17MokaMemoryBackend11entry_count
FNDA:19,_RNvMNtNtNtNtCshZb5Qtnh6Kg_7oxcache7backend6client4moka7backendNtB2_17MokaMemoryBackend3new
FNDA:0,_RNvMNtNtNtNtCshZb5Qtnh6Kg_7oxcache7backend6client4moka7backendNtB2_17MokaMemoryBackend5cache
FNDA:85,_RNvMNtNtNtNtCshZb5Qtnh6Kg_7oxcache7backend6client4moka7backendNtB2_17MokaMemoryBackend7builder
FNDA:0,_RNvMNtNtNtNtCshZb5Qtnh6Kg_7oxcache7backend6client4moka7backendNtB2_17MokaMemoryBackend8capacity
FNDA:0,_RNvMs2_NtNtNtNtCshZb5Qtnh6Kg_7oxcache7backend6client4moka7backendNtB5_24MokaMemoryBackendBuilder12time_to_idle
FNDA:2,_RNvMs2_NtNtNtNtCshZb5Qtnh6Kg_7oxcache7backend6client4moka7backendNtB5_24MokaMemoryBackendBuilder3ttl
FNDA:85,_RNvMs2_NtNtNtNtCshZb5Qtnh6Kg_7oxcache7backend6client4moka7backendNtB5_24MokaMemoryBackendBuilder5build
FNDA:66,_RNvMs2_NtNtNtNtCshZb5Qtnh6Kg_7oxcache7backend6client4moka7backendNtB5_24MokaMemoryBackendBuilder8capacity
FNDA:0,_RNvNtNtNtNtCshZb5Qtnh6Kg_7oxcache7backend6client4moka7backend11moka_memory
FNDA:0,_RNvNtNtNtNtCshZb5Qtnh6Kg_7oxcache7backend6client4moka7backend22default_memory_backend
FNDA:0,_RNvNtNtNtNtCshZb5Qtnh6Kg_7oxcache7backend6client4moka7backend25moka_memory_with_capacity
FNDA:0,_RNvNtNtNtNtCshZb5Qtnh6Kg_7oxcache7backend6client4moka7backend33moka_memory_with_capacity_and_ttl
FNDA:0,_RNvXs0_NtNtNtNtCshZb5Qtnh6Kg_7oxcache7backend6client4moka7backendNtB5_17MokaMemoryBackendNtNtCs7dTDQl1DYhd_4core3fmt5Debug3fmt
FNDA:13,_RNvXs1_NtNtNtNtCshZb5Qtnh6Kg_7oxcache7backend6client4moka7backendNtB5_17MokaMemoryBackendNtNtBb_5score12BackendScore12backend_name
FNDA:13,_RNvXs1_NtNtNtNtCshZb5Qtnh6Kg_7oxcache7backend6client4moka7backendNtB5_17MokaMemoryBackendNtNtBb_5score12BackendScore13is_persistent
FNDA:14,_RNvXs1_NtNtNtNtCshZb5Qtnh6Kg_7oxcache7backend6client4moka7backendNtB5_17MokaMemoryBackendNtNtBb_5score12BackendScore5score
FNDA:0,_RNvXs1_NtNtNtNtCshZb5Qtnh6Kg_7oxcache7backend6client4moka7backendNtB5_17MokaMemoryBackendNtNtBb_5score12BackendScore6as_any
FNDA:2,_RNvXs4_NtNtNtNtCshZb5Qtnh6Kg_7oxcache7backend6client4moka7backendNtB5_17MokaMemoryBackendNtNtBb_9interface12CacheBackend12health_check
FNDA:34419,_RNvXs4_NtNtNtNtCshZb5Qtnh6Kg_7oxcache7backend6client4moka7backendNtB5_17MokaMemoryBackendNtNtBb_9interface12CacheBackend3get
FNDA:1,_RNvXs4_NtNtNtNtCshZb5Qtnh6Kg_7oxcache7backend6client4moka7backendNtB5_17MokaMemoryBackendNtNtBb_9interface12CacheBackend3len
FNDA:49512,_RNvXs4_NtNtNtNtCshZb5Qtnh6Kg_7oxcache7backend6client4moka7backendNtB5_17MokaMemoryBackendNtNtBb_9interface12CacheBackend3set
FNDA:0,_RNvXs4_NtNtNtNtCshZb5Qtnh6Kg_7oxcache7backend6client4moka7backendNtB5_17MokaMemoryBackendNtNtBb_9interface12CacheBackend3ttl
FNDA:56,_RNvXs4_NtNtNtNtCshZb5Qtnh6Kg_7oxcache7backend6client4moka7backendNtB5_17MokaMemoryBackendNtNtBb_9interface12CacheBackend5clear
FNDA:2,_RNvXs4_NtNtNtNtCshZb5Qtnh6Kg_7oxcache7backend6client4moka7backendNtB5_17MokaMemoryBackendNtNtBb_9interface12CacheBackend5close
FNDA:1,_RNvXs4_NtNtNtNtCshZb5Qtnh6Kg_7oxcache7backend6client4moka7backendNtB5_17MokaMemoryBackendNtNtBb_9interface12CacheBackend5stats
FNDA:4,_RNvXs4_NtNtNtNtCshZb5Qtnh6Kg_7oxcache7backend6client4moka7backendNtB5_17MokaMemoryBackendNtNtBb_9interface12CacheBackend6as_any
FNDA:2234,_RNvXs4_NtNtNtNtCshZb5Qtnh6Kg_7oxcache7backend6client4moka7backendNtB5_17MokaMemoryBackendNtNtBb_9interface12CacheBackend6delete
FNDA:29,_RNvXs4_NtNtNtNtCshZb5Qtnh6Kg_7oxcache7backend6client4moka7backendNtB5_17MokaMemoryBackendNtNtBb_9interface12CacheBackend6exists
FNDA:0,_RNvXs4_NtNtNtNtCshZb5Qtnh6Kg_7oxcache7backend6client4moka7backendNtB5_17MokaMemoryBackendNtNtBb_9interface12CacheBackend6expire
FNDA:1,_RNvXs4_NtNtNtNtCshZb5Qtnh6Kg_7oxcache7backend6client4moka7backendNtB5_17MokaMemoryBackendNtNtBb_9interface12CacheBackend8capacity
FNDA:0,_RNvXs4_NtNtNtNtCshZb5Qtnh6Kg_7oxcache7backend6client4moka7backendNtB5_17MokaMemoryBackendNtNtBb_9interface12CacheBackend8is_empty
FNDA:0,_RNvXs_NtNtNtNtCshZb5Qtnh6Kg_7oxcache7backend6client4moka7backendNtB4_17MokaMemoryBackendNtNtCs7dTDQl1DYhd_4core7default7Default7default
FNDA:0,_RNvMNtNtNtNtCs5wHo1olVv6Y_7oxcache7backend6client4moka7backendNtB2_17MokaMemoryBackend11entry_count
FNDA:0,_RNvMNtNtNtNtCs5wHo1olVv6Y_7oxcache7backend6client4moka7backendNtB2_17MokaMemoryBackend5cache
FNDA:0,_RNvNtNtNtNtCs5wHo1olVv6Y_7oxcache7backend6client4moka7backend22default_memory_backend
FNDA:0,_RNvXs0_NtNtNtNtCs5wHo1olVv6Y_7oxcache7backend6client4moka7backendNtB5_17MokaMemoryBackendNtNtCs7dTDQl1DYhd_4core3fmt5Debug3fmt
FNDA:0,_RNvXs1_NtNtNtNtCs5wHo1olVv6Y_7oxcache7backend6client4moka7backendNtB5_17MokaMemoryBackendNtNtBb_5score12BackendScore6as_any
FNDA:1,_RNvNtNtNtNtNtCs5wHo1olVv6Y_7oxcache7backend6client4moka7backend5testss_25test_moka_backend_builder
FNDA:1,_RNvNtNtNtNtNtCs5wHo1olVv6Y_7oxcache7backend6client4moka7backend5testss_25test_moka_backend_default
FNDA:1,_RNvNtNtNtNtNtCs5wHo1olVv6Y_7oxcache7backend6client4moka7backend5testss_26test_convenience_functions
FNDA:1,_RNvNtNtNtNtNtCs5wHo1olVv6Y_7oxcache7backend6client4moka7backend5testss_26test_moka_basic_operations
FNDA:6,_RNvMNtNtNtNtCs5wHo1olVv6Y_7oxcache7backend6client4moka7backendNtB2_17MokaMemoryBackend3new
FNDA:21,_RNvMNtNtNtNtCs5wHo1olVv6Y_7oxcache7backend6client4moka7backendNtB2_17MokaMemoryBackend7builder
FNDA:5,_RNvMNtNtNtNtCs5wHo1olVv6Y_7oxcache7backend6client4moka7backendNtB2_17MokaMemoryBackend8capacity
FNDA:1,_RNvMs2_NtNtNtNtCs5wHo1olVv6Y_7oxcache7backend6client4moka7backendNtB5_24MokaMemoryBackendBuilder12time_to_idle
FNDA:4,_RNvMs2_NtNtNtNtCs5wHo1olVv6Y_7oxcache7backend6client4moka7backendNtB5_24MokaMemoryBackendBuilder3ttl
FNDA:21,_RNvMs2_NtNtNtNtCs5wHo1olVv6Y_7oxcache7backend6client4moka7backendNtB5_24MokaMemoryBackendBuilder5build
FNDA:15,_RNvMs2_NtNtNtNtCs5wHo1olVv6Y_7oxcache7backend6client4moka7backendNtB5_24MokaMemoryBackendBuilder8capacity
FNDA:1,_RNvNtNtNtNtCs5wHo1olVv6Y_7oxcache7backend6client4moka7backend11moka_memory
FNDA:1,_RNvNtNtNtNtCs5wHo1olVv6Y_7oxcache7backend6client4moka7backend25moka_memory_with_capacity
FNDA:1,_RNvNtNtNtNtCs5wHo1olVv6Y_7oxcache7backend6client4moka7backend33moka_memory_with_capacity_and_ttl
FNDA:1,_RNvXs1_NtNtNtNtCs5wHo1olVv6Y_7oxcache7backend6client4moka7backendNtB5_17MokaMemoryBackendNtNtBb_5score12BackendScore12backend_name
FNDA:1,_RNvXs1_NtNtNtNtCs5wHo1olVv6Y_7oxcache7backend6client4moka7backendNtB5_17MokaMemoryBackendNtNtBb_5score12BackendScore13is_persistent
FNDA:1,_RNvXs1_NtNtNtNtCs5wHo1olVv6Y_7oxcache7backend6client4moka7backendNtB5_17MokaMemoryBackendNtNtBb_5score12BackendScore5score
FNDA:5,_RNvXs4_NtNtNtNtCs5wHo1olVv6Y_7oxcache7backend6client4moka7backendNtB5_17MokaMemoryBackendNtNtBb_9interface12CacheBackend12health_check
FNDA:14,_RNvXs4_NtNtNtNtCs5wHo1olVv6Y_7oxcache7backend6client4moka7backendNtB5_17MokaMemoryBackendNtNtBb_9interface12CacheBackend3get
FNDA:0,_RNvXs4_NtNtNtNtCs5wHo1olVv6Y_7oxcache7backend6client4moka7backendNtB5_17MokaMemoryBackendNtNtBb_9interface12CacheBackend3len
FNDA:11,_RNvXs4_NtNtNtNtCs5wHo1olVv6Y_7oxcache7backend6client4moka7backendNtB5_17MokaMemoryBackendNtNtBb_9interface12CacheBackend3set
FNDA:0,_RNvXs4_NtNtNtNtCs5wHo1olVv6Y_7oxcache7backend6client4moka7backendNtB5_17MokaMemoryBackendNtNtBb_9interface12CacheBackend3ttl
FNDA:1,_RNvXs4_NtNtNtNtCs5wHo1olVv6Y_7oxcache7backend6client4moka7backendNtB5_17MokaMemoryBackendNtNtBb_9interface12CacheBackend5clear
FNDA:0,_RNvXs4_NtNtNtNtCs5wHo1olVv6Y_7oxcache7backend6client4moka7backendNtB5_17MokaMemoryBackendNtNtBb_9interface12CacheBackend5close
FNDA:1,_RNvXs4_NtNtNtNtCs5wHo1olVv6Y_7oxcache7backend6client4moka7backendNtB5_17MokaMemoryBackendNtNtBb_9interface12CacheBackend5stats
FNDA:0,_RNvXs4_NtNtNtNtCs5wHo1olVv6Y_7oxcache7backend6client4moka7backendNtB5_17MokaMemoryBackendNtNtBb_9interface12CacheBackend6as_any
FNDA:7,_RNvXs4_NtNtNtNtCs5wHo1olVv6Y_7oxcache7backend6client4moka7backendNtB5_17MokaMemoryBackendNtNtBb_9interface12CacheBackend6delete
FNDA:12,_RNvXs4_NtNtNtNtCs5wHo1olVv6Y_7oxcache7backend6client4moka7backendNtB5_17MokaMemoryBackendNtNtBb_9interface12CacheBackend6exists
FNDA:0,_RNvXs4_NtNtNtNtCs5wHo1olVv6Y_7oxcache7backend6client4moka7backendNtB5_17MokaMemoryBackendNtNtBb_9interface12CacheBackend6expire
FNDA:0,_RNvXs4_NtNtNtNtCs5wHo1olVv6Y_7oxcache7backend6client4moka7backendNtB5_17MokaMemoryBackendNtNtBb_9interface12CacheBackend8capacity
FNDA:0,_RNvXs4_NtNtNtNtCs5wHo1olVv6Y_7oxcache7backend6client4moka7backendNtB5_17MokaMemoryBackendNtNtBb_9interface12CacheBackend8is_empty
FNDA:1,_RNvXs_NtNtNtNtCs5wHo1olVv6Y_7oxcache7backend6client4moka7backendNtB4_17MokaMemoryBackendNtNtCs7dTDQl1DYhd_4core7default7Default7default
FNDA:1,_RNCNvNtNtNtNtNtCs5wHo1olVv6Y_7oxcache7backend6client4moka7backend5testss_26test_moka_basic_operations0Bd_
FNF:38
FNH:30
DA:28,25
DA:29,25
DA:30,25
DA:33,106
DA:34,106
DA:35,106
DA:38,5
DA:39,5
DA:40,5
DA:43,0
DA:44,0
DA:45,0
DA:48,0
DA:49,0
DA:50,0
DA:54,1
DA:55,1
DA:56,1
DA:60,0
DA:61,0
DA:62,0
DA:63,0
DA:64,0
DA:65,0
DA:70,34433
DA:72,34433
DA:74,49523
DA:80,49523
DA:82,2241
DA:85,2241
DA:87,41
DA:89,41
DA:91,57
DA:94,57
DA:96,2
DA:99,2
DA:101,0
DA:104,0
DA:106,0
DA:109,0
DA:111,7
DA:114,7
DA:116,2
DA:122,2
DA:124,4
DA:125,4
DA:126,4
DA:128,1
DA:130,1
DA:132,0
DA:134,0
DA:136,1
DA:138,1
DA:142,15
DA:143,15
DA:144,15
DA:146,14
DA:147,14
DA:148,14
DA:150,14
DA:151,14
DA:152,14
DA:154,0
DA:155,0
DA:156,0
DA:169,81
DA:170,81
DA:171,81
DA:172,81
DA:175,6
DA:176,6
DA:177,6
DA:178,6
DA:181,1
DA:182,1
DA:183,1
DA:184,1
DA:187,106
DA:189,106
DA:190,81
DA:192,25
DA:195,106
DA:197,106
DA:198,6
DA:199,100
DA:201,106
DA:202,1
DA:203,105
DA:205,106
DA:207,106
DA:208,106
DA:212,1
DA:213,1
DA:214,1
DA:217,1
DA:218,1
DA:219,1
DA:222,1
DA:223,1
DA:224,1
DA:227,0
DA:228,0
DA:229,0
DA:236,1
DA:237,1
DA:238,1
DA:239,1
DA:240,1
DA:241,1
DA:243,1
DA:244,1
DA:247,1
DA:248,1
DA:250,1
DA:251,1
DA:254,1
DA:255,1
DA:258,1
DA:261,1
DA:264,1
DA:265,1
DA:268,1
DA:269,1
DA:272,1
DA:275,1
DA:276,1
DA:277,1
DA:280,1
DA:281,1
DA:282,1
DA:283,1
DA:285,1
DA:286,1
DA:287,1
DA:288,1
BRF:0
BRH:0
LF:137
LH:113
end_of_record
SF:/home/dev/projects/oxcache/src/backend/client/redis/client.rs
FN:130,_RNCNCNvMs_NtNtNtNtCshZb5Qtnh6Kg_7oxcache7backend6client5redis6clientNtB8_12RedisBackend4ping00Cs6rlwF7gVY2u_5chaos
FN:125,_RNCNvMs_NtNtNtNtCshZb5Qtnh6Kg_7oxcache7backend6client5redis6clientNtB6_12RedisBackend4ping0Cs6rlwF7gVY2u_5chaos
FN:689,_RNCNCNvMs2_NtNtNtNtCshZb5Qtnh6Kg_7oxcache7backend6client5redis6clientNtB9_12RedisBackend11script_load00Bh_
FN:629,_RNCNCNvMs2_NtNtNtNtCshZb5Qtnh6Kg_7oxcache7backend6client5redis6clientNtB9_12RedisBackend8eval_lua00Bh_
FN:648,_RNCNCNvMs2_NtNtNtNtCshZb5Qtnh6Kg_7oxcache7backend6client5redis6clientNtB9_12RedisBackend8eval_sha00Bh_
FN:675,_RNCNCNvMs2_NtNtNtNtCshZb5Qtnh6Kg_7oxcache7backend6client5redis6clientNtB9_12RedisBackend8eval_sha0s_0Bh_
FN:130,_RNCNCNvMs_NtNtNtNtCshZb5Qtnh6Kg_7oxcache7backend6client5redis6clientNtB8_12RedisBackend4ping00Bg_
FN:679,_RNCNvMs2_NtNtNtNtCshZb5Qtnh6Kg_7oxcache7backend6client5redis6clientNtB7_12RedisBackend11script_load0Bf_
FN:611,_RNCNvMs2_NtNtNtNtCshZb5Qtnh6Kg_7oxcache7backend6client5redis6clientNtB7_12RedisBackend8eval_lua0Bf_
FN:646,_RNCNvMs2_NtNtNtNtCshZb5Qtnh6Kg_7oxcache7backend6client5redis6clientNtB7_12RedisBackend8eval_sha0Bf_
FN:125,_RNCNvMs_NtNtNtNtCshZb5Qtnh6Kg_7oxcache7backend6client5redis6clientNtB6_12RedisBackend4ping0Be_
FN:78,_RNCNvMs_NtNtNtNtCshZb5Qtnh6Kg_7oxcache7backend6client5redis6clientNtB6_12RedisBackend9with_pool0Be_
FN:306,_RNCNCNvMs0_NtNtNtNtCshZb5Qtnh6Kg_7oxcache7backend6client5redis6clientNtB9_19RedisBackendBuilder5build00Bh_
FN:328,_RNCNCNvMs0_NtNtNtNtCshZb5Qtnh6Kg_7oxcache7backend6client5redis6clientNtB9_19RedisBackendBuilder5build0s0_0Bh_
FN:311,_RNCNCNvMs0_NtNtNtNtCshZb5Qtnh6Kg_7oxcache7backend6client5redis6clientNtB9_19RedisBackendBuilder5build0s_0Bh_
FN:226,_RNCNCNvMs_NtNtNtNtCshZb5Qtnh6Kg_7oxcache7backend6client5redis6clientNtB8_12RedisBackend17get_many_pipeline00Bg_
FN:180,_RNCNCNvMs_NtNtNtNtCshZb5Qtnh6Kg_7oxcache7backend6client5redis6clientNtB8_12RedisBackend17set_many_pipeline00Bg_
FN:269,_RNCNCNvMs_NtNtNtNtCshZb5Qtnh6Kg_7oxcache7backend6client5redis6clientNtB8_12RedisBackend20delete_many_pipeline00Bg_
FN:581,_RNCNCNvXsb_NtNtNtNtCshZb5Qtnh6Kg_7oxcache7backend6client5redis6clientNtB9_12RedisBackendNtNtBf_9interface12CacheBackend11delete_many00Bh_
FN:505,_RNCNCNvXsb_NtNtNtNtCshZb5Qtnh6Kg_7oxcache7backend6client5redis6clientNtB9_12RedisBackendNtNtBf_9interface12CacheBackend12health_check00Bh_
FN:363,_RNCNCNvXsb_NtNtNtNtCshZb5Qtnh6Kg_7oxcache7backend6client5redis6clientNtB9_12RedisBackendNtNtBf_9interface12CacheBackend3get00Bh_
FN:531,_RNCNCNvXsb_NtNtNtNtCshZb5Qtnh6Kg_7oxcache7backend6client5redis6clientNtB9_12RedisBackendNtNtBf_9interface12CacheBackend3len00Bh_
FN:380,_RNCNCNvXsb_NtNtNtNtCshZb5Qtnh6Kg_7oxcache7backend6client5redis6clientNtB9_12RedisBackendNtNtBf_9interface12CacheBackend3set00Bh_
FN:387,_RNCNCNvXsb_NtNtNtNtCshZb5Qtnh6Kg_7oxcache7backend6client5redis6clientNtB9_12RedisBackendNtNtBf_9interface12CacheBackend3set0s_0Bh_
FN:425,_RNCNCNvXsb_NtNtNtNtCshZb5Qtnh6Kg_7oxcache7backend6client5redis6clientNtB9_12RedisBackendNtNtBf_9interface12CacheBackend3ttl00Bh_
FN:464,_RNCNCNvXsb_NtNtNtNtCshZb5Qtnh6Kg_7oxcache7backend6client5redis6clientNtB9_12RedisBackendNtNtBf_9interface12CacheBackend5clear00Bh_
FN:478,_RNCNCNvXsb_NtNtNtNtCshZb5Qtnh6Kg_7oxcache7backend6client5redis6clientNtB9_12RedisBackendNtNtBf_9interface12CacheBackend5clear0s_0Bh_
FN:515,_RNCNCNvXsb_NtNtNtNtCshZb5Qtnh6Kg_7oxcache7backend6client5redis6clientNtB9_12RedisBackendNtNtBf_9interface12CacheBackend5stats00Bh_
FN:401,_RNCNCNvXsb_NtNtNtNtCshZb5Qtnh6Kg_7oxcache7backend6client5redis6clientNtB9_12RedisBackendNtNtBf_9interface12CacheBackend6delete00Bh_
FN:413,_RNCNCNvXsb_NtNtNtNtCshZb5Qtnh6Kg_7oxcache7backend6client5redis6clientNtB9_12RedisBackendNtNtBf_9interface12CacheBackend6exists00Bh_
FN:443,_RNCNCNvXsb_NtNtNtNtCshZb5Qtnh6Kg_7oxcache7backend6client5redis6clientNtB9_12RedisBackendNtNtBf_9interface12CacheBackend6expire00Bh_
FN:570,_RNCNCNvXsb_NtNtNtNtCshZb5Qtnh6Kg_7oxcache7backend6client5redis6clientNtB9_12RedisBackendNtNtBf_9interface12CacheBackend8get_many00Bh_
FN:555,_RNCNCNvXsb_NtNtNtNtCshZb5Qtnh6Kg_7oxcache7backend6client5redis6clientNtB9_12RedisBackendNtNtBf_9interface12CacheBackend8set_many00Bh_
FN:303,_RNCNvMs0_NtNtNtNtCshZb5Qtnh6Kg_7oxcache7backend6client5redis6clientNtB7_19RedisBackendBuilder5build0Bf_
FN:206,_RNCNvMs_NtNtNtNtCshZb5Qtnh6Kg_7oxcache7backend6client5redis6clientNtB6_12RedisBackend17get_many_pipeline0Be_
FN:157,_RNCNvMs_NtNtNtNtCshZb5Qtnh6Kg_7oxcache7backend6client5redis6clientNtB6_12RedisBackend17set_many_pipeline0Be_
FN:250,_RNCNvMs_NtNtNtNtCshZb5Qtnh6Kg_7oxcache7backend6client5redis6clientNtB6_12RedisBackend20delete_many_pipeline0Be_
FN:73,_RNCNvMs_NtNtNtNtCshZb5Qtnh6Kg_7oxcache7backend6client5redis6clientNtB6_12RedisBackend3new0Be_
FN:285,_RNvMs0_NtNtNtNtCshZb5Qtnh6Kg_7oxcache7backend6client5redis6clientNtB5_19RedisBackendBuilder17connection_string
FN:291,_RNvMs0_NtNtNtNtCshZb5Qtnh6Kg_7oxcache7backend6client5redis6clientNtB5_19RedisBackendBuilder4mode
FN:303,_RNvMs0_NtNtNtNtCshZb5Qtnh6Kg_7oxcache7backend6client5redis6clientNtB5_19RedisBackendBuilder5build
FN:297,_RNvMs0_NtNtNtNtCshZb5Qtnh6Kg_7oxcache7backend6client5redis6clientNtB5_19RedisBackendBuilder9pool_size
FN:679,_RNvMs2_NtNtNtNtCshZb5Qtnh6Kg_7oxcache7backend6client5redis6clientNtB5_12RedisBackend11script_load
FN:611,_RNvMs2_NtNtNtNtCshZb5Qtnh6Kg_7oxcache7backend6client5redis6clientNtB5_12RedisBackend8eval_lua
FN:646,_RNvMs2_NtNtNtNtCshZb5Qtnh6Kg_7oxcache7backend6client5redis6clientNtB5_12RedisBackend8eval_sha
FN:206,_RNvMs_NtNtNtNtCshZb5Qtnh6Kg_7oxcache7backend6client5redis6clientNtB4_12RedisBackend17get_many_pipeline
FN:157,_RNvMs_NtNtNtNtCshZb5Qtnh6Kg_7oxcache7backend6client5redis6clientNtB4_12RedisBackend17set_many_pipeline
FN:250,_RNvMs_NtNtNtNtCshZb5Qtnh6Kg_7oxcache7backend6client5redis6clientNtB4_12RedisBackend20delete_many_pipeline
FN:97,_RNvMs_NtNtNtNtCshZb5Qtnh6Kg_7oxcache7backend6client5redis6clientNtB4_12RedisBackend24redact_connection_string
FN:73,_RNvMs_NtNtNtNtCshZb5Qtnh6Kg_7oxcache7backend6client5redis6clientNtB4_12RedisBackend3new
FN:115,_RNvMs_NtNtNtNtCshZb5Qtnh6Kg_7oxcache7backend6client5redis6clientNtB4_12RedisBackend4mode
FN:125,_RNvMs_NtNtNtNtCshZb5Qtnh6Kg_7oxcache7backend6client5redis6clientNtB4_12RedisBackend4ping
FN:120,_RNvMs_NtNtNtNtCshZb5Qtnh6Kg_7oxcache7backend6client5redis6clientNtB4_12RedisBackend6client
FN:83,_RNvMs_NtNtNtNtCshZb5Qtnh6Kg_7oxcache7backend6client5redis6clientNtB4_12RedisBackend7builder
FN:78,_RNvMs_NtNtNtNtCshZb5Qtnh6Kg_7oxcache7backend6client5redis6clientNtB4_12RedisBackend9with_pool
FN:605,_RNvNtNtNtNtCshZb5Qtnh6Kg_7oxcache7backend6client5redis6client19is_connection_error
FN:43,_RNvXNtNtNtNtCshZb5Qtnh6Kg_7oxcache7backend6client5redis6clientNtB2_11RedisConfigNtNtCs7dTDQl1DYhd_4core7default7Default7default
FN:596,_RNvXs1_NtNtNtNtCshZb5Qtnh6Kg_7oxcache7backend6client5redis6clientNtB5_12RedisBackendNtNtBb_5score12BackendScore12backend_name
FN:592,_RNvXs1_NtNtNtNtCshZb5Qtnh6Kg_7oxcache7backend6client5redis6clientNtB5_12RedisBackendNtNtBb_5score12BackendScore13is_persistent
FN:588,_RNvXs1_NtNtNtNtCshZb5Qtnh6Kg_7oxcache7backend6client5redis6clientNtB5_12RedisBackendNtNtBb_5score12BackendScore5score
FN:600,_RNvXs1_NtNtNtNtCshZb5Qtnh6Kg_7oxcache7backend6client5redis6clientNtB5_12RedisBackendNtNtBb_5score12BackendScore6as_any
FN:575,_RNvXsb_NtNtNtNtCshZb5Qtnh6Kg_7oxcache7backend6client5redis6clientNtB5_12RedisBackendNtNtBb_9interface12CacheBackend11delete_many
FN:500,_RNvXsb_NtNtNtNtCshZb5Qtnh6Kg_7oxcache7backend6client5redis6clientNtB5_12RedisBackendNtNtBb_9interface12CacheBackend12health_check
FN:355,_RNvXsb_NtNtNtNtCshZb5Qtnh6Kg_7oxcache7backend6client5redis6clientNtB5_12RedisBackendNtNtBb_9interface12CacheBackend3get
FN:526,_RNvXsb_NtNtNtNtCshZb5Qtnh6Kg_7oxcache7backend6client5redis6clientNtB5_12RedisBackendNtNtBb_9interface12CacheBackend3len
FN:367,_RNvXsb_NtNtNtNtCshZb5Qtnh6Kg_7oxcache7backend6client5redis6clientNtB5_12RedisBackendNtNtBb_9interface12CacheBackend3set
FN:417,_RNvXsb_NtNtNtNtCshZb5Qtnh6Kg_7oxcache7backend6client5redis6clientNtB5_12RedisBackendNtNtBb_9interface12CacheBackend3ttl
FN:448,_RNvXsb_NtNtNtNtCshZb5Qtnh6Kg_7oxcache7backend6client5redis6clientNtB5_12RedisBackendNtNtBb_9interface12CacheBackend5clear
FN:496,_RNvXsb_NtNtNtNtCshZb5Qtnh6Kg_7oxcache7backend6client5redis6clientNtB5_12RedisBackendNtNtBb_9interface12CacheBackend5close
FN:509,_RNvXsb_NtNtNtNtCshZb5Qtnh6Kg_7oxcache7backend6client5redis6clientNtB5_12RedisBackendNtNtBb_9interface12CacheBackend5stats
FN:522,_RNvXsb_NtNtNtNtCshZb5Qtnh6Kg_7oxcache7backend6client5redis6clientNtB5_12RedisBackendNtNtBb_9interface12CacheBackend6as_any
FN:393,_RNvXsb_NtNtNtNtCshZb5Qtnh6Kg_7oxcache7backend6client5redis6clientNtB5_12RedisBackendNtNtBb_9interface12CacheBackend6delete
FN:405,_RNvXsb_NtNtNtNtCshZb5Qtnh6Kg_7oxcache7backend6client5redis6clientNtB5_12RedisBackendNtNtBb_9interface12CacheBackend6exists
FN:434,_RNvXsb_NtNtNtNtCshZb5Qtnh6Kg_7oxcache7backend6client5redis6clientNtB5_12RedisBackendNtNtBb_9interface12CacheBackend6expire
FN:539,_RNvXsb_NtNtNtNtCshZb5Qtnh6Kg_7oxcache7backend6client5redis6clientNtB5_12RedisBackendNtNtBb_9interface12CacheBackend8capacity
FN:564,_RNvXsb_NtNtNtNtCshZb5Qtnh6Kg_7oxcache7backend6client5redis6clientNtB5_12RedisBackendNtNtBb_9interface12CacheBackend8get_many
FN:535,_RNvXsb_NtNtNtNtCshZb5Qtnh6Kg_7oxcache7backend6client5redis6clientNtB5_12RedisBackendNtNtBb_9interface12CacheBackend8is_empty
FN:547,_RNvXsb_NtNtNtNtCshZb5Qtnh6Kg_7oxcache7backend6client5redis6clientNtB5_12RedisBackendNtNtBb_9interface12CacheBackend8set_many
FN:629,_RNCNCNvMs2_NtNtNtNtCshZb5Qtnh6Kg_7oxcache7backend6client5redis6clientNtB9_12RedisBackend8eval_lua00Cs57KwyaAliXp_11integration
FN:130,_RNCNCNvMs_NtNtNtNtCshZb5Qtnh6Kg_7oxcache7backend6client5redis6clientNtB8_12RedisBackend4ping00Cs57KwyaAliXp_11integration
FN:611,_RNCNvMs2_NtNtNtNtCshZb5Qtnh6Kg_7oxcache7backend6client5redis6clientNtB7_12RedisBackend8eval_lua0Cs57KwyaAliXp_11integration
FN:125,_RNCNvMs_NtNtNtNtCshZb5Qtnh6Kg_7oxcache7backend6client5redis6clientNtB6_12RedisBackend4ping0Cs57KwyaAliXp_11integration
FN:689,_RNCNCNvMs2_NtNtNtNtCs5wHo1olVv6Y_7oxcache7backend6client5redis6clientNtB9_12RedisBackend11script_load00Bh_
FN:629,_RNCNCNvMs2_NtNtNtNtCs5wHo1olVv6Y_7oxcache7backend6client5redis6clientNtB9_12RedisBackend8eval_lua00Bh_
FN:648,_RNCNCNvMs2_NtNtNtNtCs5wHo1olVv6Y_7oxcache7backend6client5redis6clientNtB9_12RedisBackend8eval_sha00Bh_
FN:675,_RNCNCNvMs2_NtNtNtNtCs5wHo1olVv6Y_7oxcache7backend6client5redis6clientNtB9_12RedisBackend8eval_sha0s_0Bh_
FN:130,_RNCNCNvMs_NtNtNtNtCs5wHo1olVv6Y_7oxcache7backend6client5redis6clientNtB8_12RedisBackend4ping00Bg_
FN:679,_RNCNvMs2_NtNtNtNtCs5wHo1olVv6Y_7oxcache7backend6client5redis6clientNtB7_12RedisBackend11script_load0Bf_
FN:611,_RNCNvMs2_NtNtNtNtCs5wHo1olVv6Y_7oxcache7backend6client5redis6clientNtB7_12RedisBackend8eval_lua0Bf_
FN:646,_RNCNvMs2_NtNtNtNtCs5wHo1olVv6Y_7oxcache7backend6client5redis6clientNtB7_12RedisBackend8eval_sha0Bf_
FN:73,_RNCNvMs_NtNtNtNtCs5wHo1olVv6Y_7oxcache7backend6client5redis6clientNtB6_12RedisBackend3new0Be_
FN:125,_RNCNvMs_NtNtNtNtCs5wHo1olVv6Y_7oxcache7backend6client5redis6clientNtB6_12RedisBackend4ping0Be_
FN:78,_RNCNvMs_NtNtNtNtCs5wHo1olVv6Y_7oxcache7backend6client5redis6clientNtB6_12RedisBackend9with_pool0Be_
FN:297,_RNvMs0_NtNtNtNtCs5wHo1olVv6Y_7oxcache7backend6client5redis6clientNtB5_19RedisBackendBuilder9pool_size
FN:679,_RNvMs2_NtNtNtNtCs5wHo1olVv6Y_7oxcache7backend6client5redis6clientNtB5_12RedisBackend11script_load
FN:611,_RNvMs2_NtNtNtNtCs5wHo1olVv6Y_7oxcache7backend6client5redis6clientNtB5_12RedisBackend8eval_lua
FN:646,_RNvMs2_NtNtNtNtCs5wHo1olVv6Y_7oxcache7backend6client5redis6clientNtB5_12RedisBackend8eval_sha
FN:73,_RNvMs_NtNtNtNtCs5wHo1olVv6Y_7oxcache7backend6client5redis6clientNtB4_12RedisBackend3new
FN:115,_RNvMs_NtNtNtNtCs5wHo1olVv6Y_7oxcache7backend6client5redis6clientNtB4_12RedisBackend4mode
FN:125,_RNvMs_NtNtNtNtCs5wHo1olVv6Y_7oxcache7backend6client5redis6clientNtB4_12RedisBackend4ping
FN:120,_RNvMs_NtNtNtNtCs5wHo1olVv6Y_7oxcache7backend6client5redis6clientNtB4_12RedisBackend6client
FN:78,_RNvMs_NtNtNtNtCs5wHo1olVv6Y_7oxcache7backend6client5redis6clientNtB4_12RedisBackend9with_pool
FN:43,_RNvXNtNtNtNtCs5wHo1olVv6Y_7oxcache7backend6client5redis6clientNtB2_11RedisConfigNtNtCs7dTDQl1DYhd_4core7default7Default7default
FN:600,_RNvXs1_NtNtNtNtCs5wHo1olVv6Y_7oxcache7backend6client5redis6clientNtB5_12RedisBackendNtNtBb_5score12BackendScore6as_any
FN:978,_RNvNtNtNtNtNtNtCs5wHo1olVv6Y_7oxcache7backend6client5redis6client5tests20sha_validation_tests19validate_sha_format
FN:989,_RNvNtNtNtNtNtNtCs5wHo1olVv6Y_7oxcache7backend6client5redis6client5tests20sha_validation_testss_21test_valid_sha_format
FN:1030,_RNvNtNtNtNtNtNtCs5wHo1olVv6Y_7oxcache7backend6client5redis6client5tests20sha_validation_testss_22test_invalid_sha_empty
FN:995,_RNvNtNtNtNtNtNtCs5wHo1olVv6Y_7oxcache7backend6client5redis6client5tests20sha_validation_testss_24test_valid_sha_uppercase
FN:1018,_RNvNtNtNtNtNtNtCs5wHo1olVv6Y_7oxcache7backend6client5redis6client5tests20sha_validation_testss_25test_invalid_sha_too_long
FN:1001,_RNvNtNtNtNtNtNtCs5wHo1olVv6Y_7oxcache7backend6client5redis6client5tests20sha_validation_testss_25test_valid_sha_mixed_case
FN:1007,_RNvNtNtNtNtNtNtCs5wHo1olVv6Y_7oxcache7backend6client5redis6client5tests20sha_validation_testss_26test_invalid_sha_too_short
FN:1024,_RNvNtNtNtNtNtNtCs5wHo1olVv6Y_7oxcache7backend6client5redis6client5tests20sha_validation_testss_30test_invalid_sha_non_hex_chars
FN:1036,_RNvNtNtNtNtNtNtCs5wHo1olVv6Y_7oxcache7backend6client5redis6client5tests20sha_validation_testss_30test_invalid_sha_special_chars
FN:837,_RNvNtNtNtNtNtNtCs5wHo1olVv6Y_7oxcache7backend6client5redis6client5tests14security_testss_29test_development_only_consent
FN:754,_RNvNtNtNtNtNtNtCs5wHo1olVv6Y_7oxcache7backend6client5redis6client5tests14security_testss_33test_redact_connection_string_tls
FN:722,_RNvNtNtNtNtNtNtCs5wHo1olVv6Y_7oxcache7backend6client5redis6client5tests14security_testss_43test_redact_connection_string_with_password
FN:763,_RNvNtNtNtNtNtNtCs5wHo1olVv6Y_7oxcache7backend6client5redis6client5tests14security_testss_44test_insecure_connection_rejected_by_default
FN:743,_RNvNtNtNtNtNtNtCs5wHo1olVv6Y_7oxcache7backend6client5redis6client5tests14security_testss_46test_redact_connection_string_without_password
FN:787,_RNvNtNtNtNtNtNtCs5wHo1olVv6Y_7oxcache7backend6client5redis6client5tests14security_testss_50test_insecure_connection_requires_explicit_consent
FN:732,_RNvNtNtNtNtNtNtCs5wHo1olVv6Y_7oxcache7backend6client5redis6client5tests14security_testss_52test_redact_connection_string_with_user_and_password
FN:714,_RNvNtNtNtNtNtCs5wHo1olVv6Y_7oxcache7backend6client5redis6client5tests17get_test_env_lock
FN:700,_RNvNtNtNtNtNtCs5wHo1olVv6Y_7oxcache7backend6client5redis6client5testss_23test_redis_mode_default
FN:705,_RNvNtNtNtNtNtCs5wHo1olVv6Y_7oxcache7backend6client5redis6client5testss_24test_redis_mode_variants
FN:848,_RNCNvNtNtNtNtNtNtCs5wHo1olVv6Y_7oxcache7backend6client5redis6client5tests14security_testss_29test_development_only_consent0Bf_
FN:771,_RNCNvNtNtNtNtNtNtCs5wHo1olVv6Y_7oxcache7backend6client5redis6client5tests14security_testss_44test_insecure_connection_rejected_by_default0Bf_
FN:799,_RNCNvNtNtNtNtNtNtCs5wHo1olVv6Y_7oxcache7backend6client5redis6client5tests14security_testss_50test_insecure_connection_requires_explicit_consent0Bf_
FN:812,_RNCNvNtNtNtNtNtNtCs5wHo1olVv6Y_7oxcache7backend6client5redis6client5tests14security_testss_50test_insecure_connection_requires_explicit_consents_0Bf_
FN:979,_RNCNvNtNtNtNtNtNtCs5wHo1olVv6Y_7oxcache7backend6client5redis6client5tests20sha_validation_tests19validate_sha_format0Bf_
FN:715,_RNCNvNtNtNtNtNtCs5wHo1olVv6Y_7oxcache7backend6client5redis6client5tests17get_test_env_lock0Bd_
FN:875,_RNvNtNtNtNtNtNtCs5wHo1olVv6Y_7oxcache7backend6client5redis6client5tests16lua_script_testss_30test_validate_lua_script_valid
FN:918,_RNvNtNtNtNtNtNtCs5wHo1olVv6Y_7oxcache7backend6client5redis6client5tests16lua_script_testss_33test_validate_lua_script_max_keys
FN:960,_RNvNtNtNtNtNtNtCs5wHo1olVv6Y_7oxcache7backend6client5redis6client5tests16lua_script_testss_34test_validate_lua_script_with_args
FN:907,_RNvNtNtNtNtNtNtCs5wHo1olVv6Y_7oxcache7backend6client5redis6client5tests16lua_script_testss_35test_validate_lua_script_max_length
FN:940,_RNvNtNtNtNtNtNtCs5wHo1olVv6Y_7oxcache7backend6client5redis6client5tests16lua_script_testss_38test_validate_lua_script_safe_commands
FN:928,_RNvNtNtNtNtNtNtCs5wHo1olVv6Y_7oxcache7backend6client5redis6client5tests16lua_script_testss_41test_validate_lua_script_case_insensitive
FN:889,_RNvNtNtNtNtNtNtCs5wHo1olVv6Y_7oxcache7backend6client5redis6client5tests16lua_script_testss_43test_validate_lua_script_forbidden_commands
FN:285,_RNvMs0_NtNtNtNtCs5wHo1olVv6Y_7oxcache7backend6client5redis6clientNtB5_19RedisBackendBuilder17connection_string
FN:291,_RNvMs0_NtNtNtNtCs5wHo1olVv6Y_7oxcache7backend6client5redis6clientNtB5_19RedisBackendBuilder4mode
FN:303,_RNvMs0_NtNtNtNtCs5wHo1olVv6Y_7oxcache7backend6client5redis6clientNtB5_19RedisBackendBuilder5build
FN:206,_RNvMs_NtNtNtNtCs5wHo1olVv6Y_7oxcache7backend6client5redis6clientNtB4_12RedisBackend17get_many_pipeline
FN:157,_RNvMs_NtNtNtNtCs5wHo1olVv6Y_7oxcache7backend6client5redis6clientNtB4_12RedisBackend17set_many_pipeline
FN:250,_RNvMs_NtNtNtNtCs5wHo1olVv6Y_7oxcache7backend6client5redis6clientNtB4_12RedisBackend20delete_many_pipeline
FN:97,_RNvMs_NtNtNtNtCs5wHo1olVv6Y_7oxcache7backend6client5redis6clientNtB4_12RedisBackend24redact_connection_string
FN:83,_RNvMs_NtNtNtNtCs5wHo1olVv6Y_7oxcache7backend6client5redis6clientNtB4_12RedisBackend7builder
FN:605,_RNvNtNtNtNtCs5wHo1olVv6Y_7oxcache7backend6client5redis6client19is_connection_error
FN:596,_RNvXs1_NtNtNtNtCs5wHo1olVv6Y_7oxcache7backend6client5redis6clientNtB5_12RedisBackendNtNtBb_5score12BackendScore12backend_name
FN:592,_RNvXs1_NtNtNtNtCs5wHo1olVv6Y_7oxcache7backend6client5redis6clientNtB5_12RedisBackendNtNtBb_5score12BackendScore13is_persistent
FN:588,_RNvXs1_NtNtNtNtCs5wHo1olVv6Y_7oxcache7backend6client5redis6clientNtB5_12RedisBackendNtNtBb_5score12BackendScore5score
FN:575,_RNvXsb_NtNtNtNtCs5wHo1olVv6Y_7oxcache7backend6client5redis6clientNtB5_12RedisBackendNtNtBb_9interface12CacheBackend11delete_many
FN:500,_RNvXsb_NtNtNtNtCs5wHo1olVv6Y_7oxcache7backend6client5redis6clientNtB5_12RedisBackendNtNtBb_9interface12CacheBackend12health_check
FN:355,_RNvXsb_NtNtNtNtCs5wHo1olVv6Y_7oxcache7backend6client5redis6clientNtB5_12RedisBackendNtNtBb_9interface12CacheBackend3get
FN:526,_RNvXsb_NtNtNtNtCs5wHo1olVv6Y_7oxcache7backend6client5redis6clientNtB5_12RedisBackendNtNtBb_9interface12CacheBackend3len
FN:367,_RNvXsb_NtNtNtNtCs5wHo1olVv6Y_7oxcache7backend6client5redis6clientNtB5_12RedisBackendNtNtBb_9interface12CacheBackend3set
FN:417,_RNvXsb_NtNtNtNtCs5wHo1olVv6Y_7oxcache7backend6client5redis6clientNtB5_12RedisBackendNtNtBb_9interface12CacheBackend3ttl
FN:448,_RNvXsb_NtNtNtNtCs5wHo1olVv6Y_7oxcache7backend6client5redis6clientNtB5_12RedisBackendNtNtBb_9interface12CacheBackend5clear
FN:496,_RNvXsb_NtNtNtNtCs5wHo1olVv6Y_7oxcache7backend6client5redis6clientNtB5_12RedisBackendNtNtBb_9interface12CacheBackend5close
FN:509,_RNvXsb_NtNtNtNtCs5wHo1olVv6Y_7oxcache7backend6client5redis6clientNtB5_12RedisBackendNtNtBb_9interface12CacheBackend5stats
FN:522,_RNvXsb_NtNtNtNtCs5wHo1olVv6Y_7oxcache7backend6client5redis6clientNtB5_12RedisBackendNtNtBb_9interface12CacheBackend6as_any
FN:393,_RNvXsb_NtNtNtNtCs5wHo1olVv6Y_7oxcache7backend6client5redis6clientNtB5_12RedisBackendNtNtBb_9interface12CacheBackend6delete
FN:405,_RNvXsb_NtNtNtNtCs5wHo1olVv6Y_7oxcache7backend6client5redis6clientNtB5_12RedisBackendNtNtBb_9interface12CacheBackend6exists
FN:434,_RNvXsb_NtNtNtNtCs5wHo1olVv6Y_7oxcache7backend6client5redis6clientNtB5_12RedisBackendNtNtBb_9interface12CacheBackend6expire
FN:539,_RNvXsb_NtNtNtNtCs5wHo1olVv6Y_7oxcache7backend6client5redis6clientNtB5_12RedisBackendNtNtBb_9interface12CacheBackend8capacity
FN:564,_RNvXsb_NtNtNtNtCs5wHo1olVv6Y_7oxcache7backend6client5redis6clientNtB5_12RedisBackendNtNtBb_9interface12CacheBackend8get_many
FN:535,_RNvXsb_NtNtNtNtCs5wHo1olVv6Y_7oxcache7backend6client5redis6clientNtB5_12RedisBackendNtNtBb_9interface12CacheBackend8is_empty
FN:547,_RNvXsb_NtNtNtNtCs5wHo1olVv6Y_7oxcache7backend6client5redis6clientNtB5_12RedisBackendNtNtBb_9interface12CacheBackend8set_many
FN:306,_RNCNCNvMs0_NtNtNtNtCs5wHo1olVv6Y_7oxcache7backend6client5redis6clientNtB9_19RedisBackendBuilder5build00Bh_
FN:328,_RNCNCNvMs0_NtNtNtNtCs5wHo1olVv6Y_7oxcache7backend6client5redis6clientNtB9_19RedisBackendBuilder5build0s0_0Bh_
FN:311,_RNCNCNvMs0_NtNtNtNtCs5wHo1olVv6Y_7oxcache7backend6client5redis6clientNtB9_19RedisBackendBuilder5build0s_0Bh_
FN:226,_RNCNCNvMs_NtNtNtNtCs5wHo1olVv6Y_7oxcache7backend6client5redis6clientNtB8_12RedisBackend17get_many_pipeline00Bg_
FN:180,_RNCNCNvMs_NtNtNtNtCs5wHo1olVv6Y_7oxcache7backend6client5redis6clientNtB8_12RedisBackend17set_many_pipeline00Bg_
FN:269,_RNCNCNvMs_NtNtNtNtCs5wHo1olVv6Y_7oxcache7backend6client5redis6clientNtB8_12RedisBackend20delete_many_pipeline00Bg_
FN:581,_RNCNCNvXsb_NtNtNtNtCs5wHo1olVv6Y_7oxcache7backend6client5redis6clientNtB9_12RedisBackendNtNtBf_9interface12CacheBackend11delete_many00Bh_
FN:505,_RNCNCNvXsb_NtNtNtNtCs5wHo1olVv6Y_7oxcache7backend6client5redis6clientNtB9_12RedisBackendNtNtBf_9interface12CacheBackend12health_check00Bh_
FN:363,_RNCNCNvXsb_NtNtNtNtCs5wHo1olVv6Y_7oxcache7backend6client5redis6clientNtB9_12RedisBackendNtNtBf_9interface12CacheBackend3get00Bh_
FN:531,_RNCNCNvXsb_NtNtNtNtCs5wHo1olVv6Y_7oxcache7backend6client5redis6clientNtB9_12RedisBackendNtNtBf_9interface12CacheBackend3len00Bh_
FN:380,_RNCNCNvXsb_NtNtNtNtCs5wHo1olVv6Y_7oxcache7backend6client5redis6clientNtB9_12RedisBackendNtNtBf_9interface12CacheBackend3set00Bh_
FN:387,_RNCNCNvXsb_NtNtNtNtCs5wHo1olVv6Y_7oxcache7backend6client5redis6clientNtB9_12RedisBackendNtNtBf_9interface12CacheBackend3set0s_0Bh_
FN:425,_RNCNCNvXsb_NtNtNtNtCs5wHo1olVv6Y_7oxcache7backend6client5redis6clientNtB9_12RedisBackendNtNtBf_9interface12CacheBackend3ttl00Bh_
FN:464,_RNCNCNvXsb_NtNtNtNtCs5wHo1olVv6Y_7oxcache7backend6client5redis6clientNtB9_12RedisBackendNtNtBf_9interface12CacheBackend5clear00Bh_
FN:478,_RNCNCNvXsb_NtNtNtNtCs5wHo1olVv6Y_7oxcache7backend6client5redis6clientNtB9_12RedisBackendNtNtBf_9interface12CacheBackend5clear0s_0Bh_
FN:515,_RNCNCNvXsb_NtNtNtNtCs5wHo1olVv6Y_7oxcache7backend6client5redis6clientNtB9_12RedisBackendNtNtBf_9interface12CacheBackend5stats00Bh_
FN:401,_RNCNCNvXsb_NtNtNtNtCs5wHo1olVv6Y_7oxcache7backend6client5redis6clientNtB9_12RedisBackendNtNtBf_9interface12CacheBackend6delete00Bh_
FN:413,_RNCNCNvXsb_NtNtNtNtCs5wHo1olVv6Y_7oxcache7backend6client5redis6clientNtB9_12RedisBackendNtNtBf_9interface12CacheBackend6exists00Bh_
FN:443,_RNCNCNvXsb_NtNtNtNtCs5wHo1olVv6Y_7oxcache7backend6client5redis6clientNtB9_12RedisBackendNtNtBf_9interface12CacheBackend6expire00Bh_
FN:570,_RNCNCNvXsb_NtNtNtNtCs5wHo1olVv6Y_7oxcache7backend6client5redis6clientNtB9_12RedisBackendNtNtBf_9interface12CacheBackend8get_many00Bh_
FN:555,_RNCNCNvXsb_NtNtNtNtCs5wHo1olVv6Y_7oxcache7backend6client5redis6clientNtB9_12RedisBackendNtNtBf_9interface12CacheBackend8set_many00Bh_
FN:303,_RNCNvMs0_NtNtNtNtCs5wHo1olVv6Y_7oxcache7backend6client5redis6clientNtB7_19RedisBackendBuilder5build0Bf_
FN:206,_RNCNvMs_NtNtNtNtCs5wHo1olVv6Y_7oxcache7backend6client5redis6clientNtB6_12RedisBackend17get_many_pipeline0Be_
FN:157,_RNCNvMs_NtNtNtNtCs5wHo1olVv6Y_7oxcache7backend6client5redis6clientNtB6_12RedisBackend17set_many_pipeline0Be_
FN:250,_RNCNvMs_NtNtNtNtCs5wHo1olVv6Y_7oxcache7backend6client5redis6clientNtB6_12RedisBackend20delete_many_pipeline0Be_
FN:130,_RNCNCNvMs_NtNtNtNtCshZb5Qtnh6Kg_7oxcache7backend6client5redis6clientNtB8_12RedisBackend4ping00CskGNXQw9rsRn_8security
FN:125,_RNCNvMs_NtNtNtNtCshZb5Qtnh6Kg_7oxcache7backend6client5redis6clientNtB6_12RedisBackend4ping0CskGNXQw9rsRn_8security
FNDA:0,_RNCNCNvMs_NtNtNtNtCshZb5Qtnh6Kg_7oxcache7backend6client5redis6clientNtB8_12RedisBackend4ping00Cs6rlwF7gVY2u_5chaos
FNDA:0,_RNCNvMs_NtNtNtNtCshZb5Qtnh6Kg_7oxcache7backend6client5redis6clientNtB6_12RedisBackend4ping0Cs6rlwF7gVY2u_5chaos
FNDA:0,_RNCNCNvMs2_NtNtNtNtCshZb5Qtnh6Kg_7oxcache7backend6client5redis6clientNtB9_12RedisBackend11script_load00Bh_
FNDA:0,_RNCNCNvMs2_NtNtNtNtCshZb5Qtnh6Kg_7oxcache7backend6client5redis6clientNtB9_12RedisBackend8eval_lua00Bh_
FNDA:0,_RNCNCNvMs2_NtNtNtNtCshZb5Qtnh6Kg_7oxcache7backend6client5redis6clientNtB9_12RedisBackend8eval_sha00Bh_
FNDA:0,_RNCNCNvMs2_NtNtNtNtCshZb5Qtnh6Kg_7oxcache7backend6client5redis6clientNtB9_12RedisBackend8eval_sha0s_0Bh_
FNDA:0,_RNCNCNvMs_NtNtNtNtCshZb5Qtnh6Kg_7oxcache7backend6client5redis6clientNtB8_12RedisBackend4ping00Bg_
FNDA:0,_RNCNvMs2_NtNtNtNtCshZb5Qtnh6Kg_7oxcache7backend6client5redis6clientNtB7_12RedisBackend11script_load0Bf_
FNDA:0,_RNCNvMs2_NtNtNtNtCshZb5Qtnh6Kg_7oxcache7backend6client5redis6clientNtB7_12RedisBackend8eval_lua0Bf_
FNDA:0,_RNCNvMs2_NtNtNtNtCshZb5Qtnh6Kg_7oxcache7backend6client5redis6clientNtB7_12RedisBackend8eval_sha0Bf_
FNDA:0,_RNCNvMs_NtNtNtNtCshZb5Qtnh6Kg_7oxcache7backend6client5redis6clientNtB6_12RedisBackend4ping0Be_
FNDA:0,_RNCNvMs_NtNtNtNtCshZb5Qtnh6Kg_7oxcache7backend6client5redis6clientNtB6_12RedisBackend9with_pool0Be_
FNDA:0,_RNCNCNvMs0_NtNtNtNtCshZb5Qtnh6Kg_7oxcache7backend6client5redis6clientNtB9_19RedisBackendBuilder5build00Bh_
FNDA:0,_RNCNCNvMs0_NtNtNtNtCshZb5Qtnh6Kg_7oxcache7backend6client5redis6clientNtB9_19RedisBackendBuilder5build0s0_0Bh_
FNDA:0,_RNCNCNvMs0_NtNtNtNtCshZb5Qtnh6Kg_7oxcache7backend6client5redis6clientNtB9_19RedisBackendBuilder5build0s_0Bh_
FNDA:0,_RNCNCNvMs_NtNtNtNtCshZb5Qtnh6Kg_7oxcache7backend6client5redis6clientNtB8_12RedisBackend17get_many_pipeline00Bg_
FNDA:0,_RNCNCNvMs_NtNtNtNtCshZb5Qtnh6Kg_7oxcache7backend6client5redis6clientNtB8_12RedisBackend17set_many_pipeline00Bg_
FNDA:0,_RNCNCNvMs_NtNtNtNtCshZb5Qtnh6Kg_7oxcache7backend6client5redis6clientNtB8_12RedisBackend20delete_many_pipeline00Bg_
FNDA:0,_RNCNCNvXsb_NtNtNtNtCshZb5Qtnh6Kg_7oxcache7backend6client5redis6clientNtB9_12RedisBackendNtNtBf_9interface12CacheBackend11delete_many00Bh_
FNDA:0,_RNCNCNvXsb_NtNtNtNtCshZb5Qtnh6Kg_7oxcache7backend6client5redis6clientNtB9_12RedisBackendNtNtBf_9interface12CacheBackend12health_check00Bh_
FNDA:0,_RNCNCNvXsb_NtNtNtNtCshZb5Qtnh6Kg_7oxcache7backend6client5redis6clientNtB9_12RedisBackendNtNtBf_9interface12CacheBackend3get00Bh_
FNDA:0,_RNCNCNvXsb_NtNtNtNtCshZb5Qtnh6Kg_7oxcache7backend6client5redis6clientNtB9_12RedisBackendNtNtBf_9interface12CacheBackend3len00Bh_
FNDA:0,_RNCNCNvXsb_NtNtNtNtCshZb5Qtnh6Kg_7oxcache7backend6client5redis6clientNtB9_12RedisBackendNtNtBf_9interface12CacheBackend3set00Bh_
FNDA:0,_RNCNCNvXsb_NtNtNtNtCshZb5Qtnh6Kg_7oxcache7backend6client5redis6clientNtB9_12RedisBackendNtNtBf_9interface12CacheBackend3set0s_0Bh_
FNDA:0,_RNCNCNvXsb_NtNtNtNtCshZb5Qtnh6Kg_7oxcache7backend6client5redis6clientNtB9_12RedisBackendNtNtBf_9interface12CacheBackend3ttl00Bh_
FNDA:0,_RNCNCNvXsb_NtNtNtNtCshZb5Qtnh6Kg_7oxcache7backend6client5redis6clientNtB9_12RedisBackendNtNtBf_9interface12CacheBackend5clear00Bh_
FNDA:0,_RNCNCNvXsb_NtNtNtNtCshZb5Qtnh6Kg_7oxcache7backend6client5redis6clientNtB9_12RedisBackendNtNtBf_9interface12CacheBackend5clear0s_0Bh_
FNDA:0,_RNCNCNvXsb_NtNtNtNtCshZb5Qtnh6Kg_7oxcache7backend6client5redis6clientNtB9_12RedisBackendNtNtBf_9interface12CacheBackend5stats00Bh_
FNDA:0,_RNCNCNvXsb_NtNtNtNtCshZb5Qtnh6Kg_7oxcache7backend6client5redis6clientNtB9_12RedisBackendNtNtBf_9interface12CacheBackend6delete00Bh_
FNDA:0,_RNCNCNvXsb_NtNtNtNtCshZb5Qtnh6Kg_7oxcache7backend6client5redis6clientNtB9_12RedisBackendNtNtBf_9interface12CacheBackend6exists00Bh_
FNDA:0,_RNCNCNvXsb_NtNtNtNtCshZb5Qtnh6Kg_7oxcache7backend6client5redis6clientNtB9_12RedisBackendNtNtBf_9interface12CacheBackend6expire00Bh_
FNDA:0,_RNCNCNvXsb_NtNtNtNtCshZb5Qtnh6Kg_7oxcache7backend6client5redis6clientNtB9_12RedisBackendNtNtBf_9interface12CacheBackend8get_many00Bh_
FNDA:0,_RNCNCNvXsb_NtNtNtNtCshZb5Qtnh6Kg_7oxcache7backend6client5redis6clientNtB9_12RedisBackendNtNtBf_9interface12CacheBackend8set_many00Bh_
FNDA:6,_RNCNvMs0_NtNtNtNtCshZb5Qtnh6Kg_7oxcache7backend6client5redis6clientNtB7_19RedisBackendBuilder5build0Bf_
FNDA:0,_RNCNvMs_NtNtNtNtCshZb5Qtnh6Kg_7oxcache7backend6client5redis6clientNtB6_12RedisBackend17get_many_pipeline0Be_
FNDA:0,_RNCNvMs_NtNtNtNtCshZb5Qtnh6Kg_7oxcache7backend6client5redis6clientNtB6_12RedisBackend17set_many_pipeline0Be_
FNDA:0,_RNCNvMs_NtNtNtNtCshZb5Qtnh6Kg_7oxcache7backend6client5redis6clientNtB6_12RedisBackend20delete_many_pipeline0Be_
FNDA:6,_RNCNvMs_NtNtNtNtCshZb5Qtnh6Kg_7oxcache7backend6client5redis6clientNtB6_12RedisBackend3new0Be_
FNDA:6,_RNvMs0_NtNtNtNtCshZb5Qtnh6Kg_7oxcache7backend6client5redis6clientNtB5_19RedisBackendBuilder17connection_string
FNDA:0,_RNvMs0_NtNtNtNtCshZb5Qtnh6Kg_7oxcache7backend6client5redis6clientNtB5_19RedisBackendBuilder4mode
FNDA:6,_RNvMs0_NtNtNtNtCshZb5Qtnh6Kg_7oxcache7backend6client5redis6clientNtB5_19RedisBackendBuilder5build
FNDA:0,_RNvMs0_NtNtNtNtCshZb5Qtnh6Kg_7oxcache7backend6client5redis6clientNtB5_19RedisBackendBuilder9pool_size
FNDA:0,_RNvMs2_NtNtNtNtCshZb5Qtnh6Kg_7oxcache7backend6client5redis6clientNtB5_12RedisBackend11script_load
FNDA:0,_RNvMs2_NtNtNtNtCshZb5Qtnh6Kg_7oxcache7backend6client5redis6clientNtB5_12RedisBackend8eval_lua
FNDA:0,_RNvMs2_NtNtNtNtCshZb5Qtnh6Kg_7oxcache7backend6client5redis6clientNtB5_12RedisBackend8eval_sha
FNDA:0,_RNvMs_NtNtNtNtCshZb5Qtnh6Kg_7oxcache7backend6client5redis6clientNtB4_12RedisBackend17get_many_pipeline
FNDA:0,_RNvMs_NtNtNtNtCshZb5Qtnh6Kg_7oxcache7backend6client5redis6clientNtB4_12RedisBackend17set_many_pipeline
FNDA:0,_RNvMs_NtNtNtNtCshZb5Qtnh6Kg_7oxcache7backend6client5redis6clientNtB4_12RedisBackend20delete_many_pipeline
FNDA:0,_RNvMs_NtNtNtNtCshZb5Qtnh6Kg_7oxcache7backend6client5redis6clientNtB4_12RedisBackend24redact_connection_string
FNDA:6,_RNvMs_NtNtNtNtCshZb5Qtnh6Kg_7oxcache7backend6client5redis6clientNtB4_12RedisBackend3new
FNDA:0,_RNvMs_NtNtNtNtCshZb5Qtnh6Kg_7oxcache7backend6client5redis6clientNtB4_12RedisBackend4mode
FNDA:0,_RNvMs_NtNtNtNtCshZb5Qtnh6Kg_7oxcache7backend6client5redis6clientNtB4_12RedisBackend4ping
FNDA:0,_RNvMs_NtNtNtNtCshZb5Qtnh6Kg_7oxcache7backend6client5redis6clientNtB4_12RedisBackend6client
FNDA:6,_RNvMs_NtNtNtNtCshZb5Qtnh6Kg_7oxcache7backend6client5redis6clientNtB4_12RedisBackend7builder
FNDA:0,_RNvMs_NtNtNtNtCshZb5Qtnh6Kg_7oxcache7backend6client5redis6clientNtB4_12RedisBackend9with_pool
FNDA:0,_RNvNtNtNtNtCshZb5Qtnh6Kg_7oxcache7backend6client5redis6client19is_connection_error
FNDA:0,_RNvXNtNtNtNtCshZb5Qtnh6Kg_7oxcache7backend6client5redis6clientNtB2_11RedisConfigNtNtCs7dTDQl1DYhd_4core7default7Default7default
FNDA:0,_RNvXs1_NtNtNtNtCshZb5Qtnh6Kg_7oxcache7backend6client5redis6clientNtB5_12RedisBackendNtNtBb_5score12BackendScore12backend_name
FNDA:0,_RNvXs1_NtNtNtNtCshZb5Qtnh6Kg_7oxcache7backend6client5redis6clientNtB5_12RedisBackendNtNtBb_5score12BackendScore13is_persistent
FNDA:0,_RNvXs1_NtNtNtNtCshZb5Qtnh6Kg_7oxcache7backend6client5redis6clientNtB5_12RedisBackendNtNtBb_5score12BackendScore5score
FNDA:0,_RNvXs1_NtNtNtNtCshZb5Qtnh6Kg_7oxcache7backend6client5redis6clientNtB5_12RedisBackendNtNtBb_5score12BackendScore6as_any
FNDA:0,_RNvXsb_NtNtNtNtCshZb5Qtnh6Kg_7oxcache7backend6client5redis6clientNtB5_12RedisBackendNtNtBb_9interface12CacheBackend11delete_many
FNDA:0,_RNvXsb_NtNtNtNtCshZb5Qtnh6Kg_7oxcache7backend6client5redis6clientNtB5_12RedisBackendNtNtBb_9interface12CacheBackend12health_check
FNDA:0,_RNvXsb_NtNtNtNtCshZb5Qtnh6Kg_7oxcache7backend6client5redis6clientNtB5_12RedisBackendNtNtBb_9interface12CacheBackend3get
FNDA:0,_RNvXsb_NtNtNtNtCshZb5Qtnh6Kg_7oxcache7backend6client5redis6clientNtB5_12RedisBackendNtNtBb_9interface12CacheBackend3len
FNDA:0,_RNvXsb_NtNtNtNtCshZb5Qtnh6Kg_7oxcache7backend6client5redis6clientNtB5_12RedisBackendNtNtBb_9interface12CacheBackend3set
FNDA:0,_RNvXsb_NtNtNtNtCshZb5Qtnh6Kg_7oxcache7backend6client5redis6clientNtB5_12RedisBackendNtNtBb_9interface12CacheBackend3ttl
FNDA:0,_RNvXsb_NtNtNtNtCshZb5Qtnh6Kg_7oxcache7backend6client5redis6clientNtB5_12RedisBackendNtNtBb_9interface12CacheBackend5clear
FNDA:0,_RNvXsb_NtNtNtNtCshZb5Qtnh6Kg_7oxcache7backend6client5redis6clientNtB5_12RedisBackendNtNtBb_9interface12CacheBackend5close
FNDA:0,_RNvXsb_NtNtNtNtCshZb5Qtnh6Kg_7oxcache7backend6client5redis6clientNtB5_12RedisBackendNtNtBb_9interface12CacheBackend5stats
FNDA:0,_RNvXsb_NtNtNtNtCshZb5Qtnh6Kg_7oxcache7backend6client5redis6clientNtB5_12RedisBackendNtNtBb_9interface12CacheBackend6as_any
FNDA:0,_RNvXsb_NtNtNtNtCshZb5Qtnh6Kg_7oxcache7backend6client5redis6clientNtB5_12RedisBackendNtNtBb_9interface12CacheBackend6delete
FNDA:0,_RNvXsb_NtNtNtNtCshZb5Qtnh6Kg_7oxcache7backend6client5redis6clientNtB5_12RedisBackendNtNtBb_9interface12CacheBackend6exists
FNDA:0,_RNvXsb_NtNtNtNtCshZb5Qtnh6Kg_7oxcache7backend6client5redis6clientNtB5_12RedisBackendNtNtBb_9interface12CacheBackend6expire
FNDA:0,_RNvXsb_NtNtNtNtCshZb5Qtnh6Kg_7oxcache7backend6client5redis6clientNtB5_12RedisBackendNtNtBb_9interface12CacheBackend8capacity
FNDA:0,_RNvXsb_NtNtNtNtCshZb5Qtnh6Kg_7oxcache7backend6client5redis6clientNtB5_12RedisBackendNtNtBb_9interface12CacheBackend8get_many
FNDA:0,_RNvXsb_NtNtNtNtCshZb5Qtnh6Kg_7oxcache7backend6client5redis6clientNtB5_12RedisBackendNtNtBb_9interface12CacheBackend8is_empty
FNDA:0,_RNvXsb_NtNtNtNtCshZb5Qtnh6Kg_7oxcache7backend6client5redis6clientNtB5_12RedisBackendNtNtBb_9interface12CacheBackend8set_many
FNDA:0,_RNCNCNvMs2_NtNtNtNtCshZb5Qtnh6Kg_7oxcache7backend6client5redis6clientNtB9_12RedisBackend8eval_lua00Cs57KwyaAliXp_11integration
FNDA:0,_RNCNCNvMs_NtNtNtNtCshZb5Qtnh6Kg_7oxcache7backend6client5redis6clientNtB8_12RedisBackend4ping00Cs57KwyaAliXp_11integration
FNDA:0,_RNCNvMs2_NtNtNtNtCshZb5Qtnh6Kg_7oxcache7backend6client5redis6clientNtB7_12RedisBackend8eval_lua0Cs57KwyaAliXp_11integration
FNDA:0,_RNCNvMs_NtNtNtNtCshZb5Qtnh6Kg_7oxcache7backend6client5redis6clientNtB6_12RedisBackend4ping0Cs57KwyaAliXp_11integration
FNDA:0,_RNCNCNvMs2_NtNtNtNtCs5wHo1olVv6Y_7oxcache7backend6client5redis6clientNtB9_12RedisBackend11script_load00Bh_
FNDA:0,_RNCNCNvMs2_NtNtNtNtCs5wHo1olVv6Y_7oxcache7backend6client5redis6clientNtB9_12RedisBackend8eval_lua00Bh_
FNDA:0,_RNCNCNvMs2_NtNtNtNtCs5wHo1olVv6Y_7oxcache7backend6client5redis6clientNtB9_12RedisBackend8eval_sha00Bh_
FNDA:0,_RNCNCNvMs2_NtNtNtNtCs5wHo1olVv6Y_7oxcache7backend6client5redis6clientNtB9_12RedisBackend8eval_sha0s_0Bh_
FNDA:0,_RNCNCNvMs_NtNtNtNtCs5wHo1olVv6Y_7oxcache7backend6client5redis6clientNtB8_12RedisBackend4ping00Bg_
FNDA:0,_RNCNvMs2_NtNtNtNtCs5wHo1olVv6Y_7oxcache7backend6client5redis6clientNtB7_12RedisBackend11script_load0Bf_
FNDA:0,_RNCNvMs2_NtNtNtNtCs5wHo1olVv6Y_7oxcache7backend6client5redis6clientNtB7_12RedisBackend8eval_lua0Bf_
FNDA:0,_RNCNvMs2_NtNtNtNtCs5wHo1olVv6Y_7oxcache7backend6client5redis6clientNtB7_12RedisBackend8eval_sha0Bf_
FNDA:0,_RNCNvMs_NtNtNtNtCs5wHo1olVv6Y_7oxcache7backend6client5redis6clientNtB6_12RedisBackend3new0Be_
FNDA:0,_RNCNvMs_NtNtNtNtCs5wHo1olVv6Y_7oxcache7backend6client5redis6clientNtB6_12RedisBackend4ping0Be_
FNDA:0,_RNCNvMs_NtNtNtNtCs5wHo1olVv6Y_7oxcache7backend6client5redis6clientNtB6_12RedisBackend9with_pool0Be_
FNDA:0,_RNvMs0_NtNtNtNtCs5wHo1olVv6Y_7oxcache7backend6client5redis6clientNtB5_19RedisBackendBuilder9pool_size
FNDA:0,_RNvMs2_NtNtNtNtCs5wHo1olVv6Y_7oxcache7backend6client5redis6clientNtB5_12RedisBackend11script_load
FNDA:0,_RNvMs2_NtNtNtNtCs5wHo1olVv6Y_7oxcache7backend6client5redis6clientNtB5_12RedisBackend8eval_lua
FNDA:0,_RNvMs2_NtNtNtNtCs5wHo1olVv6Y_7oxcache7backend6client5redis6clientNtB5_12RedisBackend8eval_sha
FNDA:0,_RNvMs_NtNtNtNtCs5wHo1olVv6Y_7oxcache7backend6client5redis6clientNtB4_12RedisBackend3new
FNDA:0,_RNvMs_NtNtNtNtCs5wHo1olVv6Y_7oxcache7backend6client5redis6clientNtB4_12RedisBackend4mode
FNDA:0,_RNvMs_NtNtNtNtCs5wHo1olVv6Y_7oxcache7backend6client5redis6clientNtB4_12RedisBackend4ping
FNDA:0,_RNvMs_NtNtNtNtCs5wHo1olVv6Y_7oxcache7backend6client5redis6clientNtB4_12RedisBackend6client
FNDA:0,_RNvMs_NtNtNtNtCs5wHo1olVv6Y_7oxcache7backend6client5redis6clientNtB4_12RedisBackend9with_pool
FNDA:0,_RNvXNtNtNtNtCs5wHo1olVv6Y_7oxcache7backend6client5redis6clientNtB2_11RedisConfigNtNtCs7dTDQl1DYhd_4core7default7Default7default
FNDA:0,_RNvXs1_NtNtNtNtCs5wHo1olVv6Y_7oxcache7backend6client5redis6clientNtB5_12RedisBackendNtNtBb_5score12BackendScore6as_any
FNDA:8,_RNvNtNtNtNtNtNtCs5wHo1olVv6Y_7oxcache7backend6client5redis6client5tests20sha_validation_tests19validate_sha_format
FNDA:1,_RNvNtNtNtNtNtNtCs5wHo1olVv6Y_7oxcache7backend6client5redis6client5tests20sha_validation_testss_21test_valid_sha_format
FNDA:1,_RNvNtNtNtNtNtNtCs5wHo1olVv6Y_7oxcache7backend6client5redis6client5tests20sha_validation_testss_22test_invalid_sha_empty
FNDA:1,_RNvNtNtNtNtNtNtCs5wHo1olVv6Y_7oxcache7backend6client5redis6client5tests20sha_validation_testss_24test_valid_sha_uppercase
FNDA:1,_RNvNtNtNtNtNtNtCs5wHo1olVv6Y_7oxcache7backend6client5redis6client5tests20sha_validation_testss_25test_invalid_sha_too_long
FNDA:1,_RNvNtNtNtNtNtNtCs5wHo1olVv6Y_7oxcache7backend6client5redis6client5tests20sha_validation_testss_25test_valid_sha_mixed_case
FNDA:1,_RNvNtNtNtNtNtNtCs5wHo1olVv6Y_7oxcache7backend6client5redis6client5tests20sha_validation_testss_26test_invalid_sha_too_short
FNDA:1,_RNvNtNtNtNtNtNtCs5wHo1olVv6Y_7oxcache7backend6client5redis6client5tests20sha_validation_testss_30test_invalid_sha_non_hex_chars
FNDA:1,_RNvNtNtNtNtNtNtCs5wHo1olVv6Y_7oxcache7backend6client5redis6client5tests20sha_validation_testss_30test_invalid_sha_special_chars
FNDA:1,_RNvNtNtNtNtNtNtCs5wHo1olVv6Y_7oxcache7backend6client5redis6client5tests14security_testss_29test_development_only_consent
FNDA:1,_RNvNtNtNtNtNtNtCs5wHo1olVv6Y_7oxcache7backend6client5redis6client5tests14security_testss_33test_redact_connection_string_tls
FNDA:1,_RNvNtNtNtNtNtNtCs5wHo1olVv6Y_7oxcache7backend6client5redis6client5tests14security_testss_43test_redact_connection_string_with_password
FNDA:1,_RNvNtNtNtNtNtNtCs5wHo1olVv6Y_7oxcache7backend6client5redis6client5tests14security_testss_44test_insecure_connection_rejected_by_default
FNDA:1,_RNvNtNtNtNtNtNtCs5wHo1olVv6Y_7oxcache7backend6client5redis6client5tests14security_testss_46test_redact_connection_string_without_password
FNDA:1,_RNvNtNtNtNtNtNtCs5wHo1olVv6Y_7oxcache7backend6client5redis6client5tests14security_testss_50test_insecure_connection_requires_explicit_consent
FNDA:1,_RNvNtNtNtNtNtNtCs5wHo1olVv6Y_7oxcache7backend6client5redis6client5tests14security_testss_52test_redact_connection_string_with_user_and_password
FNDA:3,_RNvNtNtNtNtNtCs5wHo1olVv6Y_7oxcache7backend6client5redis6client5tests17get_test_env_lock
FNDA:1,_RNvNtNtNtNtNtCs5wHo1olVv6Y_7oxcache7backend6client5redis6client5testss_23test_redis_mode_default
FNDA:1,_RNvNtNtNtNtNtCs5wHo1olVv6Y_7oxcache7backend6client5redis6client5testss_24test_redis_mode_variants
FNDA:1,_RNCNvNtNtNtNtNtNtCs5wHo1olVv6Y_7oxcache7backend6client5redis6client5tests14security_testss_29test_development_only_consent0Bf_
FNDA:1,_RNCNvNtNtNtNtNtNtCs5wHo1olVv6Y_7oxcache7backend6client5redis6client5tests14security_testss_44test_insecure_connection_rejected_by_default0Bf_
FNDA:1,_RNCNvNtNtNtNtNtNtCs5wHo1olVv6Y_7oxcache7backend6client5redis6client5tests14security_testss_50test_insecure_connection_requires_explicit_consent0Bf_
[...]
DA:408,100
DA:409,100
DA:410,100
DA:413,0
DA:414,0
DA:415,0
DA:418,0
DA:419,0
DA:420,0
DA:423,0
DA:424,0
DA:425,0
DA:428,2
DA:429,2
DA:430,2
DA:433,0
DA:434,0
DA:435,0
DA:438,0
DA:439,0
DA:440,0
DA:443,1
DA:444,1
DA:446,1
DA:447,1
DA:448,1
DA:451,1
DA:452,1
DA:453,1
DA:461,1
DA:462,1
DA:465,80
DA:466,80
DA:467,80
DA:468,20
DA:469,20
DA:470,20
DA:472,1
DA:473,1
DA:474,1
DA:477,1
DA:478,1
DA:479,1
DA:480,1
DA:481,1
DA:482,1
DA:483,1
DA:486,1
DA:489,90
DA:490,90
DA:491,90
DA:492,10
DA:493,10
DA:494,10
DA:495,1
DA:498,1
DA:499,30
DA:500,30
DA:501,30
DA:502,70
DA:503,70
DA:504,70
DA:505,1
DA:506,1
DA:509,1
DA:510,1
DA:513,1
DA:514,1
DA:515,1
DA:516,1
DA:519,1000
DA:520,1
DA:521,1
DA:522,1
DA:525,1
DA:526,1
DA:527,1
DA:528,1
DA:529,1
DA:530,1
DA:532,1
DA:533,1
DA:534,1
DA:537,1
DA:538,1
DA:539,1
DA:540,1
DA:541,1
DA:542,1
DA:543,1
DA:546,1
DA:547,1
DA:550,1
DA:551,1
DA:552,1
DA:555,1
DA:556,1
DA:559,80
DA:560,80
DA:561,80
DA:562,20
DA:563,20
DA:564,20
DA:567,1
DA:568,1
DA:569,1
DA:570,1
DA:571,1
DA:574,1
DA:575,1
DA:577,1
DA:578,1
DA:579,1
DA:580,1
DA:581,1
DA:583,1
DA:585,1
DA:586,1
DA:587,1
BRF:0
BRH:0
LF:313
LH:280
end_of_record
SF:/home/dev/projects/oxcache/src/sync/warmup.rs
FN:61,_RNvNtNtNtCs5wHo1olVv6Y_7oxcache4sync6warmup5testss_27test_warmup_config_defaults
FN:91,_RNvNtNtNtCs5wHo1olVv6Y_7oxcache4sync6warmup5testss_27test_warmup_status_creation
FN:106,_RNvNtNtNtCs5wHo1olVv6Y_7oxcache4sync6warmup5testss_29test_warmup_status_with_error
FN:70,_RNvNtNtNtCs5wHo1olVv6Y_7oxcache4sync6warmup5testss_32test_warmup_config_custom_values
FN:85,_RNvNtNtNtCs5wHo1olVv6Y_7oxcache4sync6warmup5testss_32test_warmup_data_source_defaults
FNDA:1,_RNvNtNtNtCs5wHo1olVv6Y_7oxcache4sync6warmup5testss_27test_warmup_config_defaults
FNDA:1,_RNvNtNtNtCs5wHo1olVv6Y_7oxcache4sync6warmup5testss_27test_warmup_status_creation
FNDA:1,_RNvNtNtNtCs5wHo1olVv6Y_7oxcache4sync6warmup5testss_29test_warmup_status_with_error
FNDA:1,_RNvNtNtNtCs5wHo1olVv6Y_7oxcache4sync6warmup5testss_32test_warmup_config_custom_values
FNDA:1,_RNvNtNtNtCs5wHo1olVv6Y_7oxcache4sync6warmup5testss_32test_warmup_data_source_defaults
FNF:5
FNH:5
DA:61,1
DA:62,1
DA:63,1
DA:64,1
DA:65,1
DA:66,1
DA:67,1
DA:70,1
DA:71,1
DA:72,1
DA:73,1
DA:74,1
DA:75,1
DA:76,1
DA:78,1
DA:79,1
DA:80,1
DA:81,1
DA:82,1
DA:85,1
DA:86,1
DA:87,1
DA:88,1
DA:91,1
DA:92,1
DA:93,1
DA:94,1
DA:95,1
DA:96,1
DA:97,1
DA:99,1
DA:100,1
DA:101,1
DA:102,1
DA:103,1
DA:106,1
DA:107,1
DA:108,1
DA:109,1
DA:110,1
DA:111,1
DA:112,1
DA:114,1
DA:115,1
DA:116,1
DA:117,1
DA:118,1
DA:119,1
BRF:0
BRH:0
LF:48
LH:48
end_of_record
SF:/home/dev/projects/oxcache/src/telemetry.rs
FN:26,_RNvNtCshZb5Qtnh6Kg_7oxcache9telemetry12init_tracing
FN:26,_RNvNtCs5wHo1olVv6Y_7oxcache9telemetry12init_tracing
FNDA:0,_RNvNtCshZb5Qtnh6Kg_7oxcache9telemetry12init_tracing
FNDA:0,_RNvNtCs5wHo1olVv6Y_7oxcache9telemetry12init_tracing
FNF:1
FNH:0
DA:26,0
DA:28,0
DA:35,0
DA:39,0
DA:42,0
DA:44,0
DA:47,0
DA:50,0
DA:55,0
DA:56,0
BRF:0
BRH:0
LF:10
LH:0
end_of_record
SF:/home/dev/projects/oxcache/src/testing/mock.rs
FN:38,_RNvMNtNtCs5wHo1olVv6Y_7oxcache7testing4mockNtB2_11MockBackend9with_data
FN:57,_RNvXs_NtNtCs5wHo1olVv6Y_7oxcache7testing4mockNtB4_11MockBackendNtNtNtB8_7backend5score12BackendScore6as_any
FN:28,_RNvMNtNtCs5wHo1olVv6Y_7oxcache7testing4mockNtB2_11MockBackend3new
FN:105,_RNvXs0_NtNtCs5wHo1olVv6Y_7oxcache7testing4mockNtB5_11MockBackendNtNtNtB9_7backend9interface12CacheBackend12health_check
FN:65,_RNvXs0_NtNtCs5wHo1olVv6Y_7oxcache7testing4mockNtB5_11MockBackendNtNtNtB9_7backend9interface12CacheBackend3get
FN:119,_RNvXs0_NtNtCs5wHo1olVv6Y_7oxcache7testing4mockNtB5_11MockBackendNtNtNtB9_7backend9interface12CacheBackend3len
FN:70,_RNvXs0_NtNtCs5wHo1olVv6Y_7oxcache7testing4mockNtB5_11MockBackendNtNtNtB9_7backend9interface12CacheBackend3set
FN:97,_RNvXs0_NtNtCs5wHo1olVv6Y_7oxcache7testing4mockNtB5_11MockBackendNtNtNtB9_7backend9interface12CacheBackend3ttl
FN:87,_RNvXs0_NtNtCs5wHo1olVv6Y_7oxcache7testing4mockNtB5_11MockBackendNtNtNtB9_7backend9interface12CacheBackend5clear
FN:93,_RNvXs0_NtNtCs5wHo1olVv6Y_7oxcache7testing4mockNtB5_11MockBackendNtNtNtB9_7backend9interface12CacheBackend5close
FN:109,_RNvXs0_NtNtCs5wHo1olVv6Y_7oxcache7testing4mockNtB5_11MockBackendNtNtNtB9_7backend9interface12CacheBackend5stats
FN:115,_RNvXs0_NtNtCs5wHo1olVv6Y_7oxcache7testing4mockNtB5_11MockBackendNtNtNtB9_7backend9interface12CacheBackend6as_any
FN:76,_RNvXs0_NtNtCs5wHo1olVv6Y_7oxcache7testing4mockNtB5_11MockBackendNtNtNtB9_7backend9interface12CacheBackend6delete
FN:82,_RNvXs0_NtNtCs5wHo1olVv6Y_7oxcache7testing4mockNtB5_11MockBackendNtNtNtB9_7backend9interface12CacheBackend6exists
FN:101,_RNvXs0_NtNtCs5wHo1olVv6Y_7oxcache7testing4mockNtB5_11MockBackendNtNtNtB9_7backend9interface12CacheBackend6expire
FN:129,_RNvXs0_NtNtCs5wHo1olVv6Y_7oxcache7testing4mockNtB5_11MockBackendNtNtNtB9_7backend9interface12CacheBackend8capacity
FN:124,_RNvXs0_NtNtCs5wHo1olVv6Y_7oxcache7testing4mockNtB5_11MockBackendNtNtNtB9_7backend9interface12CacheBackend8is_empty
FN:53,_RNvXs_NtNtCs5wHo1olVv6Y_7oxcache7testing4mockNtB4_11MockBackendNtNtNtB8_7backend5score12BackendScore12backend_name
FN:49,_RNvXs_NtNtCs5wHo1olVv6Y_7oxcache7testing4mockNtB4_11MockBackendNtNtNtB8_7backend5score12BackendScore13is_persistent
FN:45,_RNvXs_NtNtCs5wHo1olVv6Y_7oxcache7testing4mockNtB4_11MockBackendNtNtNtB8_7backend5score12BackendScore5score
FNDA:0,_RNvMNtNtCs5wHo1olVv6Y_7oxcache7testing4mockNtB2_11MockBackend9with_data
FNDA:0,_RNvXs_NtNtCs5wHo1olVv6Y_7oxcache7testing4mockNtB4_11MockBackendNtNtNtB8_7backend5score12BackendScore6as_any
FNDA:17,_RNvMNtNtCs5wHo1olVv6Y_7oxcache7testing4mockNtB2_11MockBackend3new
FNDA:1,_RNvXs0_NtNtCs5wHo1olVv6Y_7oxcache7testing4mockNtB5_11MockBackendNtNtNtB9_7backend9interface12CacheBackend12health_check
FNDA:5,_RNvXs0_NtNtCs5wHo1olVv6Y_7oxcache7testing4mockNtB5_11MockBackendNtNtNtB9_7backend9interface12CacheBackend3get
FNDA:0,_RNvXs0_NtNtCs5wHo1olVv6Y_7oxcache7testing4mockNtB5_11MockBackendNtNtNtB9_7backend9interface12CacheBackend3len
FNDA:7,_RNvXs0_NtNtCs5wHo1olVv6Y_7oxcache7testing4mockNtB5_11MockBackendNtNtNtB9_7backend9interface12CacheBackend3set
FNDA:0,_RNvXs0_NtNtCs5wHo1olVv6Y_7oxcache7testing4mockNtB5_11MockBackendNtNtNtB9_7backend9interface12CacheBackend3ttl
FNDA:0,_RNvXs0_NtNtCs5wHo1olVv6Y_7oxcache7testing4mockNtB5_11MockBackendNtNtNtB9_7backend9interface12CacheBackend5clear
FNDA:0,_RNvXs0_NtNtCs5wHo1olVv6Y_7oxcache7testing4mockNtB5_11MockBackendNtNtNtB9_7backend9interface12CacheBackend5close
FNDA:1,_RNvXs0_NtNtCs5wHo1olVv6Y_7oxcache7testing4mockNtB5_11MockBackendNtNtNtB9_7backend9interface12CacheBackend5stats
FNDA:0,_RNvXs0_NtNtCs5wHo1olVv6Y_7oxcache7testing4mockNtB5_11MockBackendNtNtNtB9_7backend9interface12CacheBackend6as_any
FNDA:3,_RNvXs0_NtNtCs5wHo1olVv6Y_7oxcache7testing4mockNtB5_11MockBackendNtNtNtB9_7backend9interface12CacheBackend6delete
FNDA:5,_RNvXs0_NtNtCs5wHo1olVv6Y_7oxcache7testing4mockNtB5_11MockBackendNtNtNtB9_7backend9interface12CacheBackend6exists
FNDA:0,_RNvXs0_NtNtCs5wHo1olVv6Y_7oxcache7testing4mockNtB5_11MockBackendNtNtNtB9_7backend9interface12CacheBackend6expire
FNDA:0,_RNvXs0_NtNtCs5wHo1olVv6Y_7oxcache7testing4mockNtB5_11MockBackendNtNtNtB9_7backend9interface12CacheBackend8capacity
FNDA:0,_RNvXs0_NtNtCs5wHo1olVv6Y_7oxcache7testing4mockNtB5_11MockBackendNtNtNtB9_7backend9interface12CacheBackend8is_empty
FNDA:11,_RNvXs_NtNtCs5wHo1olVv6Y_7oxcache7testing4mockNtB4_11MockBackendNtNtNtB8_7backend5score12BackendScore12backend_name
FNDA:11,_RNvXs_NtNtCs5wHo1olVv6Y_7oxcache7testing4mockNtB4_11MockBackendNtNtNtB8_7backend5score12BackendScore13is_persistent
FNDA:11,_RNvXs_NtNtCs5wHo1olVv6Y_7oxcache7testing4mockNtB4_11MockBackendNtNtNtB8_7backend5score12BackendScore5score
FNF:20
FNH:10
DA:28,17
DA:29,17
DA:30,17
DA:31,17
DA:32,17
DA:33,17
DA:34,17
DA:35,17
DA:38,0
DA:39,0
DA:40,0
DA:45,11
DA:46,11
DA:47,11
DA:49,11
DA:50,11
DA:51,11
DA:53,11
DA:54,11
DA:55,11
DA:57,0
DA:58,0
DA:59,0
DA:65,5
DA:68,5
DA:70,7
DA:74,7
DA:76,3
DA:80,3
DA:82,5
DA:85,5
DA:87,0
DA:91,0
DA:93,0
DA:95,0
DA:97,0
DA:99,0
DA:101,0
DA:103,0
DA:105,1
DA:107,1
DA:109,1
DA:113,1
DA:115,0
DA:116,0
DA:117,0
DA:119,0
DA:122,0
DA:124,0
DA:127,0
DA:129,0
DA:131,0
BRF:0
BRH:0
LF:52
LH:29
end_of_record
SF:/home/dev/projects/oxcache/src/traits/cache_key.rs
FN:54,_RNvXNtNtCshZb5Qtnh6Kg_7oxcache6traits9cache_keyNtNtCsdB7fS8jepxw_5alloc6string6StringNtB2_8CacheKey13to_key_string
FN:66,_RNvXs0_NtNtCshZb5Qtnh6Kg_7oxcache6traits9cache_keyyNtB5_8CacheKey13to_key_string
FN:72,_RNvXs1_NtNtCshZb5Qtnh6Kg_7oxcache6traits9cache_keyoNtB5_8CacheKey13to_key_string
FN:78,_RNvXs2_NtNtCshZb5Qtnh6Kg_7oxcache6traits9cache_keyxNtB5_8CacheKey13to_key_string
FN:84,_RNvXs3_NtNtCshZb5Qtnh6Kg_7oxcache6traits9cache_keylNtB5_8CacheKey13to_key_string
FN:90,_RNvXs4_NtNtCshZb5Qtnh6Kg_7oxcache6traits9cache_keymNtB5_8CacheKey13to_key_string
FN:96,_RNvXs5_NtNtCshZb5Qtnh6Kg_7oxcache6traits9cache_keyjNtB5_8CacheKey13to_key_string
FN:102,_RNvXs6_NtNtCshZb5Qtnh6Kg_7oxcache6traits9cache_keyiNtB5_8CacheKey13to_key_string
FN:60,_RNvXs_NtNtCshZb5Qtnh6Kg_7oxcache6traits9cache_keyReNtB4_8CacheKey13to_key_string
FN:84,_RNvXs3_NtNtCs5wHo1olVv6Y_7oxcache6traits9cache_keylNtB5_8CacheKey13to_key_string
FN:90,_RNvXs4_NtNtCs5wHo1olVv6Y_7oxcache6traits9cache_keymNtB5_8CacheKey13to_key_string
FN:96,_RNvXs5_NtNtCs5wHo1olVv6Y_7oxcache6traits9cache_keyjNtB5_8CacheKey13to_key_string
FN:102,_RNvXs6_NtNtCs5wHo1olVv6Y_7oxcache6traits9cache_keyiNtB5_8CacheKey13to_key_string
FN:66,_RNvXs0_NtNtCs5wHo1olVv6Y_7oxcache6traits9cache_keyyNtB5_8CacheKey13to_key_string
FN:72,_RNvXs1_NtNtCs5wHo1olVv6Y_7oxcache6traits9cache_keyoNtB5_8CacheKey13to_key_string
FN:78,_RNvXs2_NtNtCs5wHo1olVv6Y_7oxcache6traits9cache_keyxNtB5_8CacheKey13to_key_string
FN:60,_RNvXs_NtNtCs5wHo1olVv6Y_7oxcache6traits9cache_keyReNtB4_8CacheKey13to_key_string
FN:54,_RNvXNtNtCs5wHo1olVv6Y_7oxcache6traits9cache_keyNtNtCsdB7fS8jepxw_5alloc6string6StringNtB2_8CacheKey13to_key_string
FN:130,_RNvNtNtNtCs5wHo1olVv6Y_7oxcache6traits9cache_key5testss_12test_i64_key
FN:118,_RNvNtNtNtCs5wHo1olVv6Y_7oxcache6traits9cache_key5testss_12test_str_key
FN:124,_RNvNtNtNtCs5wHo1olVv6Y_7oxcache6traits9cache_key5testss_12test_u64_key
FN:136,_RNvNtNtNtCs5wHo1olVv6Y_7oxcache6traits9cache_key5testss_13test_u128_key
FN:112,_RNvNtNtNtCs5wHo1olVv6Y_7oxcache6traits9cache_key5testss_15test_string_key
FNDA:85494,_RNvXNtNtCshZb5Qtnh6Kg_7oxcache6traits9cache_keyNtNtCsdB7fS8jepxw_5alloc6string6StringNtB2_8CacheKey13to_key_string
FNDA:5,_RNvXs0_NtNtCshZb5Qtnh6Kg_7oxcache6traits9cache_keyyNtB5_8CacheKey13to_key_string
FNDA:1,_RNvXs1_NtNtCshZb5Qtnh6Kg_7oxcache6traits9cache_keyoNtB5_8CacheKey13to_key_string
FNDA:5,_RNvXs2_NtNtCshZb5Qtnh6Kg_7oxcache6traits9cache_keyxNtB5_8CacheKey13to_key_string
FNDA:1,_RNvXs3_NtNtCshZb5Qtnh6Kg_7oxcache6traits9cache_keylNtB5_8CacheKey13to_key_string
FNDA:1,_RNvXs4_NtNtCshZb5Qtnh6Kg_7oxcache6traits9cache_keymNtB5_8CacheKey13to_key_string
FNDA:2,_RNvXs5_NtNtCshZb5Qtnh6Kg_7oxcache6traits9cache_keyjNtB5_8CacheKey13to_key_string
FNDA:1,_RNvXs6_NtNtCshZb5Qtnh6Kg_7oxcache6traits9cache_keyiNtB5_8CacheKey13to_key_string
FNDA:3,_RNvXs_NtNtCshZb5Qtnh6Kg_7oxcache6traits9cache_keyReNtB4_8CacheKey13to_key_string
FNDA:0,_RNvXs3_NtNtCs5wHo1olVv6Y_7oxcache6traits9cache_keylNtB5_8CacheKey13to_key_string
FNDA:0,_RNvXs4_NtNtCs5wHo1olVv6Y_7oxcache6traits9cache_keymNtB5_8CacheKey13to_key_string
FNDA:0,_RNvXs5_NtNtCs5wHo1olVv6Y_7oxcache6traits9cache_keyjNtB5_8CacheKey13to_key_string
FNDA:0,_RNvXs6_NtNtCs5wHo1olVv6Y_7oxcache6traits9cache_keyiNtB5_8CacheKey13to_key_string
FNDA:1,_RNvXs0_NtNtCs5wHo1olVv6Y_7oxcache6traits9cache_keyyNtB5_8CacheKey13to_key_string
FNDA:1,_RNvXs1_NtNtCs5wHo1olVv6Y_7oxcache6traits9cache_keyoNtB5_8CacheKey13to_key_string
FNDA:1,_RNvXs2_NtNtCs5wHo1olVv6Y_7oxcache6traits9cache_keyxNtB5_8CacheKey13to_key_string
FNDA:1,_RNvXs_NtNtCs5wHo1olVv6Y_7oxcache6traits9cache_keyReNtB4_8CacheKey13to_key_string
FNDA:21,_RNvXNtNtCs5wHo1olVv6Y_7oxcache6traits9cache_keyNtNtCsdB7fS8jepxw_5alloc6string6StringNtB2_8CacheKey13to_key_string
FNDA:1,_RNvNtNtNtCs5wHo1olVv6Y_7oxcache6traits9cache_key5testss_12test_i64_key
FNDA:1,_RNvNtNtNtCs5wHo1olVv6Y_7oxcache6traits9cache_key5testss_12test_str_key
FNDA:1,_RNvNtNtNtCs5wHo1olVv6Y_7oxcache6traits9cache_key5testss_12test_u64_key
FNDA:1,_RNvNtNtNtCs5wHo1olVv6Y_7oxcache6traits9cache_key5testss_13test_u128_key
FNDA:1,_RNvNtNtNtCs5wHo1olVv6Y_7oxcache6traits9cache_key5testss_15test_string_key
FNF:14
FNH:14
DA:54,85515
DA:55,85515
DA:56,85515
DA:60,4
DA:61,4
DA:62,4
DA:66,6
DA:67,6
DA:68,6
DA:72,2
DA:73,2
DA:74,2
DA:78,6
DA:79,6
DA:80,6
DA:84,1
DA:85,1
DA:86,1
DA:90,1
DA:91,1
DA:92,1
DA:96,2
DA:97,2
DA:98,2
DA:102,1
DA:103,1
DA:104,1
DA:112,1
DA:113,1
DA:114,1
DA:115,1
DA:118,1
DA:119,1
DA:120,1
DA:121,1
DA:124,1
DA:125,1
DA:126,1
DA:127,1
DA:130,1
DA:131,1
DA:132,1
DA:133,1
DA:136,1
DA:137,1
DA:138,1
DA:139,1
BRF:0
BRH:0
LF:47
LH:47
end_of_record
SF:/home/dev/projects/oxcache/src/traits/cacheable.rs
FN:57,_RNvNtNtNtCs5wHo1olVv6Y_7oxcache6traits9cacheable5testss_20test_cacheable_trait
FNDA:1,_RNvNtNtNtCs5wHo1olVv6Y_7oxcache6traits9cacheable5testss_20test_cacheable_trait
FNF:1
FNH:1
DA:57,1
DA:58,1
DA:60,1
DA:61,1
BRF:0
BRH:0
LF:4
LH:4
end_of_record
SF:/home/dev/projects/oxcache/src/utils/key_generator.rs
FN:84,_RNvMs_NtNtCshZb5Qtnh6Kg_7oxcache5utils13key_generatorNtB4_12KeyGenerator11with_prefix
FN:152,_RNvMs_NtNtCshZb5Qtnh6Kg_7oxcache5utils13key_generatorNtB4_12KeyGenerator12apply_prefix
FN:161,_RNvMs_NtNtCshZb5Qtnh6Kg_7oxcache5utils13key_generatorNtB4_12KeyGenerator12validate_key
FN:145,_RNvMs_NtNtCshZb5Qtnh6Kg_7oxcache5utils13key_generatorNtB4_12KeyGenerator13generate_full
FN:205,_RNvMs_NtNtCshZb5Qtnh6Kg_7oxcache5utils13key_generatorNtB4_12KeyGenerator14namespaced_key
FN:93,_RNvMs_NtNtCshZb5Qtnh6Kg_7oxcache5utils13key_generatorNtB4_12KeyGenerator14with_namespace
FN:99,_RNvMs_NtNtCshZb5Qtnh6Kg_7oxcache5utils13key_generatorNtB4_12KeyGenerator15with_prefix_str
FN:105,_RNvMs_NtNtCshZb5Qtnh6Kg_7oxcache5utils13key_generatorNtB4_12KeyGenerator19with_max_key_length
FN:184,_RNvMs_NtNtCshZb5Qtnh6Kg_7oxcache5utils13key_generatorNtB4_12KeyGenerator20generate_fingerprint
FN:112,_RNvMs_NtNtCshZb5Qtnh6Kg_7oxcache5utils13key_generatorNtB4_12KeyGenerator20with_eviction_policy
FN:65,_RNvMs_NtNtCshZb5Qtnh6Kg_7oxcache5utils13key_generatorNtB4_12KeyGenerator3new
FN:135,_RNvMs_NtNtCshZb5Qtnh6Kg_7oxcache5utils13key_generatorNtB4_12KeyGenerator8generate
FN:192,_RNvMs_NtNtCshZb5Qtnh6Kg_7oxcache5utils13key_generatorNtB4_12KeyGenerator9normalize
FN:56,_RNvXNtNtCshZb5Qtnh6Kg_7oxcache5utils13key_generatorNtB2_12KeyGeneratorNtNtCs7dTDQl1DYhd_4core7default7Default7default
FN:84,_RNvMs_NtNtCs5wHo1olVv6Y_7oxcache5utils13key_generatorNtB4_12KeyGenerator11with_prefix
FN:152,_RNvMs_NtNtCs5wHo1olVv6Y_7oxcache5utils13key_generatorNtB4_12KeyGenerator12apply_prefix
FN:161,_RNvMs_NtNtCs5wHo1olVv6Y_7oxcache5utils13key_generatorNtB4_12KeyGenerator12validate_key
FN:145,_RNvMs_NtNtCs5wHo1olVv6Y_7oxcache5utils13key_generatorNtB4_12KeyGenerator13generate_full
FN:205,_RNvMs_NtNtCs5wHo1olVv6Y_7oxcache5utils13key_generatorNtB4_12KeyGenerator14namespaced_key
FN:93,_RNvMs_NtNtCs5wHo1olVv6Y_7oxcache5utils13key_generatorNtB4_12KeyGenerator14with_namespace
FN:99,_RNvMs_NtNtCs5wHo1olVv6Y_7oxcache5utils13key_generatorNtB4_12KeyGenerator15with_prefix_str
FN:105,_RNvMs_NtNtCs5wHo1olVv6Y_7oxcache5utils13key_generatorNtB4_12KeyGenerator19with_max_key_length
FN:184,_RNvMs_NtNtCs5wHo1olVv6Y_7oxcache5utils13key_generatorNtB4_12KeyGenerator20generate_fingerprint
FN:112,_RNvMs_NtNtCs5wHo1olVv6Y_7oxcache5utils13key_generatorNtB4_12KeyGenerator20with_eviction_policy
FN:65,_RNvMs_NtNtCs5wHo1olVv6Y_7oxcache5utils13key_generatorNtB4_12KeyGenerator3new
FN:135,_RNvMs_NtNtCs5wHo1olVv6Y_7oxcache5utils13key_generatorNtB4_12KeyGenerator8generate
FN:192,_RNvMs_NtNtCs5wHo1olVv6Y_7oxcache5utils13key_generatorNtB4_12KeyGenerator9normalize
FN:56,_RNvXNtNtCs5wHo1olVv6Y_7oxcache5utils13key_generatorNtB2_12KeyGeneratorNtNtCs7dTDQl1DYhd_4core7default7Default7default
FNDA:1,_RNvMs_NtNtCshZb5Qtnh6Kg_7oxcache5utils13key_generatorNtB4_12KeyGenerator11with_prefix
FNDA:6,_RNvMs_NtNtCshZb5Qtnh6Kg_7oxcache5utils13key_generatorNtB4_12KeyGenerator12apply_prefix
FNDA:14,_RNvMs_NtNtCshZb5Qtnh6Kg_7oxcache5utils13key_generatorNtB4_12KeyGenerator12validate_key
FNDA:6,_RNvMs_NtNtCshZb5Qtnh6Kg_7oxcache5utils13key_generatorNtB4_12KeyGenerator13generate_full
FNDA:8,_RNvMs_NtNtCshZb5Qtnh6Kg_7oxcache5utils13key_generatorNtB4_12KeyGenerator14namespaced_key
FNDA:5,_RNvMs_NtNtCshZb5Qtnh6Kg_7oxcache5utils13key_generatorNtB4_12KeyGenerator14with_namespace
FNDA:2,_RNvMs_NtNtCshZb5Qtnh6Kg_7oxcache5utils13key_generatorNtB4_12KeyGenerator15with_prefix_str
FNDA:2,_RNvMs_NtNtCshZb5Qtnh6Kg_7oxcache5utils13key_generatorNtB4_12KeyGenerator19with_max_key_length
FNDA:0,_RNvMs_NtNtCshZb5Qtnh6Kg_7oxcache5utils13key_generatorNtB4_12KeyGenerator20generate_fingerprint
FNDA:0,_RNvMs_NtNtCshZb5Qtnh6Kg_7oxcache5utils13key_generatorNtB4_12KeyGenerator20with_eviction_policy
FNDA:19,_RNvMs_NtNtCshZb5Qtnh6Kg_7oxcache5utils13key_generatorNtB4_12KeyGenerator3new
FNDA:12,_RNvMs_NtNtCshZb5Qtnh6Kg_7oxcache5utils13key_generatorNtB4_12KeyGenerator8generate
FNDA:0,_RNvMs_NtNtCshZb5Qtnh6Kg_7oxcache5utils13key_generatorNtB4_12KeyGenerator9normalize
FNDA:1,_RNvXNtNtCshZb5Qtnh6Kg_7oxcache5utils13key_generatorNtB2_12KeyGeneratorNtNtCs7dTDQl1DYhd_4core7default7Default7default
FNDA:0,_RNvMs_NtNtCs5wHo1olVv6Y_7oxcache5utils13key_generatorNtB4_12KeyGenerator11with_prefix
FNDA:0,_RNvMs_NtNtCs5wHo1olVv6Y_7oxcache5utils13key_generatorNtB4_12KeyGenerator12apply_prefix
FNDA:0,_RNvMs_NtNtCs5wHo1olVv6Y_7oxcache5utils13key_generatorNtB4_12KeyGenerator12validate_key
FNDA:0,_RNvMs_NtNtCs5wHo1olVv6Y_7oxcache5utils13key_generatorNtB4_12KeyGenerator13generate_full
FNDA:0,_RNvMs_NtNtCs5wHo1olVv6Y_7oxcache5utils13key_generatorNtB4_12KeyGenerator14namespaced_key
FNDA:0,_RNvMs_NtNtCs5wHo1olVv6Y_7oxcache5utils13key_generatorNtB4_12KeyGenerator14with_namespace
FNDA:0,_RNvMs_NtNtCs5wHo1olVv6Y_7oxcache5utils13key_generatorNtB4_12KeyGenerator15with_prefix_str
FNDA:0,_RNvMs_NtNtCs5wHo1olVv6Y_7oxcache5utils13key_generatorNtB4_12KeyGenerator19with_max_key_length
FNDA:0,_RNvMs_NtNtCs5wHo1olVv6Y_7oxcache5utils13key_generatorNtB4_12KeyGenerator20generate_fingerprint
FNDA:0,_RNvMs_NtNtCs5wHo1olVv6Y_7oxcache5utils13key_generatorNtB4_12KeyGenerator20with_eviction_policy
FNDA:0,_RNvMs_NtNtCs5wHo1olVv6Y_7oxcache5utils13key_generatorNtB4_12KeyGenerator3new
FNDA:0,_RNvMs_NtNtCs5wHo1olVv6Y_7oxcache5utils13key_generatorNtB4_12KeyGenerator8generate
FNDA:0,_RNvMs_NtNtCs5wHo1olVv6Y_7oxcache5utils13key_generatorNtB4_12KeyGenerator9normalize
FNDA:0,_RNvXNtNtCs5wHo1olVv6Y_7oxcache5utils13key_generatorNtB2_12KeyGeneratorNtNtCs7dTDQl1DYhd_4core7default7Default7default
FNF:14
FNH:11
DA:56,1
DA:57,1
DA:58,1
DA:65,19
DA:66,19
DA:67,19
DA:68,19
DA:69,19
DA:70,19
DA:71,19
DA:84,1
DA:85,1
DA:86,1
DA:87,1
DA:88,1
DA:89,1
DA:90,1
DA:93,5
DA:94,5
DA:95,5
DA:96,5
DA:99,2
DA:100,2
DA:101,2
DA:102,2
DA:105,2
DA:106,2
DA:107,2
DA:108,2
DA:112,0
DA:114,0
DA:115,0
DA:135,12
DA:136,12
DA:137,12
DA:138,8
DA:139,8
DA:140,8
DA:141,12
DA:142,12
DA:145,6
DA:146,6
DA:147,6
DA:148,6
DA:149,6
DA:152,6
DA:153,6
DA:154,3
DA:156,3
DA:158,6
DA:161,14
DA:162,14
DA:163,1
DA:164,13
DA:165,13
DA:166,1
DA:167,1
DA:168,1
DA:169,1
DA:170,12
DA:171,122
DA:172,122
DA:173,4
DA:174,4
DA:175,4
DA:176,4
DA:177,118
DA:179,8
DA:180,14
DA:184,0
DA:185,0
DA:186,0
DA:187,0
DA:188,0
DA:192,0
DA:193,0
DA:194,0
DA:195,0
DA:197,0
DA:198,0
DA:199,0
DA:200,0
DA:202,0
DA:205,8
DA:206,8
DA:207,3
DA:209,5
DA:211,8
BRF:0
BRH:0
LF:88
LH:71
end_of_record
SF:/home/dev/projects/oxcache/src/utils/mod.rs
FN:20,_RNvNtCshZb5Qtnh6Kg_7oxcache5utils18validate_cache_key
FN:20,_RNvNtCs5wHo1olVv6Y_7oxcache5utils18validate_cache_key
FNDA:10,_RNvNtCshZb5Qtnh6Kg_7oxcache5utils18validate_cache_key
FNDA:0,_RNvNtCs5wHo1olVv6Y_7oxcache5utils18validate_cache_key
FNF:1
FNH:1
DA:20,10
DA:21,10
DA:22,1
DA:23,9
DA:25,9
DA:26,1
DA:27,1
DA:28,1
DA:29,1
DA:30,1
DA:31,8
DA:33,63
DA:34,63
DA:35,2
DA:36,2
DA:37,2
DA:38,2
DA:39,61
DA:42,6
DA:43,10
BRF:0
BRH:0
LF:20
LH:20
end_of_record
